<?xml version="1.0" encoding="UTF-8"?>
<!-- Generated by org.testng.reporters.JUnitXMLReporter -->
<testsuite ignored="4" hostname="LAPTOP-8USUBBG6" failures="0" tests="1" name="Default test" time="13.682" errors="0" timestamp="2023-12-17T22:07:41 IST">
  <testcase classname="api.test.RestfulBookerTest" name="test_getBookingByIds" time="13.653"/>
  <testcase classname="api.test.RestfulBookerTest" name="test_getBookingById" time="0.0">
    <ignored/>
  </testcase> <!-- test_getBookingById -->
  <testcase classname="api.test.RestfulBookerTest" name="test_createBooking" time="0.0">
    <ignored/>
  </testcase> <!-- test_createBooking -->
  <testcase classname="api.test.RestfulBookerTest" name="patchBooking" time="0.0">
    <ignored/>
  </testcase> <!-- patchBooking -->
  <testcase classname="api.test.RestfulBookerTest" name="test_createToken" time="0.0">
    <ignored/>
  </testcase> <!-- test_createToken -->
</testsuite> <!-- Default test -->
