<?xml version="1.0" encoding="UTF-8"?>
<!-- Generated by org.testng.reporters.JUnitXMLReporter -->
<testsuite ignored="0" hostname="LAPTOP-8USUBBG6" failures="0" tests="3" name="Default test" time="16.122" errors="0" timestamp="2023-12-05T23:52:34 IST">
  <testcase classname="api.test.BookTest" name="test_createBook" time="4.282"/>
  <testcase classname="api.test.BookTest" name="test_getAllBooks" time="9.4"/>
  <testcase classname="api.test.BookTest" name="test_updateBook" time="2.397"/>
</testsuite> <!-- Default test -->
