<?xml version="1.0" encoding="UTF-8"?>
<!-- Generated by org.testng.reporters.JUnitXMLReporter -->
<testsuite ignored="0" hostname="LAPTOP-8USUBBG6" failures="0" tests="8" name="Test" time="52.117" errors="0" timestamp="2023-12-17T22:10:06 IST">
  <testcase classname="api.test.BookTest" name="test_createBook" time="3.602"/>
  <testcase classname="api.test.BookTest" name="test_getAllBooks" time="19.814"/>
  <testcase classname="api.test.BookTest" name="test_updateBook" time="0.929"/>
  <testcase classname="api.test.RestfulBookerTest" name="test_getBookingByIds" time="16.919"/>
  <testcase classname="api.test.RestfulBookerTest" name="test_createToken" time="3.362"/>
  <testcase classname="api.test.RestfulBookerTest" name="test_getBookingById" time="2.39"/>
  <testcase classname="api.test.RestfulBookerTest" name="test_createBooking" time="2.888"/>
  <testcase classname="api.test.RestfulBookerTest" name="patchBooking" time="1.973"/>
</testsuite> <!-- Test -->
