<?xml version="1.0" encoding="UTF-8"?>
<!-- Generated by org.testng.reporters.JUnitXMLReporter -->
<testsuite ignored="0" hostname="LAPTOP-8USUBBG6" failures="0" tests="3" name="Test" time="22.65" errors="0" timestamp="2023-12-06T15:47:26 IST">
  <testcase classname="api.test.BookTest" name="test_createBook" time="8.953"/>
  <testcase classname="api.test.BookTest" name="test_getAllBooks" time="7.877"/>
  <testcase classname="api.test.BookTest" name="test_updateBook" time="5.54"/>
</testsuite> <!-- Test -->
