<?xml version="1.0" encoding="UTF-8"?>
<!-- Generated by org.testng.reporters.JUnitXMLReporter -->
<testsuite ignored="0" hostname="LAPTOP-8USUBBG6" failures="0" tests="8" name="Test" time="30.487" errors="0" timestamp="2023-12-17T22:12:40 IST">
  <testcase classname="api.test.BookTest" name="test_createBook" time="3.151"/>
  <testcase classname="api.test.BookTest" name="test_getAllBooks" time="8.967"/>
  <testcase classname="api.test.BookTest" name="test_updateBook" time="0.862"/>
  <testcase classname="api.test.RestfulBookerTest" name="test_getBookingByIds" time="7.297"/>
  <testcase classname="api.test.RestfulBookerTest" name="test_createToken" time="1.57"/>
  <testcase classname="api.test.RestfulBookerTest" name="test_getBookingById" time="2.634"/>
  <testcase classname="api.test.RestfulBookerTest" name="test_createBooking" time="3.617"/>
  <testcase classname="api.test.RestfulBookerTest" name="patchBooking" time="2.084"/>
</testsuite> <!-- Test -->
