<?xml version="1.0" encoding="UTF-8"?>
<!-- Generated by org.testng.reporters.JUnitXMLReporter -->
<testsuite ignored="0" hostname="LAPTOP-8USUBBG6" failures="0" tests="11" name="Test" time="47.799" errors="0" timestamp="2023-12-20T22:47:50 IST">
  <testcase classname="api.test.BookTest" name="test_createBook" time="3.548"/>
  <testcase classname="api.test.BookTest" name="test_getAllBooks" time="25.763"/>
  <testcase classname="api.test.BookTest" name="test_updateBook" time="1.176"/>
  <testcase classname="api.test.RestfulBookerTest" name="test_getBookingByIds" time="2.027"/>
  <testcase classname="api.test.RestfulBookerTest" name="test_createToken" time="1.852"/>
  <testcase classname="api.test.RestfulBookerTest" name="test_getBookingById" time="1.831"/>
  <testcase classname="api.test.RestfulBookerTest" name="test_createBooking" time="1.684"/>
  <testcase classname="api.test.RestfulBookerTest" name="patchBooking" time="1.627"/>
  <testcase classname="api.test.RestfulBookerTest" name="test_dataDrivenCreateBooking" time="1.9"/>
  <testcase classname="api.test.RegressionTest" name="testGetStatusCode" time="1.758"/>
  <testcase classname="api.test.RegressionTest" name="testJsonSchemaVerify" time="2.179"/>
</testsuite> <!-- Test -->
