<?xml version="1.0" encoding="UTF-8"?>
<testsuite xmlns:xsi="http://www.w3.org/2001/XMLSchema-instance" xsi:noNamespaceSchemaLocation="https://maven.apache.org/surefire/maven-surefire-plugin/xsd/surefire-test-report-3.0.xsd" version="3.0" name="TestSuite" time="72.219" tests="9" errors="0" skipped="0" failures="0">
  <properties>
[...]
</properties>
  <testcase name="test_createBook" classname="api.test.BookTest" time="3.207">
    <system-out><![CDATA[Random Number in Range: 487
HTTP/1.1 200 OK
Content-Type: application/json; charset=utf-8; v=1.0
Date: Mon, 18 Dec 2023 15:02:38 GMT
Server: Kestrel
Transfer-Encoding: chunked
api-supported-versions: 1.0

{
    "id": 487,
    "title": "Marvis",
    "description": "VonRueden",
    "pageCount": 408,
    "excerpt": "lorrine.huel@hotmail.com",
    "publishDate": "2025-10-05T15:02:46.6465312+00:00"
}
487
<-----------All Assertion passed----->
]]></system-out>
    <system-err><![CDATA[SLF4J: No SLF4J providers were found.
SLF4J: Defaulting to no-operation (NOP) logger implementation
SLF4J: See https://www.slf4j.org/codes.html#noProviders for further details.
]]></system-err>
  </testcase>
  <testcase name="test_getAllBooks" classname="api.test.BookTest" time="38.932">
    <system-out><![CDATA[HTTP/1.1 200 OK
Content-Type: application/json; charset=utf-8; v=1.0
Date: Mon, 18 Dec 2023 15:02:40 GMT
Server: Kestrel
Transfer-Encoding: chunked
api-supported-versions: 1.0

[
    {
        "id": 1,
        "title": "Book 1",
        "description": "Et facer nonumy et possim labore erat amet. Gubergren erat dolores sit dolore sea. Duis veniam amet volutpat accusam est ipsum nostrud eirmod sed ea accusam. Erat dolores justo mazim et dolor. Sit takimata ea feugiat rebum et sed sadipscing. Aliquyam dolore stet iusto sit dolor ipsum elit tation dolores et tempor sit illum commodo justo hendrerit sed. Sadipscing invidunt in voluptua autem justo et vulputate. Et et eos consequat kasd dolor enim consequat ipsum duis nonummy dolore justo. Ut consequat ipsum ipsum amet sanctus vel. Et eros amet amet vero nonummy consectetuer dolore molestie ipsum tincidunt. Dolores vel consetetur praesent diam te dolor. Amet sed eu iusto vero ex nulla sed duis nobis et et kasd et amet augue eum at exerci. Clita diam stet. Facilisis et et duo elitr justo no eos est illum stet consetetur sed. At sadipscing et. Invidunt invidunt sed sed eos rebum sit dolore et ut. Ea nonumy gubergren et eirmod magna laoreet magna sed eirmod diam elitr veniam rebum clita facilisi est qui et.\n",
        "pageCount": 100,
        "excerpt": "Ea tempor nisl voluptua sit ut consetetur sanctus ad dolor commodo elitr accusam takimata sit. Erat vero adipiscing amet clita magna sit gubergren sadipscing vel sadipscing clita iusto amet nulla est. Rebum et ut at diam invidunt sit et at iriure aliquam imperdiet labore no. Amet hendrerit diam dolore et. Diam labore diam in et justo elitr adipiscing gubergren invidunt ea consetetur nihil. Takimata gubergren kasd magna tempor esse ipsum diam tation nulla eos. Eos et clita dolor qui ut nonumy voluptua. Lorem amet dolore takimata. Lorem labore in nisl suscipit tempor volutpat et amet no tincidunt accusam eos duis et iusto. Sit amet et nonummy vulputate magna et duo aliquyam est odio commodo eros. Erat praesent dignissim dolor qui doming sit lorem sit no justo et. Nulla kasd clita dolore sadipscing clita ipsum duis. Blandit suscipit illum eos eros assum diam magna amet dolores elitr. Delenit lorem lorem gubergren. Diam id aliquip amet rebum sed accusam ipsum facilisis invidunt justo tincidunt vero. Aliquam dolor iriure rebum et est stet ut erat diam rebum no eos. Hendrerit no clita sea consequat facilisis consetetur sed kasd diam eos rebum sed consequat et blandit quis.\nUt ex elitr sed nonumy lorem sanctus kasd sed dolor clita. Est ea sadipscing takimata praesent elitr kasd diam dolor et nonumy in tempor quis invidunt erat tempor. Augue erat at vulputate labore eum consectetuer molestie et lorem. Erat et magna lorem lorem duo. Et diam consectetuer consetetur ex amet. Delenit no duo lorem commodo blandit sed ut aliquam wisi et. Dolores sit blandit nonumy erat et takimata sit consequat dolor rebum hendrerit amet mazim. Nulla feugiat sit ipsum dolor congue amet nulla labore ut dolore eos justo dolore. Ea illum et eros sit dolore eu eirmod odio vero in consetetur consetetur eum clita. Lorem sanctus sit ea erat tempor lorem justo clita et. Esse est rebum sit takimata volutpat tempor odio luptatum at takimata placerat. Dolor in aliquyam erat lorem tempor sit clita accusam sadipscing iriure. Eos diam et nonummy et dolor rebum sed sadipscing ipsum et at diam tempor duis hendrerit diam dolore luptatum. Et tempor dolores takimata facilisi aliquam et sadipscing et autem ad clita. Aliquyam labore aliquyam et sed enim sed iriure ad.\nTation velit dolore soluta sea. Et quis amet ipsum ea invidunt justo gubergren invidunt consectetuer magna iusto sanctus ipsum ea. Sanctus sit invidunt kasd accusam duis. Molestie eos justo et luptatum amet. Dolor illum ut. Vero lorem amet est sit lorem amet. Voluptua ut dolor consequat sea dolores et. Dolore at eu voluptua clita sadipscing augue hendrerit. Autem dolor stet sadipscing duo dolor aliquam odio voluptua eum duis accusam aliquam. Liber accusam amet est nostrud vulputate tempor dolore velit labore amet ut et zzril sadipscing clita magna invidunt. Magna congue sit vero velit exerci praesent consequat amet dolore nulla nobis erat illum. Kasd est voluptua tempor invidunt dolor lorem dolore nulla invidunt gubergren dolore quis justo sanctus stet clita no duis. Magna ex dolor sea dolor amet consetetur eirmod ipsum. Et lorem ut dolor. In invidunt sadipscing nonumy et vero dolor consetetur tempor diam. Lorem tincidunt accusam justo rebum elitr ut sadipscing ut. Takimata dolor sed diam sea dolores tempor kasd lorem velit diam. Lorem vero doming invidunt accusam labore.\nNo gubergren lorem diam sed molestie et et nobis et justo nonummy elitr rebum elit. Ipsum lorem et iriure gubergren dolores labore esse et et clita dolor placerat amet et stet et. Dolores dolor dolor ut lorem elitr amet et consetetur consequat aliquip diam exerci invidunt sanctus. Labore sanctus est amet dolor elitr vero kasd sea justo et et.\nNisl sanctus facilisis elitr dolor et gubergren duo lorem at dolore illum. Tempor labore dolor feugiat diam duo aliquyam kasd amet no consectetuer ipsum vero lorem elitr sed. Accusam aliquyam dolor accusam sadipscing ea. Dolores aliquyam sed. Dolores at magna assum rebum ipsum takimata diam in est amet dolores in autem eirmod dolor erat. Eos erat sed nonumy blandit aliquam aliquyam. Sit dolore lobortis praesent.\n",
        "publishDate": "2023-12-17T15:02:40.6686148+00:00"
    },
    {
        "id": 2,
        "title": "Book 2",
        "description": "Nonumy ut amet vero sanctus. Sanctus lorem dolor lorem sanctus consetetur euismod enim sadipscing amet velit dolor nonumy dolore ut lorem ipsum. Takimata consetetur lobortis kasd. Augue elitr eos sed eos amet lobortis consequat rebum duo magna nobis vulputate. Voluptua dolores at dolor ut magna takimata. Dolor tincidunt vulputate vero diam. Duo dolores ut exerci eos et wisi takimata amet ipsum nobis et cum euismod consetetur dolore sea amet erat. Voluptua gubergren enim sit vero vero no in diam aliquyam lorem praesent est et sed duis. Elitr tincidunt lobortis et et ipsum et augue. Et dolor minim vulputate ut sadipscing sit takimata takimata sea ea nonumy ut magna sit. Consectetuer ipsum et et. Sed sit dolor ea illum esse mazim sit. Sed iriure dolor sed. Dolores ipsum ipsum diam eu voluptua vel aliquam nonumy sed elit. Sit et sed dolor amet lobortis facilisis praesent elitr sit minim laoreet invidunt takimata lorem in amet. Lobortis dignissim consetetur takimata invidunt quis ipsum vero lorem duis invidunt feugiat takimata ex ipsum nulla nonumy in kasd. Sed eirmod et elitr et molestie luptatum amet eum.\n",
        "pageCount": 200,
        "excerpt": "Takimata justo et possim at sit velit erat autem lorem voluptua. Dolore adipiscing sed amet clita justo eros. Stet nulla doming diam ut ipsum. Gubergren et dolor ad amet. Erat aliquyam no duo ea at elit duo clita amet justo ea lorem nonumy. Wisi diam liber ipsum et. Hendrerit consetetur vero nonummy justo diam. Erat vero lorem molestie gubergren invidunt aliquam ut et voluptua dolor nostrud dolor justo labore ipsum diam amet. No diam hendrerit dolor quis aliquam molestie amet velit ex ea aliquam erat.\nDiam justo ut ea sanctus dolores invidunt diam amet ipsum lobortis nisl. Dolores diam dolor ea justo in. Est et illum eirmod invidunt. Dolor ipsum lorem aliquyam nonumy amet takimata facilisis aliquyam dolore clita kasd aliquyam consectetuer. Feugiat diam et dolor clita quis. Erat accusam ipsum diam vulputate ipsum magna justo odio aliquyam erat nibh et diam diam vulputate at accusam. At diam vero labore nisl.\nClita dolor esse autem. Eos minim consequat ipsum nonummy esse invidunt clita sea dolore consetetur consetetur praesent dolore dolor ut in lorem takimata. Magna dolor hendrerit clita amet sanctus duo vero. Molestie nonumy magna sea gubergren nonumy. Rebum nonumy dolor invidunt nonumy no sanctus diam sadipscing stet enim consequat lorem sea in eirmod magna est est. Diam eos lorem odio dolores autem erat accusam sadipscing no tempor placerat sadipscing. Eirmod congue ipsum ea lobortis et elitr veniam duo. Vero feugiat dolor consetetur aliquyam magna labore dolor sanctus vel eirmod aliquyam. Ipsum eos nulla aliquyam vel. Delenit dolor diam sadipscing vero accusam consetetur dolore rebum. Kasd duo elit est vulputate ipsum nisl kasd blandit sed et aliquyam. Dolor eu takimata ipsum at aliquam eu amet elitr at sea est tempor dolor lorem erat diam tempor. Invidunt luptatum accumsan lorem diam amet aliquyam sit dolor stet stet euismod sit wisi quod feugait. Dolores voluptua lorem vel qui tincidunt invidunt sadipscing diam sit justo dolores zzril. Ad est iusto consetetur et diam erat. Duis amet iusto vulputate et aliquyam eum stet lorem. Nam nonumy clita dolores iusto liber sit voluptua duo est duo lorem consetetur et nonumy. Enim dolore elitr dolore vero vel ipsum et tation ea voluptua sed elitr vel ea diam minim euismod facilisis. Iusto doming kasd dolores nostrud gubergren sed elitr ipsum adipiscing diam dolor sit ipsum.\nEst facilisis est. Diam eum eu takimata elit et. Vero eos ullamcorper dolor justo justo. Elitr et elitr sed stet ea eirmod gubergren. Et tation est sed aliquyam dolor sadipscing eos sit et et sea gubergren et no suscipit invidunt at ipsum. Sit kasd lorem amet et dolor at congue congue praesent sed est diam luptatum. Magna at gubergren consequat iriure lorem molestie aliquip. Ut nisl et takimata labore dignissim iusto lobortis labore eros labore euismod. Est sanctus doming justo amet eum labore aliquyam et duis minim nulla consetetur. Magna diam takimata lorem magna rebum tempor dolor molestie sed justo enim sadipscing amet. Et amet dolore dolore at lorem lorem dolor takimata tempor diam et eirmod. Sea odio nihil diam sea et eum diam aliquam invidunt eros cum sea vulputate et lorem lorem duis. Sed stet rebum aliquyam amet duo diam sed at justo duo diam wisi amet erat nulla. Hendrerit tincidunt lorem eirmod ut sadipscing. Imperdiet diam at sit illum invidunt lorem nonumy gubergren amet no sanctus consetetur et invidunt et magna congue. Hendrerit diam ea erat duo erat. Elitr rebum at erat ut at dolor sit soluta est kasd ea delenit diam et aliquyam magna.\nLobortis duo et eirmod praesent eos nonumy amet. No dolore clita laoreet labore et euismod justo rebum magna consetetur. Velit voluptua vero erat kasd luptatum. Feugiat amet at. Sea sed possim rebum no doming sea eos amet dolor eirmod elitr accusam. Sea feugiat et erat sadipscing elit lorem. Diam et takimata gubergren sanctus sanctus at lorem justo sanctus qui feugiat tempor amet minim lorem. Vero takimata sea lorem nonumy ipsum labore odio. Odio amet magna accusam dolor nostrud esse luptatum eirmod duo. Lorem velit dolore feugiat. Et et sed lorem at stet eirmod at nulla amet kasd diam clita facilisis takimata mazim nam. Justo accumsan et feugiat molestie gubergren no accusam vero consetetur consequat invidunt eos.\n",
        "publishDate": "2023-12-16T15:02:40.6687296+00:00"
    },
    {
        "id": 3,
        "title": "Book 3",
        "description": "Vero takimata dolore elitr magna stet suscipit nulla stet quis ipsum lorem vel aliquip eros gubergren. Sanctus invidunt labore sed at vulputate erat erat gubergren tempor velit kasd dolor. Sadipscing accusam stet eirmod aliquam. Option laoreet sed diam sadipscing invidunt. Vel kasd justo dolor zzril praesent ea quod accusam tempor invidunt ipsum dolores molestie nibh hendrerit vero ut. Ut takimata gubergren elitr nonummy magna lorem illum et dignissim kasd. Dolor facilisi lorem dolor et vulputate dolor no diam. Dolor est ipsum vero laoreet accusam nonumy justo invidunt feugiat in iriure dolor et. Et vero lorem. Duo kasd et gubergren eos nonumy nulla vel. Consetetur lorem at eros consetetur ipsum feugiat eos takimata duo sed nobis doming stet ut ipsum aliquyam. Nam elitr ut amet volutpat ipsum ut sed. Vero autem et eirmod dolores accumsan kasd id accusam takimata dolore ipsum ipsum sit magna diam est aliquyam gubergren. Dolor nam illum sit labore ipsum tincidunt facilisis consetetur amet. Erat dolores tempor est sed dolores aliquyam vero diam dolore eirmod ea diam lorem no lobortis diam. Cum clita duo sanctus dignissim sed duo ea est et rebum amet lobortis ex accusam et erat. Kasd vel mazim aliquyam at sanctus et sanctus stet placerat in ipsum. Rebum labore et exerci. Sadipscing eos ipsum.\n",
        "pageCount": 300,
        "excerpt": "Stet sed euismod gubergren diam aliquyam tempor consetetur euismod amet sed kasd hendrerit eros vero. Duis justo stet illum amet mazim dolore delenit dolore et erat sed et eirmod. Eirmod tation autem at sit. Aliquyam diam diam diam nihil clita takimata sit soluta nostrud adipiscing. Ut elit erat duo esse voluptua diam no voluptua diam kasd sit sit kasd. Adipiscing delenit justo ipsum ipsum takimata justo aliquip labore. Nulla diam eum. Blandit ea at ad laoreet dolore euismod rebum. Duo et eirmod. Facilisi justo nonumy at aliquyam. Sanctus amet amet no clita consectetuer sed ea aliquyam. Dolore amet clita dolor clita no clita lobortis takimata diam congue et. Duis lorem dolore kasd ad clita consequat velit kasd duis dolor accumsan lorem dolore ut stet.\nUt duis sed nobis et no dolore. Dolore takimata vero vulputate vero eirmod sed sadipscing amet gubergren consequat. Consequat ipsum delenit duis. Dolor kasd et no sanctus diam sed facilisis nonummy dolore molestie justo lorem illum molestie. Ea consequat nulla rebum in sit gubergren sit diam dolor at illum invidunt dolor facilisis magna. Magna velit voluptua placerat in elitr erat sit sea et sanctus accusam lorem amet dolor stet.\nInvidunt eirmod vel quis autem vero lobortis dolore diam dolor gubergren nulla. Diam odio eos duo sed diam exerci quod aliquip nihil consectetuer duis sanctus lorem stet. Lorem iriure duo magna sed eos in ipsum vel sed assum eirmod lobortis odio. In amet dolor sit luptatum feugiat. Nam invidunt aliquyam at. Feugait labore erat et ipsum sed vel diam vero. Minim velit stet diam dolor dolores amet vero et ut labore. Elitr dolore est dolores magna accumsan ea.\nSit ipsum justo justo justo iusto elit clita veniam stet magna et erat nisl illum nonumy. Sed praesent odio stet at nonumy dignissim. Sea no et duo kasd. At labore rebum clita amet. No aliquam eu sit tempor sea et dolor magna stet diam aliquip autem hendrerit nihil et ipsum ea. Stet labore clita kasd facilisis exerci dolor. Tempor vulputate tempor adipiscing sed dolor iriure erat nonummy. Tempor at ut sit dolore nulla sit dolore invidunt dolor tempor at elitr dolore sadipscing. Qui gubergren ea exerci lorem tation aliquip justo rebum. Consetetur sit wisi cum luptatum nostrud et diam autem sadipscing sed nonummy molestie ut ea diam sed gubergren. Ut consectetuer est facilisi tation ex labore amet et ipsum ipsum accusam sadipscing tempor aliquip. Wisi ea dolore vulputate accumsan labore lorem et ut vero nonumy amet sed mazim rebum dolore no et feugiat. In dolor sea ipsum dolore erat lorem feugait consectetuer ipsum. No erat sit. Suscipit nulla accusam nonummy sed gubergren nisl eos tempor dolore tation lorem autem eirmod lorem. Et diam sanctus delenit erat iriure nulla sea nulla labore. Praesent ad in aliquyam zzril tincidunt sanctus diam lorem magna. Iriure gubergren dolore ad et quis sadipscing at ut aliquyam sit.\nEx accumsan voluptua dolores no augue. Sit amet eros nonumy at eu adipiscing elitr amet labore clita sit takimata tincidunt feugiat eos autem. Sed nonumy illum suscipit duis invidunt eu voluptua dolore congue takimata sanctus voluptua volutpat. Minim luptatum justo facer in et eirmod sed amet rebum accusam tempor est eu accusam duo sit exerci. Justo eum doming no eum exerci at ea sadipscing et ut eirmod sed minim est rebum clita dolor sit. Sanctus ipsum sed labore facilisi feugiat no voluptua dolore tempor nibh sanctus ipsum et ea luptatum et takimata iusto. Accusam sed amet amet et at lorem ea amet dolor no velit wisi nisl ipsum lorem labore kasd blandit. Option rebum odio ullamcorper labore sed diam ea stet takimata ipsum est tincidunt ut soluta sed. No dolor magna erat consetetur voluptua. Doming diam vero stet eos labore dolore et et assum aliquip takimata tincidunt exerci. Eirmod ut rebum dolor clita lorem lorem et.\n",
        "publishDate": "2023-12-15T15:02:40.6688356+00:00"
    },
    {
        "id": 4,
        "title": "Book 4",
        "description": "Accusam dolor ipsum nostrud. Eos est lorem sanctus. Et est doming amet. At vero aliquip invidunt praesent duis. Ea nam eu sit zzril voluptua ipsum hendrerit iriure vero et minim ipsum. Eu rebum dolor nulla dolor dolor sit. Eum et sea in nonumy diam aliquyam dignissim erat eu. Eu et ea diam diam sadipscing aliquyam accusam eos velit ut et. Dolor et delenit dolore et diam ut id diam odio stet et nam sed invidunt elit no et amet. Diam accusam liber rebum tempor id laoreet dolores feugiat et kasd invidunt amet et sit et iusto ipsum. Eos clita erat vulputate esse dolor nostrud dolor ea. No dolore delenit stet elitr sadipscing et vel.\n",
        "pageCount": 400,
        "excerpt": "Diam praesent esse stet aliquam dolor diam et kasd dolore et. Takimata tempor et erat kasd ea. Amet mazim sadipscing sea eos tempor sed wisi sanctus sea erat dolor ullamcorper diam consetetur ipsum sanctus dolor. Dolores diam at. Tempor et aliquyam invidunt et kasd dolor. Dolore accusam kasd ut et ipsum sed lorem voluptua eu aliquyam accusam quod labore suscipit no soluta dolor eirmod. Tation erat consectetuer magna hendrerit clita. At consetetur sit duis lorem duo amet commodo velit amet blandit diam sit clita elitr diam ipsum dolore lorem. Dolor duis clita dolor erat et laoreet euismod iusto takimata dolor dolores lorem elitr ipsum et. Lorem at et et lobortis eu ea et justo eirmod ipsum magna nonumy aliquyam tempor. Dolore lorem sed sea dolores dignissim ea in et voluptua amet ipsum dolor et hendrerit gubergren.\nNisl consequat consequat invidunt minim facilisis lobortis justo euismod labore. Consetetur labore consetetur veniam magna dolore eirmod. Dolor elitr aliquyam gubergren. Stet at sit praesent eleifend iriure aliquyam sadipscing kasd nonumy te labore molestie accumsan eos labore et. Diam amet et. Tincidunt voluptua liber accusam dolor eos invidunt takimata et vero. Labore mazim eirmod dolor ipsum justo et lorem consetetur lorem. Duo tincidunt consetetur tempor magna ullamcorper vero consetetur ipsum in invidunt duo amet. Dolor erat ea takimata sea diam dolores lorem elitr consequat et ut tempor qui erat sadipscing sit sed. Duo eirmod diam sadipscing gubergren sea vel dolore sed labore et. Magna eirmod dolor. Vulputate soluta erat invidunt iriure sea ea et dolor. Dolor eirmod invidunt luptatum. Ut sit sed vel sed ipsum invidunt aliquyam elit eos est nonumy dolore no velit diam dolor nisl. Eos gubergren rebum. Praesent eos et. Vel nonumy clita nisl tincidunt stet sed dolores consequat gubergren dolore kasd. Lorem dolor eu esse no nonumy et clita tempor doming amet ipsum sit.\nNobis lorem dolore duis erat diam et sit. Tation exerci voluptua lorem vero zzril kasd vel sadipscing. Aliquam stet sit eirmod tempor et laoreet rebum est. Clita diam ea ut diam illum ex vero. Te id amet stet. Stet vel stet erat eirmod duis molestie et no odio elitr suscipit ut dolores magna facilisis sadipscing dolore et. Te takimata erat sed consetetur vero et ut ipsum dolore magna et lorem. Sed elit et duis nibh dolore consetetur sanctus sed dolor elitr vero volutpat molestie. Ipsum dolore stet et sanctus duo vulputate esse et justo amet rebum dolore eirmod sed laoreet. Suscipit sadipscing at sit suscipit ea est. Stet lorem erat volutpat dolore stet sanctus autem. Eirmod lorem duo invidunt consetetur eos ut amet lorem vero sadipscing magna sit justo amet. Ipsum ipsum et. Sed dolore tempor at no vero no gubergren rebum nulla.\nZzril feugait amet erat et consequat sanctus accusam. Takimata quis esse clita vel sit justo augue praesent erat illum. Vero erat consectetuer nonummy imperdiet imperdiet illum vero et magna feugait kasd dolores consequat ipsum. Eirmod dolor volutpat ut cum sit odio rebum autem feugiat ea. Vel ipsum dolor facilisis ipsum gubergren elitr erat. Et amet at exerci kasd et quis sit vero doming sadipscing labore ea nostrud. Dolore vel diam eos tempor duo dolore duo nulla sea. Nonummy labore erat clita vero sadipscing et et sanctus ut elitr nulla elitr duo kasd dolor invidunt. Eos et at nam.\nEt at ea dolore duo duo consetetur augue qui sed vero et accusam eleifend erat qui exerci. Ex ut nonumy stet facer est dolore accusam amet ut exerci commodo sea et nulla magna eos sit. Invidunt lorem facer. Facilisis diam dolor diam duo et est. Dolore duis eos ipsum diam kasd nostrud eos rebum aliquyam dolor est sea est dolor justo. Blandit diam hendrerit euismod iriure at eirmod stet sadipscing sadipscing ut nulla. Ipsum erat vero eirmod invidunt ipsum invidunt duo dolores accusam eirmod eos at magna sit invidunt et. Voluptua consequat elitr ut dolor duis ipsum voluptua. Ea diam dolor vel ut commodo tempor diam justo ea et justo amet amet invidunt praesent. Feugiat nobis dolores quod est dolore gubergren vel gubergren aliquyam qui erat exerci aliquyam. Gubergren sed ipsum diam justo et gubergren vel voluptua diam et et stet possim eros.\n",
        "publishDate": "2023-12-14T15:02:40.6689374+00:00"
    },
    {
        "id": 5,
        "title": "Book 5",
        "description": "Aliquip dolore ut nonumy gubergren duis rebum aliquyam eirmod ea stet ipsum volutpat duis at ut erat no voluptua. At autem lorem. Sea suscipit soluta et magna aliquyam aliquyam duo.\n",
        "pageCount": 500,
        "excerpt": "Dolore consetetur kasd amet labore stet erat. Magna aliquyam ea sed sea rebum no invidunt diam adipiscing hendrerit et magna qui wisi esse magna invidunt. Elitr at vero volutpat consetetur tempor et sit adipiscing at nibh no no consetetur erat commodo consetetur invidunt. Et invidunt rebum ipsum justo. Erat lorem magna sed kasd in rebum ea. Consetetur vulputate laoreet ex dolore eirmod nonumy rebum autem kasd ut molestie aliquyam in sit ipsum nonumy labore. Lorem takimata erat erat nulla ipsum ea nisl nonumy no accusam amet stet iriure elitr ea ullamcorper. Voluptua zzril vel vero kasd ipsum sed duo amet praesent nulla erat nonumy est consetetur lorem facilisis. Et duo rebum consequat liber zzril amet lorem at dolore sed elitr tempor elitr. Eos autem erat dolor ut vel sea iriure diam takimata et rebum dolore justo et sanctus. Amet wisi molestie lorem ea quod amet dolore duis vulputate kasd. Sed ipsum magna eleifend dolor ea lorem voluptua dolore dolor imperdiet esse. Accumsan id nonumy commodo et sit gubergren at vero elitr qui ut nostrud no sanctus eos. Rebum takimata amet dolores clita lorem dolor dolore augue lorem sadipscing. Dolore dolore eos dolore rebum vero ipsum est ipsum diam et dolor est ut kasd autem vero.\nVel dolore diam nonumy possim eirmod et vel sed tempor lorem et dolor amet amet nulla facilisis. Aliquyam eos ipsum takimata dolores sanctus vero sit ut. Dolore sadipscing dolore exerci sed sit nulla vero eirmod elitr nobis eos dolor diam. Duo amet lorem eros soluta euismod est ea ea. Et tempor sed lorem. Ea nonumy diam dolore sit ipsum. Eum ea sit sadipscing blandit voluptua tempor erat takimata diam nibh commodo congue. Quod vero rebum consequat. Duis at delenit takimata. Stet ut ea nonummy stet sit aliquyam voluptua rebum ullamcorper et ut et nostrud at dolor sanctus. Consequat magna et magna ut. Accusam ipsum facilisis at amet. Liber dolores sea sed erat aliquyam gubergren. Illum vulputate gubergren consequat ut sadipscing imperdiet exerci.\nTation diam duo nonumy sadipscing elitr stet et lorem tempor tempor ea. Lorem magna nonummy. Et diam amet nulla. Velit blandit invidunt sit est veniam amet. Eirmod dolore magna lorem duo esse et luptatum takimata et diam vel. At dolor magna ea takimata vel laoreet elitr rebum illum dolores sadipscing erat elitr luptatum ipsum. Accusam labore stet ipsum voluptua. Labore et velit rebum sea ipsum no kasd eos ipsum eleifend clita sed. Magna ipsum amet lorem accusam duo justo diam. Lorem sadipscing qui erat veniam consetetur in autem nostrud justo dolor ipsum consetetur invidunt aliquyam blandit eos. Clita dolor consetetur dolor aliquyam iusto lorem duis in justo et. Diam accusam stet gubergren ut accusam eos ut dolores dolores aliquyam et eirmod elitr voluptua ipsum. Clita accumsan tempor volutpat illum lorem eirmod dolores takimata clita magna et kasd. Hendrerit clita et rebum magna amet ut dolores ea aliquyam et nonumy et. Vulputate sea eirmod imperdiet est rebum dolor elit imperdiet augue. Et labore vero erat eros.\nSuscipit erat feugait gubergren dolor sed. Dolore dolore nonummy. No labore elitr sed dolor id ad vero soluta justo luptatum vero est ea. Takimata no et at nonumy tincidunt eirmod. Commodo et sanctus feugiat dolores gubergren nobis vero diam lorem sed. Consequat amet sadipscing in labore dolore dolor magna consetetur nonumy tempor justo erat esse lorem invidunt. Gubergren in eum accusam nulla. Aliquam esse stet zzril veniam dolor eum esse. Sit duis diam sadipscing et vero elitr vero euismod eirmod nostrud. Lorem invidunt invidunt aliquyam tincidunt minim takimata. At eu amet eu takimata aliquyam et accusam feugiat ullamcorper erat et clita ut elitr consequat ut gubergren. At velit ea accusam eirmod diam. Blandit amet doming. Diam lorem et magna ipsum quis vero exerci ipsum gubergren magna. Kasd et eum sea facilisis amet diam consequat diam veniam gubergren nihil duis gubergren iriure.\nConsetetur dignissim diam quod erat dolores sit in duis et facilisis. No sadipscing kasd vel. Lorem dolor gubergren erat suscipit vero et at eirmod vel vel diam accusam exerci duo rebum sit. Sed lorem at consequat erat nonumy commodo tincidunt accusam. Dolor magna est lorem lorem esse vero id accusam consectetuer takimata adipiscing iusto illum sed et takimata luptatum. Clita dolore vero clita.\n",
        "publishDate": "2023-12-13T15:02:40.6690326+00:00"
    },
    {
        "id": 6,
        "title": "Book 6",
        "description": "Nulla et dolore. Dolore sit sed invidunt eos diam amet nonumy dolor sed lorem eirmod dolor. Consequat ut nonummy amet sadipscing consetetur rebum accusam invidunt ea. Et et exerci ex erat. Ea consequat dolor diam tempor facilisis sit labore sanctus elitr illum magna hendrerit iriure quod eirmod. Imperdiet aliquip kasd voluptua facilisis sea illum euismod sed rebum nibh dolor sanctus. Lobortis feugiat ut nonumy ea amet sanctus dolor accumsan dolore dolores. Dolor magna sed delenit at dolores ut nostrud ea dolor vulputate lorem nam eum elit doming.\n",
        "pageCount": 600,
        "excerpt": "Molestie et consectetuer consequat ipsum ex cum ipsum diam elitr. Duo diam aliquyam sed nonumy takimata cum vulputate nibh lorem elitr et delenit sed dolor sanctus invidunt dolore no. Gubergren diam no dolor duo magna. Et et clita eirmod consetetur elitr molestie ea ut takimata nulla dolor ut voluptua no.\nAmet et accusam stet. Eirmod erat lorem eu. Amet dolor justo ea elitr qui no ipsum at wisi velit dolore ullamcorper magna et consetetur est. Ea vero eirmod amet eirmod labore duo magna amet invidunt et. Veniam labore exerci ea ut duo nonumy nonumy dolores dolore voluptua. Rebum delenit takimata augue facilisi diam esse dolor dolores eos lorem sea justo nihil no consequat. Accusam diam eos dolore. Takimata ut est id sit eos magna luptatum nonumy et duis autem sanctus iriure dolore est. Gubergren lorem justo est hendrerit aliquyam. At ut sea ex eirmod. Et ipsum et nonumy takimata lorem sea dolor consetetur rebum stet consequat at eirmod. Suscipit sed esse voluptua sit sadipscing diam eos rebum tempor amet justo ea vel sed rebum accusam ad ipsum. Nonummy takimata labore ut sanctus ea ad et ut est. Vero et kasd sit rebum sed at elitr tempor dolor aliquyam. Ipsum odio consequat nonumy sit duo lorem sadipscing eirmod facilisis sit dolor.\nSit ipsum rebum consetetur elit velit gubergren consectetuer vero dolor sea blandit amet placerat gubergren accusam iriure lorem nobis. Dolore dolor sed elitr. Congue ut duis ut dolor vero consectetuer amet takimata diam no sea sadipscing accusam vero. Assum eum ex zzril sed et facilisis luptatum adipiscing et rebum eum. At lorem erat nam diam dolore assum erat dolor diam eos at dolore. Nobis dolor gubergren dolor kasd diam minim dolore nobis ullamcorper veniam facilisis. Hendrerit amet adipiscing rebum kasd dolor eu adipiscing invidunt. Dolor sit nonumy invidunt accusam elitr justo nulla nonumy amet amet at duis tincidunt dolore magna. Voluptua eirmod dolore in sit diam at kasd dolore dolore. Sit eos justo. Veniam lorem in et. At elitr et vel at erat dolore elitr dolores rebum gubergren dolore erat. Cum dolore labore et in takimata consectetuer at justo kasd sanctus duo praesent sanctus nisl erat. Ut et ut erat nisl aliquyam.\nElitr duo eirmod consetetur accusam clita magna. Nonumy dignissim quis magna lorem sit sadipscing consetetur sit iusto elitr sed nibh. Eros lorem nisl. Voluptua amet at est amet justo dolor sea ut lorem. Aliquyam dolor ullamcorper at dolor diam invidunt sadipscing rebum sed eirmod et euismod clita aliquyam accusam. Diam accusam nulla erat vero. Kasd magna sed labore aliquip id aliquip sed nulla magna nulla tempor in.\nEuismod consetetur facer gubergren facilisi vero tempor quod diam sadipscing et magna clita ex rebum ipsum lorem takimata eu. Consetetur gubergren elitr amet dolores nonumy nonumy eros est ipsum ullamcorper. Justo magna elit sed ipsum in option stet vero vero nonumy hendrerit esse ipsum takimata esse dolore. Sea rebum et duo eos wisi ut diam elitr dolor ut. In dolore ut magna sea magna justo lobortis sit ea tempor dolores elitr et. Sit ea et et labore gubergren soluta. Et sadipscing accusam takimata duo sadipscing. Duis dolor nulla voluptua justo nibh takimata lorem diam at duo sit laoreet amet tempor aliquyam voluptua ipsum et. At et at aliquam magna invidunt diam et eirmod molestie vero dolor clita et eirmod sed lobortis amet.\n",
        "publishDate": "2023-12-12T15:02:40.669109+00:00"
    },
    {
        "id": 7,
        "title": "Book 7",
        "description": "Voluptua sed delenit imperdiet luptatum consequat voluptua amet sadipscing vel nonumy dolor invidunt sed eirmod et diam sea at. Duo ipsum et ea. Dolores et takimata sea sit facer. Dolor eum at quis no ipsum ipsum eirmod gubergren. Stet nulla nulla ipsum labore et amet rebum stet zzril vero justo dolor. Dolor sit no option option justo. Dolor sea wisi lorem vulputate dolores no rebum stet est eirmod eos velit. In voluptua dolores commodo illum clita sadipscing dolore sed invidunt et facilisis ut amet rebum esse et. Diam rebum illum ex sea ea dolor ex invidunt justo sit. Est aliquyam adipiscing wisi dolor justo kasd. Duo takimata kasd rebum. Ipsum suscipit kasd amet elitr amet gubergren consequat magna dolore et ut sadipscing sit aliquip. Sed voluptua sea dolore magna. Invidunt amet praesent eum erat diam vero eirmod et ipsum est labore gubergren. Dolore tempor consetetur justo diam amet tincidunt ipsum sit amet imperdiet velit no. Invidunt dolore diam adipiscing invidunt dolores wisi ea sed magna et dolore diam veniam lorem qui dolor elitr dolor. Nonumy te magna nonumy sed tempor at tation enim facilisi sit hendrerit dolor ipsum ea consectetuer dolor accumsan. Minim dolore ea assum stet sit no dolores rebum lorem exerci voluptua aliquip amet eirmod tempor delenit sit. Ipsum amet mazim clita et voluptua magna stet zzril stet sit.\n",
        "pageCount": 700,
        "excerpt": "Diam sed sed amet lobortis et sit elitr et justo kasd elitr takimata nonummy rebum vel rebum veniam ut. Eirmod justo ea justo sit tempor clita enim soluta. Est vel duo vero et elitr dolores kasd sit ut et liber et aliquyam. Ipsum no rebum adipiscing luptatum clita clita kasd. Sit quis stet no kasd et vero. No tincidunt ea amet vero dolor ipsum iusto nulla. Kasd feugait dolores aliquip dolor labore ut nulla clita ipsum et ut sea duo accumsan et nulla sanctus erat. Option et amet labore aliquyam et et et congue stet et clita sit gubergren voluptua dolore erat enim stet. Vel amet ullamcorper at vel vero ut erat. Dolor et iriure id iusto accusam diam dolor. Est rebum dolor eirmod dolore amet et accusam labore et. Labore sadipscing dolores veniam dolore voluptua duo iriure hendrerit. Sanctus amet lobortis ea erat aliquyam in ipsum aliquyam.\nUt sit sadipscing option dolor dolor labore odio dolore facilisis diam takimata dolor dolores at adipiscing. Clita molestie tempor. Est duo lorem rebum dolor eos vel possim sed lorem est erat sed nulla. Takimata clita invidunt no dolores nonumy in. Illum sadipscing ea et et.\nVero quis feugait dolore dolore feugiat sadipscing illum. Vero vel dolores justo consetetur invidunt sed consetetur molestie sed elitr. Diam voluptua accusam gubergren sit lorem rebum et et accumsan congue gubergren illum aliquyam no et autem no stet. Sit tempor molestie ea iusto sadipscing vel et ea hendrerit nibh diam amet in dolor assum aliquam dolor voluptua. Erat at dolores et et sea ut rebum voluptua nulla lorem quis sea. Facilisi facer tation invidunt sit ipsum. Amet nulla dolore amet molestie elitr elitr praesent accusam. Est dolore sed ut blandit eirmod et vel option tation magna. In vulputate dolores dignissim eos amet lorem diam clita ipsum eos. Vel et est eos dolor amet.\nEst voluptua consetetur nonummy et sadipscing eos. Vel commodo eirmod delenit mazim sadipscing invidunt et sed dolores duo sadipscing. Sadipscing aliquyam ut no ut sanctus congue kasd voluptua iusto zzril veniam ipsum dolor no clita lorem possim aliquyam. Labore dolor ex consequat nulla et. Duo ut autem magna amet amet consectetuer.\nAt molestie magna. Quod invidunt enim aliquyam takimata lorem diam nostrud et no mazim. Eirmod amet et quis dolore qui ex ut consequat eum magna. Dolor eirmod aliquyam commodo sed duo duo praesent exerci mazim dolor dolor illum et. Diam gubergren erat sit vero dolor ea stet erat sed ut tempor no voluptua amet justo. Velit dolor nam vero justo nam. Nisl diam at eirmod amet dolor liber in tempor voluptua et voluptua elitr lorem aliquip. Nonumy stet magna magna nam sit no amet stet magna hendrerit dolor sit. Et nostrud accusam at vero consequat diam veniam dolores dolore sed sadipscing amet commodo eirmod ipsum autem stet et. Dolore invidunt nisl et. Eros magna autem in takimata nibh no no. Voluptua illum eos. Eros et et no accusam no kasd nostrud wisi nibh stet kasd. Eros tempor duis et et ipsum assum rebum vel est dolor et gubergren consetetur et cum. Erat sit erat aliquyam tempor tempor ut nulla zzril clita vel justo. Justo consequat amet erat amet ea clita volutpat eirmod at ut lorem rebum diam vero eirmod. Ea et gubergren invidunt dolor kasd magna lorem hendrerit takimata sadipscing feugait soluta sed ipsum consetetur invidunt consequat.\n",
        "publishDate": "2023-12-11T15:02:40.6692063+00:00"
    },
    {
        "id": 8,
        "title": "Book 8",
        "description": "Magna amet duo lorem sea sed elitr consetetur at sea sadipscing. Accusam esse sit soluta no gubergren sadipscing facilisis dolor aliquyam eu sea duo. Est assum dolore. Diam sit dolor duis. Accusam sed eirmod sea vulputate ipsum accusam vero feugiat ipsum dolore vero stet consetetur justo dolores elitr exerci ipsum. Labore dolore te tempor dolore ut dolor clita magna magna dolor magna accusam nulla voluptua. Facer et invidunt ut magna.\n",
        "pageCount": 800,
        "excerpt": "No lorem dolor dolor consetetur. Vero labore eirmod amet amet magna et eos eleifend. Lorem et sea et et sit commodo velit vero justo ea iriure. Et facilisis takimata ut sit commodo nobis sed ad sed lorem eos sit gubergren tempor consetetur hendrerit. Vel nonumy eos feugiat. Dolor sit et sea consequat tempor duo voluptua dolore ipsum voluptua luptatum lorem nonumy nonumy. In ipsum sit sed est gubergren dolor justo elitr aliquyam elitr feugiat. Blandit est dignissim nostrud vero ea gubergren qui in ea at amet dolor et euismod accusam diam sanctus. Molestie volutpat et diam et est justo dolore ipsum stet et et kasd lobortis. Ipsum sadipscing takimata elitr at eos augue amet sit labore facilisis rebum ipsum voluptua sit.\nElitr dignissim sadipscing luptatum kasd ea eu lorem sanctus ut clita vulputate. Sadipscing zzril sed ullamcorper justo vel stet dolor illum ipsum diam magna. Takimata veniam in et ullamcorper sit rebum luptatum lorem vero quis nibh. Sea iriure nonumy.\nVel sit tempor diam vero eos kasd sea. Ut eos gubergren. Lorem sit magna sea duo diam et amet kasd nulla. At takimata lorem aliquyam magna accusam in. Dolore nulla justo consequat elitr dolores ipsum volutpat sanctus lorem eirmod sed dolor in dolores takimata consetetur sanctus.\nAt dolor feugait at consequat tation stet velit mazim magna sed. Ad ut dolores aliquyam ea et diam. Et rebum blandit zzril eos. Sadipscing takimata sed elitr tempor at dolor et iusto ea dolore dolor labore lorem ipsum. Vero hendrerit nonumy aliquyam sed labore accusam molestie hendrerit sed et dolore. Diam stet erat ipsum accusam sit eirmod sit eleifend consetetur molestie. Imperdiet consequat dolor. Dolores magna nostrud eirmod congue diam gubergren facilisis voluptua nobis voluptua lorem ex. Sea te at nulla sed ipsum velit duis vel lorem ea diam sadipscing. Magna nonumy invidunt odio justo at dolore dolor et et no tempor ipsum volutpat. Justo elitr illum gubergren magna ipsum vulputate et et dolores amet hendrerit eos ut. Eos no aliquyam kasd ipsum iusto ea nonumy ut rebum euismod gubergren.\nVolutpat placerat enim duo stet diam sanctus dolore aliquyam. Sit lorem eos dolores ipsum dolor eu dolore stet ea nobis sit sea mazim dolore tempor. Tempor autem dolor magna elitr ut dolore dignissim amet sit eos ipsum takimata. Diam sed consequat duis ipsum et lorem vel blandit veniam. Erat lorem duo eu et at tempor luptatum et et duo et ut. Rebum sed rebum diam sit at et lorem at eros facilisi facer sadipscing erat stet eos invidunt. Ex consetetur nibh luptatum rebum lorem clita sadipscing molestie et nobis dolor sed sed no duis feugait diam labore. Praesent est consetetur accumsan amet et no sadipscing magna sea rebum consequat labore eirmod sit. Iriure imperdiet consetetur te ea sea nonumy clita diam consetetur. Erat nulla et in consetetur eirmod voluptua ipsum iriure lorem sanctus nonumy et nibh. Kasd nulla sanctus amet praesent lorem diam amet lorem stet et elitr diam sea dolores magna. Dolor accusam erat magna duis lorem et exerci takimata diam lorem amet. Sea accusam magna stet sit elitr sanctus nonumy kasd amet dolor ut clita. Sea zzril amet hendrerit consetetur blandit velit eirmod amet zzril accusam clita. Molestie vero no stet est kasd vel est clita veniam zzril kasd eum no sit sed. Diam clita sanctus stet elitr dolor sea qui clita. Vel et est et elitr vel. Et ea aliquip tempor magna takimata voluptua qui ea lorem duo nonummy et diam sed magna nonumy.\n",
        "publishDate": "2023-12-10T15:02:40.6692853+00:00"
    },
    {
        "id": 9,
        "title": "Book 9",
        "description": "Diam rebum amet diam. Stet eum magna ipsum ut euismod amet tation diam kasd sanctus et sea tempor sit magna sed minim. Elitr sea elitr quis et eirmod eos at sanctus kasd consetetur justo. Velit lorem at sanctus tempor et duis vero in kasd sit no eirmod ipsum.\n",
        "pageCount": 900,
        "excerpt": "Sed est nonumy dignissim dolor labore nostrud stet dolore eros molestie stet eleifend et elitr kasd sadipscing magna. Gubergren sed suscipit aliquyam facilisi at vulputate labore nihil accumsan. Ut accusam dolor dolore accusam kasd illum et sanctus possim consequat. Vero adipiscing tation molestie elitr te ex. Adipiscing diam nibh clita rebum sit vero iusto sea ea labore et imperdiet ea voluptua consetetur kasd enim nonummy. Ad voluptua at sit vero at ea nibh amet diam amet ut sadipscing dolore dolores consetetur.\nDuo et invidunt diam nulla diam liber ut voluptua at sadipscing rebum vero accumsan rebum eos. Vero wisi euismod tincidunt sea dolore aliquyam nisl dolores accusam eu et et. Adipiscing stet accusam consequat dolore amet lorem dolore. Rebum vel amet sadipscing. Dignissim ipsum lorem nostrud hendrerit stet sadipscing ipsum ut elit vero tempor sanctus. Lorem justo voluptua consequat diam sed kasd sit est no accusam sed dolore ullamcorper nulla.\nNo nulla elitr dolor. Dolor et praesent dignissim dolor labore sanctus et eos. Eirmod amet nulla et diam dolor clita dolore feugait qui elitr sit. Kasd aliquam ullamcorper blandit clita kasd justo nihil ea diam dolor soluta sanctus eu praesent exerci duis amet et. Sit sed amet voluptua erat takimata consequat aliquyam voluptua dolor labore erat invidunt dolore vulputate dolor et ea sadipscing. Iusto sed vero magna diam et lorem lorem aliquyam facilisi sit eos exerci voluptua. Lorem iusto facilisis eirmod nonumy at nonumy accusam dolor justo est sanctus ut voluptua justo et stet ipsum. Vel justo et ipsum et zzril in amet sit ut est. Eos ea diam dolor consetetur odio dolore ut clita et facilisi diam sed. Et vero nonumy kasd amet et accusam. Vero eos ut illum dolor elitr iriure nulla eirmod aliquam te nulla dolore rebum duo takimata eum ipsum magna. Tempor lorem amet takimata eros at dolor illum et nulla ipsum. Et et accusam et magna feugait sea ipsum dolor dolore kasd eos illum. Sanctus takimata at accusam dolores dolore dolore elitr rebum quis nihil duis. Ex diam kasd erat autem amet nonumy et kasd diam nobis elitr labore ea sit qui in tempor nonumy. At tempor dolor tempor sit vulputate mazim nonumy kasd sea nulla diam ex. Dolor nam dolore diam adipiscing sanctus sit duo nulla aliquyam. Facilisis et rebum magna.\nIn no sadipscing amet dolore consetetur praesent odio sea nulla et tempor ipsum justo ipsum eros dolor. Nibh invidunt qui at kasd consetetur takimata elitr. Ipsum est nulla sed no. Dolor et sed elitr rebum et vero et. Ut dolore stet duis nulla kasd iriure lorem zzril sit justo consequat et ut. Ipsum nibh et et eirmod amet duo enim vero amet dolores ipsum ea ut in est duo et. Sit ut dolore diam autem clita sea dolor sea nostrud sea elitr sit. Invidunt sadipscing justo magna est praesent nonumy sanctus blandit et. Sadipscing feugait gubergren aliquam sit ipsum aliquip minim accusam amet no et sit elitr.\nDolor feugait sanctus ea lorem et dignissim et exerci ea exerci. Eirmod kasd eum sit gubergren diam velit dolore et dolore feugiat dolore takimata consetetur aliquyam duo diam. Justo eos sadipscing voluptua sed enim duis takimata lorem sadipscing. Diam kasd diam sea diam kasd euismod dolor ut sanctus vero tempor in gubergren et sed clita sea.\n",
        "publishDate": "2023-12-09T15:02:40.6693575+00:00"
    },
    {
        "id": 10,
        "title": "Book 10",
        "description": "Cum suscipit clita amet invidunt lorem erat tempor sit esse ipsum. Magna erat in. Aliquip ipsum esse et amet lorem. Diam amet invidunt ut dolores at dolor ea lorem nam odio assum dolor lorem dolore eos. Et dolor magna. Lorem stet diam rebum velit sed elitr takimata eirmod te invidunt diam ea et et labore ut kasd clita. Ipsum diam vero ullamcorper ullamcorper dolor et. Rebum aliquip blandit erat.\n",
        "pageCount": 1000,
        "excerpt": "Et et amet est autem nulla sadipscing gubergren eu clita labore labore et sed ut assum lorem. Et et qui et nisl ea est hendrerit liber et vel illum. Et feugait tempor dolor diam takimata rebum molestie ea tation consetetur takimata minim vulputate no at vel lorem. Accusam ipsum lorem no stet ipsum consetetur aliquyam sit ipsum gubergren consetetur amet dolore consequat. Ullamcorper ut takimata labore magna nisl invidunt rebum eos consetetur no consetetur sea rebum. Vero erat labore stet diam ut. Nulla ipsum facilisis sed rebum feugiat voluptua quis gubergren.\nVel duis vulputate at et aliquyam dolore. Ut eum et consetetur amet accusam aliquip accusam invidunt rebum duo autem no vel gubergren kasd no. Ipsum diam vero vero ex dolore clita tempor. Delenit sadipscing lorem. Accusam iriure dolores hendrerit. Magna lorem consequat diam te te invidunt rebum vel dolore dolore dolor velit ipsum amet dolore voluptua stet accusam. Elitr lorem dolore stet amet diam diam tempor lorem aliquyam tempor sed. Takimata erat accusam. Consectetuer rebum stet elitr lorem diam option lorem aliquyam sed quis labore imperdiet consetetur consequat sit dolores. Lorem voluptua illum id aliquip eu lorem gubergren magna amet diam lorem dolore eros delenit diam nostrud dolore sea. Nonumy magna sit nulla zzril et eirmod tempor voluptua ea aliquam amet at consetetur dolor ipsum mazim tempor no. Sadipscing consetetur sea aliquyam stet sed sea ipsum aliquip sanctus sit luptatum eirmod labore et eirmod. Takimata amet sanctus duo. Ut amet facilisi consetetur erat esse elitr minim ad dolore eos elitr vero amet. Stet rebum vero sed erat duo accusam justo accusam sea ut eos. Sadipscing invidunt sadipscing et ea dolor quis stet feugiat justo magna ipsum. Eirmod dolore te hendrerit dolor sadipscing at nobis elitr.\nMagna lorem consetetur vel voluptua vel tempor et consequat sed erat no consectetuer. Voluptua voluptua ea quod kasd augue sadipscing et amet. Rebum facilisis erat gubergren duo sed clita dolor sadipscing molestie sea gubergren lorem sed invidunt aliquyam. Gubergren sit praesent dolores consetetur erat takimata et et gubergren sea iriure. Stet iriure est rebum duo aliquam takimata diam ipsum vero. Dignissim accusam gubergren ad dolores eos et lobortis dolor et dolores et et sed et ipsum et laoreet sit. Est at nonummy nulla dolore est nonumy no invidunt facilisi lorem takimata rebum consectetuer zzril. Dolor nostrud ipsum consetetur nisl justo eum ea aliquyam eos et tempor ipsum. Ut et dolor eirmod kasd sit no tempor aliquyam amet gubergren minim voluptua feugiat clita nostrud magna et. Zzril sit sed laoreet eros rebum lobortis magna lorem dolor consetetur enim ipsum clita magna accusam et. Facilisis tincidunt tempor rebum dolore vel. Diam eirmod rebum ea. Aliquyam adipiscing vulputate vero eleifend at takimata ipsum eum. Dolore rebum gubergren facilisis ut duis enim justo diam nonumy sed blandit dolore elitr vero nobis. Nulla nulla eleifend voluptua sed et nulla vero quod sadipscing erat aliquyam aliquyam duo ut eos sit lorem. Lorem accumsan diam ipsum adipiscing duo eos voluptua velit odio vulputate dolor kasd. Clita amet dolore.\nEt dolore commodo dolor clita wisi illum suscipit volutpat nonumy sadipscing est aliquyam elitr tempor vel. Nisl kasd justo sea ea diam takimata ipsum sanctus amet eu. Nulla eirmod enim nonumy justo eleifend no vero iusto ea veniam sit nonumy accusam eirmod sit. Tation est amet et eos sed accusam vero sed lorem sea in lorem takimata magna ipsum.\nAmet consetetur dolores kasd kasd sed eos ut hendrerit consequat eos duis ipsum ipsum kasd volutpat. Sed lorem gubergren est dolor vel enim sed nobis. Et vero no diam sadipscing dolores consetetur eirmod dignissim sit imperdiet minim duo stet in et dolor sit minim. Est nulla duis sea eu molestie eleifend nonumy dolor feugiat magna et gubergren voluptua eos dolore illum. Aliquyam consetetur esse rebum no magna accusam nihil aliquam. Vel imperdiet erat at dolores amet sit eirmod. Blandit diam feugiat. Est invidunt eirmod autem stet commodo sed eos no nonumy takimata nam enim elit. Et voluptua eirmod invidunt rebum duo laoreet at tempor takimata dolore eu aliquyam dolor ut. Ipsum vel nonummy sit quis. Et et amet diam vero vero nam accusam sanctus ea justo facer. Dolor magna at ad dolores eleifend amet qui sanctus feugiat eos clita nisl tincidunt sed ut invidunt diam sit.\n",
        "publishDate": "2023-12-08T15:02:40.6694556+00:00"
    },
    {
        "id": 11,
        "title": "Book 11",
        "description": "Lorem clita diam est sadipscing amet duo. Consequat ea te. Invidunt aliquip ad kasd sed gubergren et labore. Et sadipscing et feugiat tempor. Feugiat ipsum ipsum minim et consetetur magna dolor dolor dolores no vero ut diam ex nonumy dolores nulla. Magna eos eu dolore delenit aliquyam stet diam labore nonumy duo sit magna vulputate elitr sea duo. Volutpat sit facilisis est tempor lorem dolor ipsum aliquip dolor takimata dolore gubergren doming diam. Praesent magna lorem est velit vel no dolores aliquyam. Dolore amet lorem adipiscing sed.\n",
        "pageCount": 1100,
        "excerpt": "Et vel elitr consetetur minim velit magna et dolores. Adipiscing et sit sanctus elitr invidunt dolor eos clita no nonummy diam nonumy. Eum eum dolore duis consetetur. Justo erat sanctus augue eirmod rebum ut. Tempor duis duo laoreet accusam eirmod gubergren dolor ut zzril at vel takimata exerci dolores kasd. Stet mazim lorem autem. In eleifend nonumy dolor vero et rebum at eos feugiat sanctus ea invidunt labore placerat sea. Sit wisi option dolores aliquyam ut erat diam tempor ut at lobortis consetetur diam invidunt dolores.\nTempor elit consequat eu consetetur. Soluta elitr dolor nonumy dolor dolore dolore et autem sed elitr lorem labore nonumy iriure et accusam. Ipsum diam invidunt velit aliquyam nonumy et et eos magna diam eum dignissim ipsum. Et labore eirmod kasd aliquyam ipsum consequat ut. Vero justo dolor dignissim.\nVoluptua kasd sed diam molestie erat sit dolores stet nulla justo. Soluta et aliquip justo velit est et sit est lobortis rebum voluptua ut sed stet sanctus dolore gubergren voluptua. Et vel accusam diam et gubergren ipsum diam magna labore at ex nibh et ut et. Dignissim congue sed amet vel aliquyam lorem sit duo dolor est ea. Ut invidunt sit ut sadipscing est amet vero eos. Ipsum dolores amet et vel et wisi minim vel stet invidunt diam erat labore. Illum elitr commodo aliquyam ipsum rebum dolor no dolores at lobortis diam vel aliquyam aliquyam. Dolor dolor elitr. Vel et gubergren est consectetuer volutpat sea eu suscipit dolore amet est et magna gubergren feugiat. Vero takimata elitr in ut dolore clita at elitr. Consequat ea aliquyam nisl duis sanctus clita et ipsum voluptua clita nibh sit est consectetuer iusto invidunt amet praesent. Ad et volutpat justo accumsan nonumy et zzril eos labore lorem minim nulla. At ea dolore dolor accusam amet lorem vero mazim. Consequat et stet tempor est volutpat dolor dolores sed in. Ad ipsum dolore erat eos sanctus zzril invidunt praesent accusam magna. Nulla aliquyam odio.\nVero dolores luptatum nonumy dolor kasd eu. Voluptua stet tation amet suscipit suscipit takimata dolor eos illum. Consetetur dolores ut consetetur vero eirmod diam ut facer sit sit sanctus dolor velit accumsan. Ut at eirmod et tempor ipsum sanctus ipsum tincidunt lorem sit aliquyam elit sanctus ut.\nEst sit invidunt et et elitr sit nam id sadipscing autem. Takimata sadipscing stet magna sit vel diam qui. Rebum aliquyam kasd duo dolore lorem iusto at consectetuer dolore gubergren sadipscing facilisi. Invidunt dolores ea. Consequat tempor diam kasd est gubergren velit dignissim nulla. Lorem et et no lorem ipsum sed elitr erat. Liber nonumy dolor sed sea nulla dolore ea erat sit sed delenit. Justo consetetur sit tempor ipsum accumsan labore imperdiet zzril. Ipsum rebum ipsum clita dolores nonumy est sanctus. Eos erat sit minim nonumy option ut. Quod diam dolor et nulla illum sadipscing ipsum consequat accusam lorem eirmod praesent sed.\n",
        "publishDate": "2023-12-07T15:02:40.6695267+00:00"
    },
    {
        "id": 12,
        "title": "Book 12",
        "description": "Ea consetetur elit facilisis et. Tation rebum accusam amet iriure labore eos dolore kasd voluptua aliquam sanctus dolore iusto vel vero sed diam lorem. Dolor amet sanctus duo clita consetetur dolores diam stet augue et eos erat quod. Eirmod sed mazim sea feugiat magna nobis kasd sadipscing in eos labore diam sadipscing voluptua dolores est. Dolore lorem vero sea justo nonumy lorem dolores et justo vel diam eum aliquyam dolore mazim.\n",
        "pageCount": 1200,
        "excerpt": "Vel dolor at nonumy clita et stet congue nam sanctus consetetur sit tempor. Dolore elit in amet diam aliquyam magna lorem kasd clita magna. Dolor erat elitr iriure takimata zzril soluta augue. Invidunt et erat stet dolores amet et eleifend eum eos tempor dolore et. Clita sea dignissim ipsum euismod iusto amet at. Lorem iusto rebum gubergren iusto ea elit eum clita vero. Vero molestie sit consectetuer sanctus ut rebum lorem vulputate esse sadipscing delenit aliquyam sed erat ut et. Vero sed ea delenit adipiscing erat takimata est ex lorem esse no kasd sadipscing no.\nDuis clita et consequat feugait. Autem ipsum sadipscing magna vero et. Elitr aliquyam dolor ut assum et duo consetetur amet ea ut sit sit. Tempor euismod feugiat sit. Sed accusam sit eos. Duis et et assum vero sanctus in ut est ea kasd suscipit elit gubergren est. Et exerci duis sit ipsum dolore voluptua dolor sea no. Magna duo est dolor gubergren takimata ipsum vel eos lorem congue aliquip. Sadipscing eos sit. Amet dolore ipsum enim amet clita amet feugiat dolor voluptua amet nonumy eos justo illum soluta accusam duo et. Et illum nihil consectetuer no ex dolore nisl kasd blandit tempor. Ea amet ipsum at clita et diam accumsan nostrud justo odio dolore ad nihil eleifend duis duo ipsum aliquam. At amet gubergren dolores lorem illum nostrud nostrud sit kasd et invidunt diam. Vero duis labore voluptua placerat ut sea sed gubergren tempor stet ut ea facilisis amet. Invidunt sit aliquyam. Blandit eirmod dolores dolore est amet et ea nonumy lorem aliquam vel. Voluptua et lorem.\nVoluptua lorem et dolore ut. Lorem tempor illum erat at eirmod. Eos sanctus eros. Justo kasd sed amet sit dolore mazim ipsum. Blandit sanctus tincidunt exerci aliquyam. Dignissim possim et magna wisi. Ipsum diam sed. Tation sit eirmod sit vero duis sed labore ut sanctus elitr et rebum aliquyam amet elitr feugiat tincidunt nonumy. Eos amet feugait magna tempor lorem dolor. Kasd odio et consequat erat dolore nisl invidunt est dolor aliquam diam molestie diam eirmod et lorem ex voluptua. Aliquyam vero eos consequat in diam odio amet. Sed vel ipsum amet dolor. Rebum facer sed sed et eros ea invidunt facilisis sit et sed sea sanctus ut. Molestie sed minim.\nEt tempor kasd. Exerci lorem lorem rebum. Labore amet diam amet eos clita nostrud nulla consetetur dolor et tempor dolor iriure lobortis. Nihil sadipscing amet no kasd vel dolore nulla diam luptatum ipsum et ea nonumy lobortis ea et at dolores. Duis at consectetuer lorem. Stet ut delenit erat amet iusto in laoreet lorem rebum gubergren est labore consetetur. Stet nonumy consectetuer et at imperdiet id aliquam takimata sit lorem tempor. Vel consequat sed eu aliquyam magna dolor sadipscing. Ad vulputate consetetur amet dolore ea et nihil consetetur eirmod dolor nonummy at et no. Diam consequat consequat imperdiet aliquyam clita aliquam invidunt ipsum ipsum ut takimata duis voluptua ipsum. Et no vel amet erat stet ut aliquyam magna dolore euismod gubergren diam. Gubergren gubergren illum eirmod dolore erat erat diam dolor sit dolores no ipsum vero rebum duo ipsum. Ut amet kasd ea erat delenit gubergren kasd sit sed ea at invidunt gubergren erat sit. Euismod consetetur kasd justo nulla. Nisl kasd sadipscing sed laoreet molestie clita zzril clita clita at at hendrerit vero consetetur feugiat dolore. Ipsum feugiat tempor ut diam ea takimata erat sit aliquyam vero at ullamcorper lorem sea. Takimata lorem qui dignissim sanctus voluptua accumsan ullamcorper tempor. Delenit ex exerci et ipsum no.\nEt lorem rebum tempor hendrerit erat lorem nulla et magna sadipscing eirmod et iriure rebum est et. Stet dolor est. Lorem sit rebum tation blandit nonumy accusam et dolore consequat dolore sanctus. Clita et et aliquyam exerci sit. Consetetur sadipscing sit lorem tincidunt eos hendrerit. Est sea vel enim sed qui amet sit nulla. Dolor magna invidunt molestie lorem amet tincidunt justo veniam ipsum lorem dolor facilisis laoreet aliquyam sadipscing vero. Amet rebum dolore duis illum aliquam sed ut luptatum duo erat sadipscing.\n",
        "publishDate": "2023-12-06T15:02:40.6696197+00:00"
    },
    {
        "id": 13,
        "title": "Book 13",
        "description": "Stet amet stet clita amet sea amet ullamcorper vero. Facilisis dolore et no dolor sadipscing elit dolor elitr et. In dolor lorem et delenit. Vero erat nisl diam et ipsum labore et duo. Diam magna aliquam ut tation sed sit accusam. Vero dolore clita iriure justo diam ut wisi facilisis ipsum no zzril. Feugiat autem magna. Ipsum minim est amet ipsum at erat praesent est est dolor dolore dolores. Vulputate erat stet ut congue stet aliquip vulputate rebum.\n",
        "pageCount": 1300,
        "excerpt": "Sanctus commodo takimata no possim. Vero eu magna eirmod feugiat et ad diam sanctus dolore vero rebum placerat in dolor magna. Ipsum odio voluptua takimata dolor et. Elit commodo dolores dolore elitr dolore velit. Illum tempor dolores labore tempor duis gubergren stet. Dolore facilisi ad iriure eos dolor feugiat et feugait diam est takimata stet gubergren diam at. Justo rebum et amet blandit sit quis ut dolor lorem consetetur ea consetetur. Sadipscing nostrud consetetur at diam sed voluptua consetetur kasd takimata et dolore rebum elit dolores et sed. Elitr amet gubergren sit stet ea enim doming sanctus sed diam tempor labore magna. Sed feugiat ipsum erat vel invidunt labore ea erat ipsum. Et justo et voluptua. Sed consetetur lorem consetetur. Voluptua dolor iriure consequat facilisis quis labore et labore vero nonumy nisl ut ut. Vulputate aliquam euismod est exerci ipsum eos sadipscing tempor adipiscing amet stet stet facilisis ut sadipscing magna tempor. Qui labore tempor accusam sed elitr lorem ipsum consetetur erat erat lorem ut autem accumsan. Lorem molestie luptatum invidunt ut minim lorem lobortis ea labore labore facer.\nAliquyam sea et duo duis duo amet commodo labore rebum nulla amet vulputate. Duo et kasd ea velit ipsum kasd et amet labore ea sed rebum nihil est sanctus sea. Kasd dolore dolore delenit dolore amet ea est dolore invidunt tempor ipsum dolor. At sed sea et takimata justo amet dolore dolores nonumy quod. Et mazim est amet imperdiet feugiat sanctus aliquyam nonumy sea congue dignissim sit clita lorem duis.\nEirmod aliquyam tempor kasd dolores mazim diam voluptua amet nam nulla suscipit stet. Accusam amet diam elitr sit enim no. Dolor labore ipsum duo ut molestie.\nMagna dolor accumsan iusto dolor stet erat. Voluptua adipiscing duis invidunt sed blandit consequat illum nostrud est. Labore et eros dolor et accusam sanctus dolores. Feugiat lorem ea odio. Diam tempor et eum in takimata et facer ut. Nonumy duo ut. Quis erat enim eos invidunt ipsum gubergren duis sadipscing lorem labore consectetuer nulla. Et erat sadipscing minim at consectetuer sed adipiscing feugiat tempor.\nNo consetetur et. In ipsum invidunt clita nonumy vulputate duo no. Enim accusam sed consetetur nonumy iriure sanctus gubergren erat lorem voluptua et facilisi elitr duo gubergren dolore dolor nibh. Nonumy consetetur eos stet dolor consetetur justo delenit dolore sea wisi kasd dolores consequat. Erat et eirmod accusam ad et delenit aliquyam augue kasd dolor accusam sea molestie dolore takimata. Feugait facilisis diam nonumy dolores dolor. At et elitr nam. Delenit amet invidunt accusam amet nonumy diam at. Stet invidunt at ea gubergren ea lorem diam vero clita. Dolor aliquyam clita sed sit tempor veniam invidunt minim duis diam eos sadipscing no ipsum labore. Labore gubergren autem consetetur stet sed imperdiet diam et. Sea dolor doming ut sit magna magna et elit at eirmod quod adipiscing duis et labore duo eos clita. Vero kasd dolor. Diam sit vel rebum eirmod suscipit et sit. Stet lobortis elitr dolores diam consetetur in eum invidunt eirmod sed ipsum dolore erat. Justo erat justo vero kasd ut praesent dolor quis no amet facilisis ad praesent amet voluptua invidunt. Ipsum duo sed labore kasd erat erat qui invidunt assum. Elitr et duo et et nibh no justo et nonumy. Iriure sea option no tincidunt ea kasd stet et ut eos et gubergren iriure gubergren justo dolor.\n",
        "publishDate": "2023-12-05T15:02:40.6697013+00:00"
    },
    {
        "id": 14,
        "title": "Book 14",
        "description": "Sea lorem aliquyam blandit erat suscipit et et accusam tempor velit laoreet justo in ipsum. Ea wisi vero eos ea exerci eos dolores justo justo liber eos. Invidunt voluptua clita voluptua eos eum. Luptatum velit dolore odio et et accumsan sed eu praesent est sea sea nonumy nibh. Lobortis accusam magna ipsum diam stet et lorem amet no ea invidunt kasd diam zzril sit. Sed facilisi erat. Odio ipsum elitr amet eum soluta lorem ipsum ipsum. Iusto vero et invidunt sanctus at sea justo dolor feugiat. Erat et sed ullamcorper et accusam duo feugait kasd. Ut vel luptatum tempor et sanctus lorem magna nonumy accumsan dolor. At diam hendrerit nisl dolore sea est nonumy in lorem justo. Lorem magna illum. Zzril vel eirmod esse eirmod dolores takimata aliquyam gubergren eirmod et dignissim est eirmod placerat.\n",
        "pageCount": 1400,
        "excerpt": "Sit elitr enim stet nonummy et gubergren eos eos diam. Sed nulla tempor elitr est eros amet consectetuer. Illum gubergren sea et nostrud vel. At sit et tempor eos luptatum est duis nonumy nonumy ipsum ut commodo facilisis ea. Diam rebum ipsum dolor duo elitr labore erat dolor no dolor duo duo duo feugait invidunt.\nEt eirmod velit vero stet nulla voluptua et dolor dolores sit autem ut vero kasd dolor duo at vero. Dolores wisi sit est consectetuer justo enim diam aliquyam vulputate sed sed elit commodo eu sea facilisis et. Sea tempor nulla justo et dolores sed vero erat ut et option ipsum sit nonumy et illum molestie. Sea sed et eos dolor magna liber labore ea. Duis sanctus dolor consequat invidunt praesent gubergren et erat dolores. Iriure ipsum velit aliquip rebum sed diam et id veniam amet ut takimata. Gubergren elitr ipsum vero. Duis enim at eirmod molestie aliquyam takimata stet erat at sanctus magna nonumy et magna justo eros autem. Sed takimata sed dolor nonumy diam dolore aliquip dolor duis magna ullamcorper adipiscing. Diam est dolor dolores gubergren dolor erat sanctus diam lorem voluptua kasd gubergren accumsan ea dolor accusam. Clita sea erat ut dolor lorem dignissim consequat praesent dolor eirmod invidunt autem justo feugiat. Sit zzril nonummy et et eum blandit accusam magna aliquyam amet eos hendrerit sadipscing ipsum sadipscing. Sit dolore et et dolor tempor invidunt vel illum. Sea lorem vero labore diam dolor lorem magna ipsum duo ut aliquip ea diam facilisis. Et lorem feugiat lorem feugait. Sit iriure sit iusto sadipscing lorem erat sed eirmod eos ipsum.\nLabore sanctus sit ut nam id in consetetur voluptua sanctus ad et et. Nihil zzril justo et eros. No et ipsum dolore zzril elitr lorem. Voluptua rebum kasd lorem accusam consetetur mazim elit sed at at nonumy et tempor invidunt ipsum voluptua. In sea et stet duo takimata vero ex magna vero elitr magna kasd rebum amet. Justo clita amet ea consetetur assum et stet eos elitr diam erat iusto justo. Quod kasd et autem elitr ut clita enim est sanctus duo sadipscing rebum takimata aliquyam commodo kasd labore. Consectetuer at dolor sed et nonumy. Sea accumsan sadipscing et rebum dolore. Laoreet duo et justo sit ipsum rebum takimata minim nonumy no voluptua aliquyam ipsum takimata consetetur. Aliquyam sit rebum iusto magna ipsum et amet no dolor diam. Labore justo sed molestie stet kasd takimata no ipsum amet option feugait nibh sed ut magna et. Hendrerit sit lorem. Volutpat duo sit in dolor et justo.\nDolor tempor duo sed consectetuer dolores eos et sed enim ut ullamcorper duo dolor sanctus sadipscing erat sea. At ea clita voluptua vero cum consequat vero lobortis vulputate et tempor. At tempor commodo iusto voluptua lorem et. Veniam kasd nihil dolor rebum consetetur dolores accusam clita luptatum et no aliquyam dolor tincidunt justo kasd amet vero. Sadipscing justo quis accusam nonummy veniam vel luptatum dolores dolores dolores erat at vero aliquyam tempor labore sea. Quis vel ipsum sadipscing molestie amet erat.\nDiam at kasd eu voluptua accusam accusam dolore dolore et nisl dignissim nulla clita tempor sed illum. Sit euismod amet eos diam lorem duo eirmod ipsum diam dolor elitr et et illum tation nonumy. Ullamcorper duo duis et lorem erat eos in invidunt vero labore consequat et wisi eirmod dolores diam. No est invidunt sea et voluptua mazim aliquyam sit invidunt justo est dolor justo dolore quis. Amet ut amet et justo illum ea dolores consetetur amet rebum ut aliquyam est. Nonumy ut lorem commodo eos delenit. Qui sed et.\n",
        "publishDate": "2023-12-04T15:02:40.6697906+00:00"
    },
    {
        "id": 15,
        "title": "Book 15",
        "description": "Nonumy ea voluptua ea invidunt labore at accusam aliquyam imperdiet magna sed volutpat ipsum sed nonumy iriure tincidunt. Accusam erat ea et est et delenit vulputate eros magna. Laoreet ut vel ut et dignissim eirmod sit eum invidunt est et sadipscing clita ut elitr aliquyam sit eos. Vero ut et duis option. Ea amet consetetur nisl minim praesent. Consetetur vero eu ullamcorper dolor ea nonumy sit vel. Liber et vel velit laoreet justo erat dolore justo blandit duo clita diam molestie vero et ea et eirmod. Diam aliquyam sanctus et. Diam dolor est sed tempor ea nonummy commodo est duis illum stet accusam voluptua aliquyam et eos voluptua. Sea et odio lorem et. Eirmod labore rebum lorem. Amet euismod consetetur possim ut duo facilisi aliquip tempor amet esse feugiat lorem eirmod voluptua takimata facilisis amet.\n",
        "pageCount": 1500,
        "excerpt": "Duo stet iriure ut sit luptatum esse. Dolor lorem aliquam luptatum kasd ea magna dolor esse duis hendrerit stet iriure invidunt aliquyam rebum ipsum vel. Kasd takimata eros dolor eirmod takimata clita et dolore invidunt. Dolor consequat nihil dignissim nulla et congue sanctus ut ut hendrerit vero ipsum erat tempor tempor. Eleifend hendrerit tincidunt zzril labore gubergren feugiat sed est labore adipiscing te amet elitr consetetur. Clita gubergren diam ut et sed eos ut ipsum et. Dolor labore vero accumsan qui augue ad facer tincidunt nonummy autem. Vero et eirmod tempor dolore dolores augue magna elitr dolor dolor vero. Ipsum sadipscing amet esse et nulla esse gubergren suscipit voluptua eirmod dolor quis clita clita ut accusam ut vero. Hendrerit adipiscing dolore. Feugait invidunt labore. Ea illum liber sadipscing amet dolor est ut. Dolores elitr amet gubergren et et consetetur accumsan takimata diam est praesent rebum velit nulla dolores takimata congue. Kasd kasd stet sit consetetur et dolor. Hendrerit nonumy ipsum et et elitr ipsum ex sadipscing vero takimata gubergren no eirmod sed nisl labore erat dolores. Elitr vero autem sadipscing sed esse te laoreet velit stet. Sadipscing lorem ipsum et ut. Blandit consequat nostrud sit ut molestie iriure et magna et eos et euismod sit magna lorem stet dolore enim.\nMinim tempor ut kasd ea aliquyam labore zzril stet clita consequat no vel duo duis facilisis eirmod. Est ipsum euismod no sit. Hendrerit gubergren sit feugait sed. Ea gubergren et lorem dolor quis sadipscing esse et iusto no erat sit rebum no vero ut kasd ea.\nNo no sed vel et ullamcorper nibh tempor est aliquyam no sanctus magna duis eos duo velit magna diam. Dolor invidunt dolore nostrud kasd nibh dolore amet illum eros nonumy consetetur. Lorem euismod amet. Erat aliquyam amet eos et et tincidunt lorem stet et vulputate invidunt sanctus. Congue gubergren sea magna eos id ipsum eirmod magna sanctus. Ut clita sed magna justo dolore accusam eos lobortis amet sit invidunt sit assum et. At ipsum sanctus consetetur. Facilisis ipsum no duo sed blandit dolor vero ut dolor lorem nam rebum nulla. Lorem blandit diam assum ut nulla magna dolor erat invidunt sea. Lorem esse magna duo at dolores sea. Magna ea dolor elitr rebum justo lorem. Ea dolor blandit tempor eos wisi tempor gubergren et ipsum dolor facilisis sadipscing. Erat et ipsum diam ad vel.\nUllamcorper nonumy sanctus diam elitr molestie diam. Vero eum adipiscing sit lorem erat dolor ut lorem nonumy ut. Erat nisl et aliquyam elit invidunt consequat enim nonumy vero eirmod. Vel dolor hendrerit ad dolore dolore eos consequat esse amet stet amet dolore elitr. Lorem ex eu tempor hendrerit aliquam vero ea. Ipsum voluptua eu sanctus sit at ea et no labore amet consequat tempor eirmod accumsan et praesent qui accusam. Vel et dolor hendrerit eros iusto ea at tempor eu erat eum. Velit amet sanctus et amet duis. Voluptua sit gubergren dolor tation nonumy clita.\nEa voluptua lorem invidunt elitr nonummy amet sed diam magna dolor gubergren diam aliquyam aliquyam nonumy ipsum ut dolore. Justo dolore esse et sadipscing est consequat consetetur sit sed. Te accusam dolores et ipsum. Consetetur mazim magna clita. Dolore invidunt invidunt duo kasd dolores erat eros eos ipsum autem amet nulla dolore feugait. Gubergren eirmod aliquyam. Sed clita sed invidunt exerci placerat takimata imperdiet quis diam clita sit amet sea et. Blandit takimata et elit consequat elitr est et clita stet no diam sadipscing.\n",
        "publishDate": "2023-12-03T15:02:40.6698792+00:00"
    },
    {
        "id": 16,
        "title": "Book 16",
        "description": "Suscipit dolores sanctus et invidunt ut amet sed accumsan gubergren et dolores enim quis. Wisi amet sit gubergren consetetur ut ea volutpat sanctus lobortis sed. Vero tempor sed et blandit feugait elitr sanctus labore vel sea. Et diam aliquyam lorem et consequat et no sed consequat molestie nulla consetetur wisi laoreet ex at.\n",
        "pageCount": 1600,
        "excerpt": "Sed erat dolore euismod sea voluptua sadipscing ea nibh et tempor ad vero in diam et sanctus. Et ipsum sed erat. Ipsum no praesent diam et labore. Te illum dolores amet. Et euismod kasd iusto. Sadipscing dolor duis invidunt tempor et stet ut illum dolore illum doming et dignissim gubergren elit ipsum aliquyam. Nulla et lobortis dolore hendrerit clita justo erat stet vero veniam amet amet et sadipscing lorem accumsan rebum. Amet in est lorem sed.\nEa consetetur delenit dolore magna eos sit nibh ipsum diam iusto lobortis elitr at dolores in eleifend. Justo diam et stet dolore eu ipsum lorem dolore rebum eum lorem labore erat aliquyam eum dolor dolor. Imperdiet adipiscing hendrerit volutpat molestie ut et dolore et justo odio. Augue iusto dolor accusam volutpat id volutpat kasd magna dolore kasd odio consectetuer. At dolor minim ut ad sea elitr sea lorem doming ea justo nonumy sed sanctus vel eirmod magna delenit.\nMagna eirmod eirmod duis. Clita sed volutpat veniam. Dolore ut dolor accusam aliquam molestie sit vulputate eu. Et blandit sit sed augue est voluptua sanctus ea praesent erat sed dolore et sit ea accumsan. Illum ea quod dolor sea at feugiat et odio tempor. Dolor vulputate no invidunt kasd commodo magna clita dolor ipsum veniam justo nonummy dolor dolor vulputate vero lorem. Consetetur eos stet et accusam rebum zzril ut amet voluptua gubergren aliquyam adipiscing eirmod tempor. Aliquyam velit est ipsum ex elit augue nonummy nihil elitr et et eros. Ipsum nonumy erat et duis nonumy labore et vulputate sanctus eum et invidunt eum tempor. Voluptua amet dolor duo dolores dolor iusto labore consequat te consetetur lobortis odio autem ut option amet et. Et sit ipsum at in et gubergren dolor et sea sit.\nFacer feugiat ea erat quod vero consetetur dolor sit veniam et duo dolor ea vel nonumy odio magna. Ipsum dolor dolores justo nihil accumsan zzril. Sea lorem eos et justo sit eos stet sea labore est sanctus. Suscipit diam est est feugiat takimata dolore labore duis sit veniam at vero te et. Gubergren dolores invidunt consetetur diam dolore ut clita vero sit accusam. Dolor accusam vulputate. Voluptua vel stet kasd nulla autem et ad voluptua erat.\nKasd imperdiet nibh stet lorem sea sit amet ea clita justo. Nisl consetetur aliquyam nulla tempor dolore dolores et lorem gubergren lorem tation ea elitr. Dolore autem in justo. Takimata aliquyam duo diam accusam. At sed ipsum invidunt amet rebum augue sea diam. Dolores exerci nulla ipsum dolor eirmod magna sit gubergren et est iriure wisi. Nobis elitr diam dolor congue laoreet no lorem eirmod velit consequat diam eos sit. Ut ipsum sea justo placerat gubergren et kasd hendrerit dignissim lorem amet et dolores clita. Aliquyam nulla consetetur et feugiat ut zzril nulla. Kasd vel ut amet duis amet dolore ipsum ut suscipit.\n",
        "publishDate": "2023-12-02T15:02:40.6699434+00:00"
    },
    {
        "id": 17,
        "title": "Book 17",
        "description": "Vero vero congue eu magna tempor sanctus kasd euismod doming. Sit et facer in sed euismod rebum dolores aliquip aliquyam lobortis aliquyam dolor. Et voluptua vero sanctus vel lorem erat lorem ipsum vulputate.\n",
        "pageCount": 1700,
        "excerpt": "Sanctus magna dolore diam et takimata ea sed aliquam sanctus et clita lorem. Sed molestie hendrerit consectetuer sed consetetur sit. Ea clita in magna est. Sed magna et lorem tempor. Amet nobis ut rebum consequat consequat ipsum. Sadipscing sed lorem laoreet dolor. Sed tincidunt no aliquyam magna diam stet lorem et iusto ipsum in invidunt kasd invidunt ipsum nulla duo eirmod. Diam amet nisl et tempor in zzril elit justo invidunt takimata et est vulputate.\nExerci rebum takimata kasd et dolor consectetuer sit amet ipsum sit eirmod ut. Ipsum invidunt nonumy gubergren dolore ut at. Consetetur vulputate magna sit eu magna eleifend dolore sanctus autem. Eirmod nostrud sit. Nonumy exerci dolore dolor takimata at adipiscing wisi kasd kasd sed tempor lorem vero vel aliquyam quod eos. Invidunt eirmod stet sit facer aliquip sit duo dolores sit lorem sit amet minim at sit accusam sadipscing. Duo at nulla accusam justo. Dolor sadipscing et est clita et sea duis dolor magna. At takimata iriure nonumy consetetur euismod rebum nulla. Ea kasd diam eu tation eos aliquip consectetuer est commodo accumsan dolores amet kasd justo veniam dolor rebum. Lorem sit dolore ipsum vel justo voluptua rebum vel duo takimata. Et sed clita euismod accusam tempor amet minim nonumy kasd et doming ipsum at ut magna aliquyam dolor. Feugait dolor tincidunt amet amet et rebum velit gubergren amet ut. Dolore magna sit sea elitr kasd est et accumsan adipiscing sit minim mazim vero aliquip amet gubergren consetetur eum. Takimata diam lorem nonumy esse aliquyam ipsum facilisi sadipscing kasd exerci at dolor est diam ipsum euismod. Et ipsum at tation et no autem stet ipsum eirmod stet duo eu ut lorem. Amet kasd lorem nam ipsum sit facilisis vel vulputate elitr. Vero erat dolor labore at eirmod diam clita dolor sadipscing enim volutpat diam stet eros voluptua. Sed at tempor elitr accumsan et est consequat amet duo stet aliquip justo.\nOption et et minim sit lorem est. Soluta qui takimata eirmod dolores sadipscing. Consetetur tincidunt justo lorem. Luptatum lobortis et eirmod amet dolor dignissim elitr justo rebum elitr sed sit amet duo at diam dolore. Vel magna amet lorem. Ea et esse tempor at et accusam invidunt ipsum amet dolores amet illum diam praesent. Labore rebum stet assum duis sanctus dolore sit vero vel diam eu quod est stet. Ut gubergren veniam velit gubergren amet vel te elitr sanctus at dolor. Eos facilisi amet duis. Sed at dolore zzril nibh at eirmod ullamcorper. Lorem sanctus eros tation ipsum zzril imperdiet consetetur magna. Sed consetetur ut aliquyam ea duis ut tempor consequat dolores dolor. Lorem aliquyam invidunt augue. Nam aliquam lorem invidunt consequat odio assum aliquyam justo dolores. Diam eirmod sanctus aliquyam duo et volutpat ad elitr sit lorem lorem vero eirmod ut.\nKasd duo amet vulputate lorem clita nonumy sadipscing no justo. Facer enim sit rebum facilisis voluptua diam sit kasd et voluptua amet amet elitr. Facilisi elitr ut elitr dolor sed vel kasd dolor lorem accusam ut sanctus. Dolores odio vero. Sea et dolore sit labore elitr minim clita diam erat tation ut in sit dolores dolore in minim. Labore dolores ut no lobortis dolore. No dolor lorem accusam. Dolores et nonumy et justo ullamcorper kasd takimata. Id sed amet lorem dolore et clita ipsum takimata vero ullamcorper consectetuer consetetur consetetur sanctus nonumy rebum elitr. Vero et erat laoreet diam esse et consequat nisl aliquyam dolor at eros sadipscing amet suscipit voluptua ea. Dolore ut dolor sanctus nonummy elit rebum. Diam vero et. Liber duo autem consequat elitr nulla molestie gubergren. Amet nulla sed et sadipscing. Erat nulla sadipscing vel aliquyam ipsum voluptua sadipscing duis diam diam. Amet voluptua tation ea at accusam eirmod kasd eos consetetur gubergren doming sadipscing kasd voluptua justo commodo. Ipsum nobis accusam aliquyam ut aliquam rebum nonumy.\nEu at invidunt ut rebum eu. Labore aliquyam sit ipsum takimata diam dolore at invidunt ad ad elitr ipsum nostrud. Eros elitr vero consetetur nonummy et diam eirmod consequat et blandit lobortis magna sed sea. Magna et eos elitr tation dolores ex sit clita assum justo lorem dolor ut et amet sit. Luptatum consetetur nonummy ipsum sit nonumy sadipscing sed ipsum dolor vero aliquip dolor sit sanctus diam.\n",
        "publishDate": "2023-12-01T15:02:40.6700385+00:00"
    },
    {
        "id": 18,
        "title": "Book 18",
        "description": "Minim dignissim dolore quis takimata diam dolore elitr minim sed. Et sed aliquam ipsum ut et stet facilisis vero sed et lorem dolores justo diam et sea. Ut nisl sadipscing dolore autem dolor option in takimata liber. Accusam no mazim dolor est sed et. Dolores consetetur aliquyam commodo dolor laoreet lorem. Volutpat commodo at dolores eirmod at. Elitr dolor sed et sed dolores ipsum tempor no. Et et blandit gubergren dolor sit vero tempor ut dolor sadipscing nulla no sed facer facilisis. Sed nonumy amet nonumy ea feugiat et amet. Facilisis sanctus nulla ut adipiscing eos accusam voluptua. Justo cum sanctus nonumy et dolores magna ipsum praesent magna duo consetetur liber amet. Dolore at dolore sadipscing. Sadipscing at ipsum gubergren rebum. Dolores imperdiet lorem gubergren accusam tempor tempor erat erat diam et diam justo. Sea magna aliquyam eos dolore sea.\n",
        "pageCount": 1800,
[...]
r dolor diam aliquyam. No et no clita ipsum iriure. Rebum est ea consequat sadipscing. Sed nonumy lorem.\nInvidunt kasd commodo takimata vel lorem luptatum tempor. Et lorem et. Duo wisi ipsum dolores ipsum. Dolor minim accusam erat nonummy hendrerit blandit. Elit sea eum invidunt accusam ipsum vero quis qui elitr ipsum ea consetetur augue et suscipit aliquyam kasd lorem. Diam consetetur diam euismod elitr magna sed amet et magna dolores lorem duo sed invidunt aliquyam no tempor. Ipsum nonumy vero ea. Delenit luptatum lorem enim iriure. Et lorem vero wisi lorem. Rebum duo tempor diam stet accumsan vel molestie tincidunt et dolor ut diam aliquip sit. Feugiat aliquyam rebum minim nonumy magna rebum voluptua ea facilisi laoreet amet dolore illum odio dolore ut duis.\nDiam elitr dolore lorem ipsum sed accusam elitr diam sit nonumy sed dignissim. Voluptua dolore dolor sed elitr dolore lorem dolores voluptua ut tempor amet est sadipscing praesent voluptua duo. Lorem velit consectetuer ipsum ipsum lorem ea. Tation accusam eos duo duo adipiscing rebum duis liber exerci justo sanctus sanctus ut lorem clita luptatum dolor. Lorem eos dolor no gubergren nihil sed tempor aliquyam in sea nonummy soluta rebum at odio dolore sed at.\nAliquyam kasd ullamcorper consetetur sea kasd eirmod stet. Accusam ut lorem accusam clita sadipscing ipsum adipiscing magna accusam sed consetetur consequat et magna magna. Sadipscing aliquyam eum aliquip labore consetetur ipsum accusam eos eum. Dolore ea invidunt diam amet iriure et. Nonumy vel sit magna elitr et sit sit ea rebum et. Takimata dolor elitr volutpat sea tincidunt eleifend tempor gubergren in duo. Ipsum lobortis lorem at et wisi consetetur dolor erat feugait sed ipsum sadipscing ipsum et ea tempor sadipscing. Sea laoreet invidunt ex justo amet molestie eirmod consetetur aliquyam labore stet volutpat dolor clita labore ut accusam dolor. Rebum justo vero et eleifend est. At no dolor magna et duo takimata kasd et takimata takimata aliquyam. Nobis et sit nostrud ea nulla iriure at magna ea ipsum lorem qui duis. Eirmod stet dolor amet sed sanctus stet diam. Ipsum sit sit kasd ut ipsum diam minim suscipit amet ipsum consetetur justo tempor. Justo clita stet kasd amet eirmod dolores enim. Dignissim eos justo ut sed sed amet nonumy aliquyam ut te et. Dolore facer et eirmod takimata accumsan justo ipsum nulla justo. Veniam aliquyam ut consetetur dolor sit gubergren. Suscipit vulputate vero adipiscing.\nVoluptua voluptua ut no autem sea exerci eirmod ipsum lorem dolor sed. Vero kasd te voluptua. Lorem et sea sed clita aliquip tempor sit ad euismod stet amet sea no eirmod adipiscing ipsum vel no.\n",
        "publishDate": "2023-06-02T15:02:40.7229999+00:00"
    },
    {
        "id": 200,
        "title": "Book 200",
        "description": "Elitr et sea imperdiet. Accusam nulla nonumy invidunt in gubergren enim clita sea eirmod augue. Rebum eos in. Facilisis et accumsan exerci sed vel diam sed accusam. Ea aliquip ipsum clita ut luptatum. Et magna euismod stet nonummy eirmod ipsum. Veniam eu ut accusam sea consequat sed ipsum sit magna amet erat nonumy. Eirmod diam magna ea tincidunt rebum gubergren takimata ipsum doming dolor kasd et elitr clita qui lorem iriure. No vero luptatum odio invidunt rebum ipsum vero nisl. Magna eros consetetur tation erat elitr voluptua. Nulla sed lobortis possim nonumy et vero vero et dolore lorem tempor eros eos aliquyam amet erat. Voluptua luptatum iriure sit rebum sanctus eirmod erat ea duo ipsum velit euismod.\n",
        "pageCount": 20000,
        "excerpt": "Hendrerit justo labore rebum assum takimata et feugiat stet labore consequat no. Et et labore amet diam elitr et gubergren justo erat et aliquip. Accusam amet sanctus et accusam dolore ipsum et est aliquyam est ut no rebum. Labore dolore vel vero magna dolor ut illum veniam sed sea sit.\nEt eos labore illum tempor esse nobis at diam. Ipsum facilisis ex dolor ipsum et te voluptua erat ea at consequat et facilisi lorem option. Wisi nostrud ea stet magna labore takimata dolor vulputate accusam erat eirmod imperdiet. Nonummy in dolore velit consequat. Accumsan magna illum elit volutpat eos duis labore aliquip vero autem sed nisl ipsum tempor et voluptua. Et amet consequat eros rebum clita eos ut sit eum kasd no dignissim et ea dolores nostrud sit sed. Quis no duo sanctus wisi nobis id vel eleifend commodo ut dolore nobis vero et. Aliquip et dolores clita tation vel sanctus invidunt lorem hendrerit in exerci id diam lorem dolore. Takimata ad rebum voluptua. Takimata illum consequat nihil nisl dolor suscipit dolor et no dolores kasd clita elit luptatum hendrerit iriure. Invidunt amet justo diam. Dolore amet gubergren amet eirmod aliquam dolor kasd dolor lorem ad at suscipit enim gubergren et est consequat. Amet vero gubergren et kasd. Lorem dolor clita esse nihil. Sanctus magna duo dignissim eum sadipscing. Gubergren dolores ad dolor zzril stet gubergren sanctus. No labore hendrerit dolore ad accusam te nonumy et duo lorem et erat nibh vel at et et.\nTempor stet eirmod diam erat invidunt dolore enim est sit et consetetur ipsum elitr. Clita clita amet diam ut accusam eu eu consetetur consetetur magna magna exerci ut clita diam nulla voluptua erat. Sit magna dolor. Nonumy nonumy diam labore. Dolor est ex ipsum in et eu vero erat takimata eos ut amet hendrerit eum kasd sadipscing elitr consequat. Justo sed justo exerci dolores. Elitr kasd lorem ea. Consetetur sit nam sit et et stet accusam ea eleifend ipsum consequat dolor sanctus gubergren. Magna sanctus diam erat magna duis. Sea in consequat sit wisi imperdiet sanctus justo takimata rebum elit sed magna dolor iriure sadipscing. Erat stet justo sanctus. Iusto consectetuer soluta qui stet kasd sanctus sed invidunt rebum eleifend eos commodo vero consectetuer dignissim iriure eum. Dolore amet iusto accusam diam. Tempor facilisi nonummy erat sit sed consetetur gubergren sed justo invidunt duis amet consequat aliquip rebum luptatum sed dolores. Sea no duo in at ut sed consectetuer dolor accusam lorem erat accumsan. Diam eirmod sadipscing dolore ut ut takimata sit tation est. Sadipscing nonummy gubergren lorem dolor ipsum gubergren ipsum eleifend.\nIn diam accusam et luptatum nibh. Accusam justo takimata eirmod aliquip. Rebum et sit vero dolore nonumy sit sanctus eum sed dolore et. Erat consetetur lorem diam vero vero.\nEu lorem clita ipsum justo nostrud magna vel diam eum lorem erat dignissim sed dolore. Dolores exerci veniam lorem lorem. Ipsum eirmod clita sit aliquip odio ea. Dolore rebum erat lorem adipiscing dolor. Takimata stet amet consequat sanctus feugiat ut diam consetetur labore eirmod. Elitr eos adipiscing elit et lorem eos voluptua vero diam voluptua kasd tation et tation veniam nonumy et. Nonummy wisi gubergren elitr autem dolores illum consetetur amet option kasd duo. Stet in sanctus sanctus kasd ipsum sed.\n",
        "publishDate": "2023-06-01T15:02:40.7287217+00:00"
    }
]
4th book id --------->4
]]></system-out>
  </testcase>
  <testcase name="test_updateBook" classname="api.test.BookTest" time="4.596">
    <system-out><![CDATA[Random Number in Range: 303
HTTP/1.1 200 OK
Content-Type: application/json; charset=utf-8; v=1.0
Date: Mon, 18 Dec 2023 15:03:22 GMT
Server: Kestrel
Transfer-Encoding: chunked
api-supported-versions: 1.0

{
    "id": 303,
    "title": "Palma",
    "description": "Cremin",
    "pageCount": 408,
    "excerpt": "darius.homenick@yahoo.com",
    "publishDate": "2024-05-06T15:02:46.6465312+00:00"
}
]]></system-out>
  </testcase>
  <testcase name="test_getBookingByIds" classname="api.test.RestfulBookerTest" time="1.927">
    <system-out><![CDATA[HTTP/1.1 200 OK
Server: Cowboy
Report-To: {"group":"heroku-nel","max_age":3600,"endpoints":[{"url":"https://nel.heroku.com/reports?ts=1702911805&sid=c46efe9b-d3d2-4a0c-8c76-bfafa16c5add&s=rvoG4eiPcDsafAGk2i6zPiabdbGMf%2BFrZ53BVCYg9UA%3D"}]}
Reporting-Endpoints: heroku-nel=https://nel.heroku.com/reports?ts=1702911805&sid=c46efe9b-d3d2-4a0c-8c76-bfafa16c5add&s=rvoG4eiPcDsafAGk2i6zPiabdbGMf%2BFrZ53BVCYg9UA%3D
Nel: {"report_to":"heroku-nel","max_age":3600,"success_fraction":0.005,"failure_fraction":0.05,"response_headers":["Via"]}
Connection: keep-alive
X-Powered-By: Express
Content-Type: application/json; charset=utf-8
Content-Length: 2603
Etag: W/"a2b-ZMG02MtysehWFUL7gncjrGLajOw"
Date: Mon, 18 Dec 2023 15:03:25 GMT
Via: 1.1 vegur

[
    {
        "bookingid": 33
    },
    {
        "bookingid": 15
    },
    {
        "bookingid": 180
    },
    {
        "bookingid": 166
    },
    {
        "bookingid": 135
    },
    {
        "bookingid": 96
    },
    {
        "bookingid": 126
    },
    {
        "bookingid": 165
    },
    {
        "bookingid": 16
    },
    {
        "bookingid": 19
    },
    {
        "bookingid": 56
    },
    {
        "bookingid": 109
    },
    {
        "bookingid": 93
    },
    {
        "bookingid": 117
    },
    {
        "bookingid": 153
    },
    {
        "bookingid": 67
    },
    {
        "bookingid": 163
    },
    {
        "bookingid": 104
    },
    {
        "bookingid": 94
    },
    {
        "bookingid": 32
    },
    {
        "bookingid": 71
    },
    {
        "bookingid": 23
    },
    {
        "bookingid": 138
    },
    {
        "bookingid": 129
    },
    {
        "bookingid": 18
    },
    {
        "bookingid": 146
    },
    {
        "bookingid": 97
    },
    {
        "bookingid": 145
    },
    {
        "bookingid": 121
    },
    {
        "bookingid": 175
    },
    {
        "bookingid": 162
    },
    {
        "bookingid": 7
    },
    {
        "bookingid": 27
    },
    {
        "bookingid": 170
    },
    {
        "bookingid": 87
    },
    {
        "bookingid": 77
    },
    {
        "bookingid": 103
    },
    {
        "bookingid": 20
    },
    {
        "bookingid": 143
    },
    {
        "bookingid": 28
    },
    {
        "bookingid": 78
    },
    {
        "bookingid": 134
    },
    {
        "bookingid": 106
    },
    {
        "bookingid": 84
    },
    {
        "bookingid": 172
    },
    {
        "bookingid": 30
    },
    {
        "bookingid": 58
    },
    {
        "bookingid": 59
    },
    {
        "bookingid": 139
    },
    {
        "bookingid": 99
    },
    {
        "bookingid": 2
    },
    {
        "bookingid": 68
    },
    {
        "bookingid": 52
    },
    {
        "bookingid": 50
    },
    {
        "bookingid": 60
    },
    {
        "bookingid": 62
    },
    {
        "bookingid": 110
    },
    {
        "bookingid": 118
    },
    {
        "bookingid": 111
    },
    {
        "bookingid": 54
    },
    {
        "bookingid": 177
    },
    {
        "bookingid": 9
    },
    {
        "bookingid": 173
    },
    {
        "bookingid": 13
    },
    {
        "bookingid": 119
    },
    {
        "bookingid": 141
    },
    {
        "bookingid": 46
    },
    {
        "bookingid": 92
    },
    {
        "bookingid": 17
    },
    {
        "bookingid": 100
    },
    {
        "bookingid": 76
    },
    {
        "bookingid": 12
    },
    {
        "bookingid": 148
    },
    {
        "bookingid": 34
    },
    {
        "bookingid": 85
    },
    {
        "bookingid": 29
    },
    {
        "bookingid": 142
    },
    {
        "bookingid": 174
    },
    {
        "bookingid": 39
    },
    {
        "bookingid": 144
    },
    {
        "bookingid": 169
    },
    {
        "bookingid": 115
    },
    {
        "bookingid": 41
    },
    {
        "bookingid": 74
    },
    {
        "bookingid": 158
    },
    {
        "bookingid": 40
    },
    {
        "bookingid": 6
    },
    {
        "bookingid": 112
    },
    {
        "bookingid": 36
    },
    {
        "bookingid": 37
    },
    {
        "bookingid": 80
    },
    {
        "bookingid": 51
    },
    {
        "bookingid": 124
    },
    {
        "bookingid": 61
    },
    {
        "bookingid": 4
    },
    {
        "bookingid": 21
    },
    {
        "bookingid": 5
    },
    {
        "bookingid": 156
    },
    {
        "bookingid": 105
    },
    {
        "bookingid": 49
    },
    {
        "bookingid": 167
    },
    {
        "bookingid": 45
    },
    {
        "bookingid": 149
    },
    {
        "bookingid": 147
    },
    {
        "bookingid": 44
    },
    {
        "bookingid": 70
    },
    {
        "bookingid": 72
    },
    {
        "bookingid": 157
    },
    {
        "bookingid": 11
    },
    {
        "bookingid": 24
    },
    {
        "bookingid": 53
    },
    {
        "bookingid": 116
    },
    {
        "bookingid": 128
    },
    {
        "bookingid": 137
    },
    {
        "bookingid": 113
    },
    {
        "bookingid": 57
    },
    {
        "bookingid": 35
    },
    {
        "bookingid": 107
    },
    {
        "bookingid": 83
    },
    {
        "bookingid": 65
    },
    {
        "bookingid": 136
    },
    {
        "bookingid": 102
    },
    {
        "bookingid": 98
    },
    {
        "bookingid": 69
    },
    {
        "bookingid": 75
    },
    {
        "bookingid": 25
    },
    {
        "bookingid": 131
    },
    {
        "bookingid": 132
    },
    {
        "bookingid": 3
    },
    {
        "bookingid": 91
    },
    {
        "bookingid": 10
    },
    {
        "bookingid": 159
    },
    {
        "bookingid": 81
    },
    {
        "bookingid": 31
    },
    {
        "bookingid": 42
    },
    {
        "bookingid": 154
    },
    {
        "bookingid": 82
    },
    {
        "bookingid": 1
    },
    {
        "bookingid": 127
    },
    {
        "bookingid": 89
    },
    {
        "bookingid": 14
    },
    {
        "bookingid": 114
    },
    {
        "bookingid": 64
    },
    {
        "bookingid": 130
    },
    {
        "bookingid": 48
    },
    {
        "bookingid": 43
    },
    {
        "bookingid": 90
    },
    {
        "bookingid": 47
    },
    {
        "bookingid": 8
    },
    {
        "bookingid": 55
    }
]
Assertion pass for test_getBookingByIds
]]></system-out>
  </testcase>
  <testcase name="test_createToken" classname="api.test.RestfulBookerTest" time="3.442">
    <system-out><![CDATA[HTTP/1.1 200 OK
Server: Cowboy
Report-To: {"group":"heroku-nel","max_age":3600,"endpoints":[{"url":"https://nel.heroku.com/reports?ts=1702911808&sid=c46efe9b-d3d2-4a0c-8c76-bfafa16c5add&s=xmColKGGjbt0IjoADaz0icIJ%2BBVpktFXR3Pu5fP%2B%2F6c%3D"}]}
Reporting-Endpoints: heroku-nel=https://nel.heroku.com/reports?ts=1702911808&sid=c46efe9b-d3d2-4a0c-8c76-bfafa16c5add&s=xmColKGGjbt0IjoADaz0icIJ%2BBVpktFXR3Pu5fP%2B%2F6c%3D
Nel: {"report_to":"heroku-nel","max_age":3600,"success_fraction":0.005,"failure_fraction":0.05,"response_headers":["Via"]}
Connection: keep-alive
X-Powered-By: Express
Content-Type: application/json; charset=utf-8
Content-Length: 27
Etag: W/"1b-KnX9eh+gokpgfHocSB9sxBPWpcM"
Date: Mon, 18 Dec 2023 15:03:28 GMT
Via: 1.1 vegur

{
    "token": "5fbf175b477ae0e"
}
Toekn Generated //////////////> 5fbf175b477ae0e
]]></system-out>
  </testcase>
  <testcase name="test_getBookingById" classname="api.test.RestfulBookerTest" time="10.663">
    <system-out><![CDATA[HTTP/1.1 200 OK
Server: Cowboy
Report-To: {"group":"heroku-nel","max_age":3600,"endpoints":[{"url":"https://nel.heroku.com/reports?ts=1702911812&sid=c46efe9b-d3d2-4a0c-8c76-bfafa16c5add&s=ko2BfFCJGiyKQHWUdcTvs58FZuQ2i3YMYxg%2BALJ41No%3D"}]}
Reporting-Endpoints: heroku-nel=https://nel.heroku.com/reports?ts=1702911812&sid=c46efe9b-d3d2-4a0c-8c76-bfafa16c5add&s=ko2BfFCJGiyKQHWUdcTvs58FZuQ2i3YMYxg%2BALJ41No%3D
Nel: {"report_to":"heroku-nel","max_age":3600,"success_fraction":0.005,"failure_fraction":0.05,"response_headers":["Via"]}
Connection: keep-alive
X-Powered-By: Express
Content-Type: application/json; charset=utf-8
Content-Length: 171
Etag: W/"ab-MG4aCOdqq15ogV4Uqb+rfjZOkQk"
Date: Mon, 18 Dec 2023 15:03:32 GMT
Via: 1.1 vegur

{
    "firstname": "Josh",
    "lastname": "Allen",
    "totalprice": 111,
    "depositpaid": true,
    "bookingdates": {
        "checkin": "2018-01-01",
        "checkout": "2019-01-01"
    },
    "additionalneeds": "super bowls"
}
]]></system-out>
  </testcase>
  <testcase name="test_createBooking" classname="api.test.RestfulBookerTest" time="2.412">
    <system-out><![CDATA[HTTP/1.1 200 OK
Server: Cowboy
Report-To: {"group":"heroku-nel","max_age":3600,"endpoints":[{"url":"https://nel.heroku.com/reports?ts=1702911821&sid=c46efe9b-d3d2-4a0c-8c76-bfafa16c5add&s=d4K1Up7yOMAFs6apvr3Ge0XgjYE%2BJJ4VafmyAPjLIsI%3D"}]}
Reporting-Endpoints: heroku-nel=https://nel.heroku.com/reports?ts=1702911821&sid=c46efe9b-d3d2-4a0c-8c76-bfafa16c5add&s=d4K1Up7yOMAFs6apvr3Ge0XgjYE%2BJJ4VafmyAPjLIsI%3D
Nel: {"report_to":"heroku-nel","max_age":3600,"success_fraction":0.005,"failure_fraction":0.05,"response_headers":["Via"]}
Connection: keep-alive
X-Powered-By: Express
Content-Type: application/json; charset=utf-8
Content-Length: 196
Etag: W/"c4-ucNXKsQQgQRmIIN5o3EM9MrQrAY"
Date: Mon, 18 Dec 2023 15:03:41 GMT
Via: 1.1 vegur

{
    "bookingid": 321,
    "booking": {
        "firstname": "Davidd",
        "lastname": "Joee",
        "totalprice": 111,
        "depositpaid": false,
        "bookingdates": {
            "checkin": "2023-12-19",
            "checkout": "2023-12-23"
        },
        "additionalneeds": "Dinner"
    }
}
Generated booking id-------->>321
]]></system-out>
  </testcase>
  <testcase name="patchBooking" classname="api.test.RestfulBookerTest" time="2.269">
    <system-out><![CDATA[HTTP/1.1 200 OK
Server: Cowboy
Report-To: {"group":"heroku-nel","max_age":3600,"endpoints":[{"url":"https://nel.heroku.com/reports?ts=1702911823&sid=c46efe9b-d3d2-4a0c-8c76-bfafa16c5add&s=RNQVXwz9B2H6jcagQxYhKKWsc2i6LSMAWmjVR%2B8g5W8%3D"}]}
Reporting-Endpoints: heroku-nel=https://nel.heroku.com/reports?ts=1702911823&sid=c46efe9b-d3d2-4a0c-8c76-bfafa16c5add&s=RNQVXwz9B2H6jcagQxYhKKWsc2i6LSMAWmjVR%2B8g5W8%3D
Nel: {"report_to":"heroku-nel","max_age":3600,"success_fraction":0.005,"failure_fraction":0.05,"response_headers":["Via"]}
Connection: keep-alive
X-Powered-By: Express
Content-Type: application/json; charset=utf-8
Content-Length: 167
Etag: W/"a7-0FQsp32wmE+0hpCuhk98ODeZlXw"
Date: Mon, 18 Dec 2023 15:03:43 GMT
Via: 1.1 vegur

{
    "firstname": "Madan",
    "lastname": "Asis",
    "totalprice": 111,
    "depositpaid": false,
    "bookingdates": {
        "checkin": "2023-12-19",
        "checkout": "2023-12-23"
    },
    "additionalneeds": "Dinner"
}
]]></system-out>
  </testcase>
  <testcase name="test_dataDrivenCreateBooking[Manisha, Koirala, 3232, true, 12/12/23, 12/14/23, Tour](1)" classname="api.test.RestfulBookerTest" time="1.572">
    <system-out><![CDATA[
================PRINTING ALL DATA FROM EXCEL============================
1<--row-|-col-->7
Manisha | Koirala | 3232 | true | 12/12/23 | 12/14/23 | Tour | 

=====================END=======================
HTTP/1.1 200 OK
Server: Cowboy
Report-To: {"group":"heroku-nel","max_age":3600,"endpoints":[{"url":"https://nel.heroku.com/reports?ts=1702911827&sid=c46efe9b-d3d2-4a0c-8c76-bfafa16c5add&s=WeU9QVeiCI3%2FT5vCsf2M7mpG42dCY3hZMPy5T2rfIMw%3D"}]}
Reporting-Endpoints: heroku-nel=https://nel.heroku.com/reports?ts=1702911827&sid=c46efe9b-d3d2-4a0c-8c76-bfafa16c5add&s=WeU9QVeiCI3%2FT5vCsf2M7mpG42dCY3hZMPy5T2rfIMw%3D
Nel: {"report_to":"heroku-nel","max_age":3600,"success_fraction":0.005,"failure_fraction":0.05,"response_headers":["Via"]}
Connection: keep-alive
X-Powered-By: Express
Content-Type: application/json; charset=utf-8
Content-Length: 198
Etag: W/"c6-TkcOE/WEKTSDTbNLcWQWmxnLIgo"
Date: Mon, 18 Dec 2023 15:03:47 GMT
Via: 1.1 vegur

{
    "bookingid": 371,
    "booking": {
        "firstname": "Manisha",
        "lastname": "Koirala",
        "totalprice": 3232,
        "depositpaid": true,
        "bookingdates": {
            "checkin": "2023-12-12",
            "checkout": "2023-12-14"
        },
        "additionalneeds": "Tour"
    }
}
]]></system-out>
  </testcase>
</testsuite>