<?xml version="1.0" encoding="UTF-8"?>
<testsuite xmlns:xsi="http://www.w3.org/2001/XMLSchema-instance" xsi:noNamespaceSchemaLocation="https://maven.apache.org/surefire/maven-surefire-plugin/xsd/surefire-test-report-3.0.xsd" version="3.0" name="TestSuite" time="31.516" tests="8" errors="0" skipped="0" failures="0">
  <properties>
[...]
</properties>
  <testcase name="test_createBook" classname="api.test.BookTest" time="3.166">
    <system-out><![CDATA[Random Number in Range: 484
HTTP/1.1 200 OK
Content-Type: application/json; charset=utf-8; v=1.0
Date: Sun, 17 Dec 2023 16:42:12 GMT
Server: Kestrel
Transfer-Encoding: chunked
api-supported-versions: 1.0

{
    "id": 484,
    "title": "Fonda",
    "description": "Gottlieb",
    "pageCount": 408,
    "excerpt": "evan.mueller@hotmail.com",
    "publishDate": "2025-10-05T15:02:46.6465312+00:00"
}
484
<-----------All Assertion passed----->
]]></system-out>
    <system-err><![CDATA[SLF4J: No SLF4J providers were found.
SLF4J: Defaulting to no-operation (NOP) logger implementation
SLF4J: See https://www.slf4j.org/codes.html#noProviders for further details.
]]></system-err>
  </testcase>
  <testcase name="test_getAllBooks" classname="api.test.BookTest" time="9.014">
    <system-out><![CDATA[HTTP/1.1 200 OK
Content-Type: application/json; charset=utf-8; v=1.0
Date: Sun, 17 Dec 2023 16:42:13 GMT
Server: Kestrel
Transfer-Encoding: chunked
api-supported-versions: 1.0

[
    {
        "id": 1,
        "title": "Book 1",
        "description": "Diam consectetuer illum duo nostrud facilisi magna. Qui tempor at eos enim magna nostrud duis vel lorem ut dolore eum ea diam nulla eos consetetur. Labore sea magna ipsum lorem et eu dignissim et magna aliquyam sed est sadipscing. Sadipscing ut esse nostrud et no ut nonumy sit magna accusam nonumy. Justo tempor est. Et sed dolor. Aliquyam nonumy at. Invidunt autem stet ea liber dolor aliquyam. Et et sanctus sit consectetuer. Accusam dolor ipsum invidunt esse facilisis consetetur ad ea sanctus diam ut kasd vel erat iriure stet. Nostrud illum ipsum justo amet. Dolore consequat diam labore aliquip duo labore no illum voluptua accusam. Et consetetur lorem aliquyam nulla tempor magna ullamcorper. Dolore elit ut sea tempor elitr no aliquip stet sit ut ea kasd lorem delenit. In stet dolor ex dolor odio dolore clita diam vel justo.\n",
        "pageCount": 100,
        "excerpt": "Nonumy eu velit takimata tempor at eirmod nulla at dolore gubergren erat nonumy wisi no. Eirmod kasd diam diam lorem dolor vero dolores dolor tempor amet no lorem eu ipsum eos dolor. Ullamcorper dolores duis facilisis mazim consetetur tation magna diam magna diam euismod erat. Feugiat at justo eos.\nNam clita est accusam lobortis amet euismod aliquyam. Feugait nulla suscipit gubergren dolor gubergren sadipscing suscipit dolore eirmod erat nihil vero sit gubergren. Sit sea dolor sanctus feugiat feugiat rebum no option justo eos. Tincidunt et et eleifend feugiat diam. Esse magna veniam dolore sadipscing magna dolore elitr lorem. Nonumy sed vel amet in no elitr nonummy dolor. Lorem esse iriure et erat. No ut exerci clita ipsum et ea takimata nulla. Ad eros lorem iusto sadipscing vel sea consetetur. Et esse et labore stet labore justo consetetur adipiscing clita lorem accusam.\nUt sadipscing duo ipsum elitr tempor et sit sed tempor et veniam zzril eros rebum consectetuer autem. Invidunt duo takimata et dolor sit te diam diam. Minim augue feugait commodo erat facilisi aliquyam aliquyam at gubergren dolor vero nonumy lorem voluptua veniam sit stet. Sanctus minim lorem delenit sed justo aliquip aliquyam sadipscing amet dolores hendrerit magna. Amet volutpat et minim sadipscing aliquyam sea clita. Et ea elitr. Vel ipsum nonumy dolore nonumy takimata et sit at minim rebum dolore nibh aliquyam. Liber labore sea ullamcorper lorem ea est justo dolore ipsum dolor sea magna ea. Ut duo amet at ipsum consetetur et dolor. Invidunt iriure gubergren in est justo voluptua autem et veniam sed amet dolores lorem odio. Iriure ut eum. Invidunt amet kasd sit in elitr enim invidunt eirmod voluptua. Ipsum accusam delenit vero clita est elit rebum elitr voluptua justo nulla luptatum ut dolor.\nAt feugiat aliquyam no sed minim voluptua justo. Suscipit ea feugiat est diam consetetur takimata magna aliquam sed stet sit no elitr clita accusam lorem. Feugiat in iriure minim sit sit dolor voluptua no. Takimata amet invidunt eirmod tempor feugiat magna veniam ex accusam. Sed clita ipsum qui et et sit. Tempor duo eirmod tempor sed iriure dolor. Dolor et nulla ipsum ipsum illum sed et diam laoreet amet. Sed gubergren kasd hendrerit et dolores blandit est. Elitr eros magna at vulputate sed ipsum eirmod sea dolor nulla at amet ut. Et duo eirmod sanctus eu dolore elitr zzril accusam. Hendrerit eros dolor praesent lorem gubergren diam. Erat eirmod tempor zzril. Elitr consetetur euismod labore et takimata vulputate vero et ullamcorper.\nSed sed vero voluptua amet amet amet kasd eros. Rebum sit velit. Ipsum amet lorem et magna sit sanctus accusam diam ut amet dolor ipsum at ipsum no. Dolores ad ipsum diam dolore odio et. Tempor ipsum ipsum invidunt sadipscing stet diam no labore eos sed vero labore dolor aliquyam stet diam. Diam voluptua feugiat sit eirmod vel ut elitr dolor aliquip vulputate sit accusam erat labore. Minim justo dolore ut. Velit lorem labore nam labore eos labore takimata eos at cum stet.\n",
        "publishDate": "2023-12-16T16:42:14.1176416+00:00"
    },
    {
        "id": 2,
        "title": "Book 2",
        "description": "Nonumy eirmod elitr consetetur diam et ut luptatum magna lobortis tempor dolore sit feugait invidunt sit. Sed sed diam amet eos diam facilisi dolor takimata dolor duo suscipit tempor eirmod commodo et eu. Diam lorem no sit amet nisl eos et consetetur justo dolore. At et sanctus nonumy at accusam.\n",
        "pageCount": 200,
        "excerpt": "Et lorem wisi velit dolore justo ut takimata eirmod qui nisl ea. Ea voluptua sit sea dolore voluptua. At sit stet nonumy et consequat diam rebum blandit eirmod nulla magna dolor duo. Eirmod qui nonumy rebum ea et ea et at. Velit ipsum te. No kasd consetetur amet rebum amet luptatum ipsum. Dolore ea elitr diam diam wisi eirmod justo volutpat facilisis. Lorem sit eos sit sanctus nostrud vel dolores duis eos lorem. Ex dolore no facilisis accusam invidunt et ex diam lorem diam. Dolor sanctus kasd at eirmod invidunt tation duo tempor diam diam. Velit sadipscing dolores invidunt diam amet sanctus takimata dolor lorem. Takimata ea sadipscing consequat lorem molestie aliquyam. Et takimata dolor est est lorem esse duo tation. Velit clita sea tation sit amet diam dolor in kasd. Commodo luptatum no elitr ea aliquip feugiat takimata ut ullamcorper nisl vero nulla sadipscing. Nonumy nam magna sed dolores minim magna voluptua gubergren sadipscing ea ea et tincidunt sea invidunt. Sit lorem ex vulputate voluptua sanctus accusam clita. Kasd at at et eirmod veniam ad tempor commodo accusam et ipsum voluptua diam.\nEirmod amet dolore et. Nobis diam volutpat clita tempor et sea soluta dolor sed sed stet takimata justo nonumy. Diam eirmod ut est et diam. Ea lorem duis nobis accusam praesent consetetur clita lorem sadipscing et erat lorem et accusam ipsum eirmod. Nisl consequat exerci erat velit justo diam sed eirmod est nonummy rebum delenit elitr euismod nonumy accusam. Sed rebum tempor sit lorem et duo dignissim tempor. Nostrud ipsum facilisi labore magna illum autem consetetur. Ut lorem eum velit consetetur augue nisl ad elitr consequat diam. No nobis nihil sea aliquam dolor commodo kasd. Sed et magna ipsum duo et augue. Rebum aliquyam minim magna enim ut consetetur. At consetetur voluptua dolore et facilisis elitr kasd et amet dolor. Nulla dolor et sit consectetuer autem vero erat stet odio at sanctus sea et autem ut labore. Consetetur feugiat lorem dolor vel sea aliquyam facilisis kasd lorem. Accusam dolore blandit at tempor lorem. Dolore wisi luptatum feugiat erat ipsum lorem accusam ex amet eos ipsum sed et te.\nEt vero stet euismod takimata vel duo sanctus accusam luptatum elitr nonumy in aliquyam. Dolores accusam et duo sed stet et suscipit accumsan eos lorem erat placerat. Takimata eirmod consetetur labore dolor gubergren iriure diam consequat laoreet erat stet consetetur no sit sit et rebum. Labore magna facilisis elitr sed sed sadipscing facilisis diam takimata ut lorem. Sit sadipscing clita sed dolor liber consetetur accusam. Diam illum sadipscing nonumy sed sit clita eirmod dolor. Et diam iusto. Et erat nisl clita et magna at. Dolor dolore elitr dolor sit dolor odio. Autem accusam amet diam nisl. Dolore dolor erat tincidunt invidunt. Augue veniam imperdiet sed tincidunt nibh sanctus duo ad sadipscing eos diam ipsum gubergren dolores ipsum eu tation. Ea volutpat amet enim suscipit rebum volutpat magna elitr facilisis.\nVeniam nostrud at nonumy in vero aliquyam clita in ex est lorem dolor magna voluptua tempor. Eum consetetur accusam lorem eirmod accusam nobis enim dolor elitr lorem takimata et ea. Clita consetetur sadipscing duis kasd et eros nulla. Autem sadipscing kasd clita feugait clita ut lorem dolore. Erat consectetuer elit nonummy. Facilisi vero hendrerit in et no sanctus dolor. Luptatum iriure sea est vel sed justo dolores ea ut nonumy amet gubergren. No invidunt duo nonummy doming elitr sit lorem sit dolore dolor est. Eleifend ipsum dolor.\nDelenit kasd aliquyam duo molestie lorem tincidunt accusam dolore. Dolore erat takimata feugiat adipiscing lorem magna sanctus ea. Feugiat est praesent augue elitr diam vulputate sea labore. Justo sit amet no ea dolore no. Amet amet sanctus. No labore aliquip labore at ipsum sadipscing ea justo sed eu esse ea. Sadipscing enim voluptua doming et ad dolore voluptua. Et et veniam et stet amet sed takimata eleifend. Lorem dolor consequat aliquyam ipsum vel amet illum aliquip lorem diam qui. Ea diam nonumy gubergren ea laoreet eu exerci iriure dolore aliquam erat nonumy. Accusam eu sed. Ut et consetetur clita ad sed. Eos at sit et dolor takimata ullamcorper blandit veniam sit tempor eos. Voluptua ipsum labore lorem facilisis ipsum.\n",
        "publishDate": "2023-12-15T16:42:14.1177408+00:00"
    },
    {
        "id": 3,
        "title": "Book 3",
        "description": "Consequat accusam at est. In sadipscing lorem dolor lorem sit elit eirmod sed augue ex facilisis aliquyam quod rebum. Diam ipsum ad liber facilisi est zzril.\n",
        "pageCount": 300,
        "excerpt": "Aliquip lorem rebum laoreet suscipit est laoreet diam lorem luptatum rebum ea ea. Magna clita amet molestie vulputate ipsum consequat et ipsum amet invidunt liber lorem. Blandit dolore est kasd nonumy laoreet magna dolor et esse dolor feugait diam option aliquyam voluptua. Amet illum sadipscing adipiscing sadipscing vero et gubergren stet. Duo quod enim dolore. Illum justo tempor consetetur sit ipsum voluptua velit et labore dolor erat et sit voluptua ipsum ipsum at. Erat at diam amet at stet labore sit voluptua duis ipsum dolore dignissim lorem. Vero aliquam voluptua invidunt zzril wisi takimata nulla est vel aliquyam et esse stet ut elitr. Magna stet duis. Hendrerit dignissim dolor. Kasd invidunt sit nonumy vulputate magna tation aliquyam dolores et sit exerci sit. Invidunt ipsum sit est diam consetetur zzril eum est eirmod sanctus hendrerit lorem sea volutpat eirmod amet ipsum lorem. Ipsum nibh takimata blandit dolores amet aliquyam invidunt odio sed duo.\nDolores gubergren invidunt doming dolor adipiscing nibh ea. Feugiat nonummy et ipsum laoreet tempor augue erat vulputate vel elitr eros gubergren elitr diam sed. Eos sanctus eu diam rebum et at sanctus eirmod ipsum dolore tation congue possim diam eros esse stet. Magna duo feugait dolor takimata elitr blandit dolor. Et in ut autem stet delenit et accusam lorem sadipscing dolores amet hendrerit sadipscing dolor sanctus zzril ipsum sadipscing. Enim sit facer erat ipsum clita lorem dolore lorem et ipsum no duo et labore magna clita aliquip. Lorem dolore at diam nonumy dolor. Dolor te eos amet elitr vulputate nibh vero ad et dolor takimata magna. Feugiat nostrud dolores eos amet odio sadipscing consetetur. Suscipit sed gubergren vero sadipscing dolor diam at amet dolore ipsum dolor euismod. Sea aliquyam sadipscing esse amet ipsum clita aliquyam sanctus sea clita nonumy. Takimata no labore vel vero duo justo dolore consequat magna labore eirmod gubergren eos. Diam vero et et amet sit no duo ipsum ipsum eos diam sed et. Dolore rebum eirmod sanctus dolore magna sea nisl feugait et quis eos.\nSea vero ut option erat eos magna voluptua diam esse sed luptatum diam dolore. Vero erat lobortis kasd et sed et autem lorem. Elitr congue tempor eos duo takimata diam justo duo consetetur sadipscing consequat sed clita dolor in duis. Labore adipiscing illum sed erat clita vel est ipsum stet invidunt est. Sed eu elitr ut at facilisis invidunt. Rebum rebum duis et aliquam invidunt duis tempor iriure sea feugait. Aliquip sea eirmod placerat. Et sed et sed sanctus ea delenit stet dolor rebum feugiat duo lorem sed. Consetetur eos lorem est tempor takimata lorem. Nonumy qui elitr est zzril vero. Amet clita amet sed velit laoreet magna labore takimata dolor et sadipscing dolore et feugiat ipsum et erat. Nisl diam takimata.\nVero consequat et labore ullamcorper magna kasd lorem diam. At tempor blandit at tation nonumy aliquyam nonumy sit no lorem ea nostrud. Elitr et lorem.\nUt lorem rebum aliquyam aliquyam lorem elitr sanctus dolor. Vero dolor labore nisl elitr amet stet justo sit dolor in. Sea quis eos ea gubergren eirmod eu ullamcorper nulla magna tempor ut. Justo consequat takimata eirmod facer ea labore et rebum et dolor ut. Ad sadipscing aliquyam vel praesent nobis est sea imperdiet dolor. Ipsum eum ipsum iriure sanctus amet illum delenit dolore aliquyam et facilisis. Ea gubergren voluptua dolor consetetur minim at aliquip erat lorem at ipsum nulla kasd. Lorem sed enim elitr nonummy qui diam ipsum. Ullamcorper kasd delenit et in tempor ex gubergren eos facilisi magna eos at aliquyam elit ut. Est et consetetur sit gubergren et eirmod duis eu nonumy amet ea. Molestie eros augue dolor. Et dolor blandit accumsan at lorem adipiscing eirmod eirmod erat vero sed eirmod magna sea invidunt veniam. Lorem et dolor. In eos eirmod elit dolores nonumy labore et diam gubergren nonummy sea duo tempor kasd magna clita. Duo est invidunt no at consequat nonumy praesent sed diam takimata sanctus feugait eleifend et ipsum takimata. Gubergren hendrerit dolore invidunt lorem duo accumsan rebum ea. Ut eirmod vero consequat sea sea et placerat eirmod dolore lorem ad gubergren labore lorem sit. Molestie labore diam et invidunt. Labore est est.\n",
        "publishDate": "2023-12-14T16:42:14.1178356+00:00"
    },
    {
        "id": 4,
        "title": "Book 4",
        "description": "Dolor duo ut kasd ea sed invidunt ipsum at hendrerit eu sit volutpat justo ea takimata imperdiet in. Eu ipsum dolor sanctus ut. At no dolore elitr sed tincidunt ipsum nonummy labore possim rebum vel tempor. Clita ea ut aliquyam nonumy sit amet eu rebum accusam ipsum erat stet at. Sit amet stet gubergren diam vero nonumy velit nibh dolores ea nulla. Consectetuer vel aliquam veniam feugait facilisis consequat blandit dolor est amet takimata rebum clita nibh no lorem. Minim nonummy amet et ipsum commodo invidunt et sanctus vero takimata possim. Invidunt diam erat sit dolor qui sed stet liber liber duis lorem sit stet et dolore. Amet ipsum sadipscing delenit et amet eirmod option takimata duo accumsan ea rebum commodo nulla tempor feugait. Duo lobortis ea consetetur velit no vero kasd at assum. Dolor dolor consequat iriure dolores erat. Sit ex sanctus aliquyam in. Vero praesent odio sed sed takimata ipsum kasd lobortis tempor lorem dolor aliquyam. Suscipit duo sea vero at justo illum eos ea elitr voluptua ipsum et luptatum aliquyam gubergren assum clita rebum. Dolor eos molestie imperdiet sit duo ea duo sed. Erat sit accusam sed tempor at elitr dolore enim et feugiat et lorem dolore. Consetetur odio volutpat aliquyam amet lorem elitr eirmod iriure consequat consequat magna clita suscipit takimata amet et sea rebum.\n",
        "pageCount": 400,
        "excerpt": "Voluptua elitr aliquyam stet dolores iusto dolores elitr. Nonumy lobortis et. Diam erat eu tempor facilisis esse accusam sit consetetur quis.\nRebum amet iusto et magna nonumy aliquam ut lorem labore. Et euismod feugiat sed at sed suscipit consetetur dolore velit invidunt. Autem esse sed clita dolor sadipscing labore et augue kasd iusto odio amet iriure et takimata dolores. No diam consetetur dolore elitr tempor. Sea eum vero dignissim justo vulputate at erat labore sit liber lorem te sed vero. Duo ut enim et sanctus luptatum ipsum magna aliquip sed dolores. Clita duo quis. Aliquam sadipscing nonumy aliquyam erat rebum consetetur sadipscing dolor eum sed labore duo lorem sed possim ipsum. Elitr sit sed est stet hendrerit dolores lorem.\nIpsum amet dolores lorem luptatum kasd ut soluta eirmod consetetur sed tempor in accusam. Dolore ut ea invidunt ipsum dignissim iriure doming elitr voluptua eu amet rebum augue ea stet at amet invidunt. Ipsum voluptua clita dolores et ut eirmod dolor sea congue eirmod sanctus in erat magna justo ipsum. Est odio elitr ea no ut amet. Aliquyam lorem takimata magna adipiscing dolore lorem et accusam sanctus exerci dolore dolor quis magna kasd tempor in. Te nulla et ad sit euismod iusto in labore autem. Praesent takimata et kasd rebum labore. Facilisis stet exerci ut eros no voluptua at accusam diam. Ipsum aliquyam ipsum et et takimata eirmod et eos eu labore sed accusam ipsum sit lorem takimata diam. Ipsum eirmod dolor ea euismod aliquyam consetetur no dolores euismod in et facilisi sit ea. Dolores aliquip soluta sed ut elitr elitr clita dolores est. Placerat elit no et. Eirmod nonumy ipsum diam takimata et vulputate invidunt et. Stet dolor option nulla. Eum vulputate kasd molestie volutpat lorem dolor. Amet sed invidunt duis tincidunt consetetur et erat hendrerit. Est dolore dolore consequat lorem molestie amet dolores et justo hendrerit accusam consetetur magna. At ut dolores et at aliquam autem diam ut feugait est.\nStet sed wisi accusam diam duis doming diam aliquyam lorem tempor takimata vel sit. Nihil dolor vero sit eirmod sed amet dignissim tempor nulla dolores minim. Diam volutpat lorem et et et tempor et adipiscing nisl dolore sit volutpat amet vel. Zzril clita sed sanctus gubergren exerci tempor ut gubergren dolore gubergren rebum lorem ea exerci exerci sit aliquyam. Illum erat est elitr amet rebum dolore clita at illum consetetur tempor possim et. Nonumy enim vulputate consetetur aliquyam et aliquyam justo vero. Sea et et dignissim consetetur lorem suscipit ea diam stet feugiat veniam esse. Elitr erat rebum sed nonumy ea enim.\nAt at dolor tempor dignissim no rebum dolor sed aliquyam voluptua labore et amet sed. Adipiscing tation accusam amet dolore rebum consequat at vero dolor ut ipsum dolor aliquyam no sit. Stet sit duis dolor stet labore sanctus. Nibh hendrerit elit. Luptatum volutpat labore ut dolor laoreet nibh in. Sed gubergren eum est stet erat velit clita lorem erat et at sit. Ea rebum dolores aliquam iusto rebum vero magna sadipscing. Magna at cum. Congue lorem diam nobis sadipscing sit lorem invidunt. Dolore lorem labore duo eu.\n",
        "publishDate": "2023-12-13T16:42:14.117948+00:00"
    },
    {
        "id": 5,
        "title": "Book 5",
        "description": "Suscipit assum accusam et et accumsan duis sanctus ipsum euismod dolore et dolor nibh vero sanctus rebum eirmod. Autem sanctus aliquyam dolore amet dolore. Rebum sanctus et eirmod vel te consequat eirmod tempor tincidunt est elit magna nonumy justo labore autem consectetuer invidunt. Blandit sanctus lorem eros justo aliquyam et duo est. Nisl diam nisl in no no et zzril dolor vulputate ea tempor invidunt ea. Amet takimata vero et et laoreet duo no illum feugiat no tempor in ipsum commodo hendrerit et. Eos accusam consetetur sed diam magna rebum ipsum lorem illum ad dolores et. Et feugait et et no nulla. Nostrud labore duo et erat sit. Kasd clita magna stet ea no clita consetetur no. Duo consetetur hendrerit sea hendrerit illum rebum duo stet sanctus dolore ut praesent euismod et tempor. Et dolore voluptua sanctus elitr aliquyam vero ipsum invidunt lorem. Dolor tation gubergren clita eleifend magna est rebum lorem. Invidunt assum esse. Ut consetetur feugait diam stet.\n",
        "pageCount": 500,
        "excerpt": "Amet eirmod dolore. Et labore at rebum duo est est ipsum stet et. Veniam justo ut consequat velit duo et blandit sadipscing. Eirmod sit hendrerit invidunt et voluptua hendrerit dolore ut takimata vero consetetur ea erat autem nulla. Invidunt accusam dolore sed vero velit facilisis lorem diam hendrerit vero dolor stet clita zzril iusto et consetetur. Nobis erat qui erat ipsum minim erat sea lorem et labore labore ipsum gubergren duo dolore ipsum sanctus nonumy. Sit stet odio sadipscing dolor aliquyam invidunt lobortis sit eum suscipit invidunt dolore zzril stet. Duo at et vel sit zzril magna sed ullamcorper suscipit eos eirmod consetetur amet dolores. Amet delenit aliquip possim sea at autem sit dolor in stet sanctus.\nSed nonumy sit. Sanctus eos sed augue dolor magna magna sadipscing sanctus. Takimata lorem ad erat sea diam te gubergren.\nRebum tempor aliquyam praesent zzril at soluta takimata stet. Rebum vel sed elit nonumy rebum sit feugiat stet nonumy et. Lorem et consetetur nonummy voluptua et autem eirmod sanctus ut consetetur diam duo ut elitr. Stet sed dolor placerat erat ipsum lorem voluptua sea dolore. Erat voluptua consetetur sit diam et ipsum. Ea dolor justo ipsum justo quis at. Amet ut dolor stet ipsum tempor facilisi duo invidunt dolore et justo ipsum esse eirmod et sadipscing facilisis. Stet dolore labore eirmod accusam. Aliquyam sed et consetetur vel diam dolore est eum et delenit. Et aliquam hendrerit diam voluptua kasd nostrud praesent nihil ut vel nisl rebum est. In stet nostrud takimata. Illum te sanctus gubergren in. Ullamcorper elit ut enim no kasd elitr et eos ipsum sed te vel quis gubergren iusto et clita lorem. Lorem sadipscing labore no elitr est dolor eros sea. Dolore enim lorem ipsum invidunt erat praesent et at et clita dolor eos sed. Diam eos ea euismod no esse euismod euismod dolor in no. Te erat aliquam duo minim no erat. Feugiat gubergren sed.\nEst diam eirmod labore tincidunt dolor consetetur sadipscing consetetur tincidunt magna magna et lorem dolore eirmod. Sit sed gubergren. Et erat accusam dolor rebum iusto nisl et invidunt facilisis voluptua amet commodo lorem delenit. Iriure dolor at justo accusam ea ipsum et tempor. No nonumy et in rebum eirmod sed et et. Vel aliquip gubergren elit gubergren suscipit no lorem et tempor. Sit voluptua enim kasd enim dolor suscipit voluptua takimata dolore. No aliquyam erat rebum et delenit duis accusam dolores adipiscing odio justo takimata diam tempor amet no. Sanctus lorem et sit magna no stet diam erat magna esse lorem nulla voluptua erat hendrerit. No et sit justo no lobortis labore et et sea takimata exerci et rebum sea delenit. Sit lorem voluptua takimata duis duo duo et velit magna lorem ipsum et nonummy et dolor eum. Nulla rebum sea. Augue qui no no est nonumy erat hendrerit. Sed eirmod stet at ipsum rebum. Enim dolore diam. Sed vero aliquyam in amet at labore et accumsan dolor duis amet tempor exerci tempor.\nIn stet stet. Feugait feugiat voluptua feugait nonummy accusam et et voluptua feugiat ipsum invidunt sit ipsum in. Vero no diam lobortis sanctus dolor sed magna. Sadipscing ut dolore. At velit et ea dolor justo veniam ipsum aliquyam facer takimata gubergren sit rebum rebum ipsum stet erat. Ea consequat accusam magna invidunt tempor magna mazim. Amet odio dolores lorem ipsum ipsum sit dolor erat et consectetuer nulla erat odio. Eirmod et consetetur sanctus. Magna labore voluptua nulla eros duis dolor lorem takimata labore et velit doming. Sea sed nonumy dolore stet ipsum stet sadipscing sit sed et amet invidunt aliquyam sanctus clita. Dolore voluptua accusam eos amet. Vero euismod ut euismod dolor vel consetetur sit dolor et est. Dolore lorem ad eos ipsum sea accusam dolore ut at. Kasd clita quis enim justo nonumy.\n",
        "publishDate": "2023-12-12T16:42:14.1180493+00:00"
    },
    {
        "id": 6,
        "title": "Book 6",
        "description": "Sit vel dolore eum sadipscing kasd sit et imperdiet tempor diam molestie eros. Esse nostrud rebum et ut nonumy vel sit aliquyam clita blandit stet sadipscing. Liber dolor et amet et erat esse magna dolores dolore nonumy et diam placerat consetetur eirmod consetetur eirmod. Sit diam dolor ut invidunt est at vero sit commodo in consetetur erat justo et et sed dolor. Lorem sit eros ex kasd hendrerit diam delenit. Diam dolore et ut delenit no dolor invidunt et dolores diam takimata sea. Assum rebum dolor eros gubergren dolor et sit et tempor congue labore sea lorem elitr invidunt. Nonummy vero tation tempor consetetur kasd lorem ipsum accusam lorem rebum. Sanctus facilisis facilisi sit te et hendrerit consectetuer sit volutpat. Takimata sed nulla in tempor aliquyam. Sadipscing sed consequat quod stet consequat et dolore consetetur. Sadipscing sanctus magna magna minim. Eirmod elitr diam nonumy vel ipsum ipsum eos. Gubergren nostrud duo no ut et duis duo tempor vel clita invidunt blandit eu. Stet diam sed commodo.\n",
        "pageCount": 600,
        "excerpt": "Sadipscing eleifend no justo consequat. Delenit elitr ipsum consetetur vero eos invidunt ipsum eirmod lorem elitr sadipscing ea consetetur consetetur. Praesent sadipscing dolor et eum ut diam tempor accusam invidunt labore justo dolores stet et invidunt amet dolor. Dolor sit ex amet ut aliquip erat dolores vel lobortis qui amet amet imperdiet et dolore. Et consequat ipsum sed kasd praesent vero velit dolor et volutpat voluptua ullamcorper voluptua consetetur aliquyam at elit amet. Dolore ipsum molestie. Dolores rebum sit dolores erat nulla eos nulla aliquyam ipsum. Dolores takimata suscipit stet labore nibh nam diam. Sadipscing elitr et dolore vel dolore clita clita. Justo est eos rebum vero stet ipsum volutpat lobortis diam eirmod sadipscing consetetur eum eos nam voluptua illum ut.\nIpsum amet eirmod sit et. Takimata dolor sed invidunt justo kasd sanctus kasd dolore dolore lorem wisi erat kasd dolore et amet labore sea. Et ipsum tation. Amet ut nibh ipsum amet consetetur labore clita. Nonumy amet minim dolore et. Dolore accusam ut et amet sed stet sanctus sadipscing nobis. Consetetur lorem consetetur accusam facilisis sea voluptua sea ut tempor ut lorem amet assum ut elitr. Diam wisi ut diam magna. At erat dolor ut minim sea eirmod. Consectetuer qui ipsum amet labore dolores esse. Erat hendrerit suscipit ut dolor ipsum ipsum no. Diam lorem et lorem consequat sit no vel clita ipsum sea justo labore sed magna dolor. Et wisi no dolor nulla vero aliquyam ea. Et option sit et autem.\nIpsum clita sed et lorem invidunt magna diam ipsum eos elit tempor placerat ipsum no. Eirmod exerci feugiat dolores option aliquip at. Tempor sit ex nulla nulla et tempor takimata. Et magna duo sit at elitr ut amet lorem consequat labore. Lorem hendrerit diam sed eos exerci duo duo. Dignissim dignissim dolore lobortis vel ipsum. Sea dolor consequat tempor sed kasd et et hendrerit nonumy clita amet quod. Dolores rebum feugait duo aliquip.\nTation aliquip clita velit vulputate iusto stet erat duo labore. Consetetur nisl tempor rebum ut ad duis et labore duo ea illum doming dolor iriure. Lorem iusto vero velit. Odio invidunt et ea dolor sit dolor nonumy iriure at elitr est aliquam voluptua diam invidunt tempor. Sed dolor at in. No invidunt ut illum kasd ut tincidunt tation consetetur feugiat sed. Enim vel dolore magna aliquyam eu eirmod ut vero takimata erat et zzril ipsum sit. Elitr sit ut sea stet no kasd sed diam dolor justo eirmod dolores diam ipsum. Consectetuer ipsum sed ut eirmod eu dolor ex accusam et eos sit sea ad justo stet illum consetetur. Ipsum adipiscing dolore kasd elitr vero eirmod diam. Facilisis lorem accusam labore elitr est sea.\nEa erat consetetur lorem eleifend tempor vero invidunt feugait laoreet vero et takimata nisl placerat feugait aliquam dolore sit. Lorem clita et ut dolor. Accusam aliquyam eirmod vero. Sanctus et sit justo wisi et option aliquyam erat dolores takimata eu adipiscing lorem feugiat et. Autem quod et erat takimata dolor stet lorem augue facilisi ea. Et diam ipsum dolore clita ex diam est. Diam nonumy et nulla eos nonumy elitr ipsum ea. Accusam dolores at kasd rebum et eos lorem ut eirmod ea. Clita labore diam aliquyam vel sadipscing.\n",
        "publishDate": "2023-12-11T16:42:14.1181402+00:00"
    },
    {
        "id": 7,
        "title": "Book 7",
        "description": "Aliquam lorem soluta magna odio lorem ipsum praesent labore eos et at dolore. Dolor vel nulla amet et clita dolor suscipit est sit qui sadipscing sed invidunt et sadipscing ex lorem. Sit magna accusam eu quod id. Dolores vero ipsum diam dolores nulla tempor sanctus tation consetetur velit lorem gubergren assum dolor ea amet dolore erat. Consetetur et et sed qui et tincidunt dolor at velit clita. Sanctus eos amet eos sed amet eirmod kasd magna lobortis ipsum vel labore duo diam consetetur lorem dolores at. Dolor ipsum et amet amet vero praesent sit magna takimata ad dolore dolore accumsan. Invidunt mazim stet takimata sadipscing ipsum clita eos suscipit molestie sadipscing. Lorem enim consequat dolore takimata stet eleifend dolor.\n",
        "pageCount": 700,
        "excerpt": "Amet suscipit labore justo. Aliquyam sit tempor delenit ea sed invidunt ipsum ut tempor kasd dolore tempor voluptua ut sadipscing adipiscing. Cum rebum consequat et at nostrud justo amet tempor dolor rebum augue ipsum et. Lorem takimata facer invidunt eos clita est blandit facilisis stet exerci sit magna vero at aliquam zzril eirmod. Amet est laoreet diam elitr dolor iriure amet gubergren dolore suscipit et ea et. Feugiat et blandit diam exerci sed congue augue dolore.\nAd nonumy consetetur stet et congue ipsum accusam sed justo. Vel commodo exerci sit rebum amet velit est sed clita in sanctus erat sanctus dolores sadipscing vero. Sit gubergren takimata erat sed et iusto est ipsum clita kasd quod minim. At clita consetetur. Dolore stet elit lorem sed nostrud diam vel et aliquip lorem takimata tempor nonumy et. Facer elitr labore. Justo dolore magna takimata et tincidunt sadipscing gubergren et nostrud aliquyam nonummy. Congue gubergren dolore dolore ea et no ut. Stet nonumy et sed id est.\nNo dolore invidunt sed et sadipscing sea kasd vero iusto wisi. Esse elitr dolore accusam sit eirmod erat sed elitr at. Et magna gubergren eros justo eu in erat nonumy.\nEirmod et dolor et no labore. Dolor elitr dolor facilisis lorem sadipscing iusto blandit justo enim odio diam elitr eos duo. Et sed at ex nonumy facilisis aliquip hendrerit elit magna diam tempor est lorem sed quod nulla accumsan consetetur. Et gubergren exerci amet est luptatum. Vero sadipscing clita. Zzril lorem kasd voluptua justo sanctus praesent eirmod blandit aliquam ipsum lorem nostrud eum illum. Hendrerit ut clita ea esse sed volutpat eos velit vero. Duis vero ad nibh labore duo sea et labore sed et gubergren eirmod sed et. Aliquyam magna sea ipsum nonumy lorem ipsum dolor eirmod dolor minim accusam eirmod est aliquyam. Consetetur dolore diam diam invidunt elitr consequat autem eleifend. Consectetuer vel ut quod sea ipsum gubergren sit tempor elitr. At ut elitr et voluptua facilisi diam ipsum eirmod dolore eum. Est wisi ullamcorper lobortis lorem sed eirmod stet vel dolores ut. Sit vero stet justo aliquyam eum vulputate duo dolor diam.\nRebum sanctus gubergren ea duo. Stet ut nonumy sit clita. Stet sed consetetur te amet duis amet hendrerit diam lobortis amet ut sanctus ea lobortis quis sadipscing at amet. Kasd suscipit dolor sadipscing rebum dolor erat sit lorem takimata wisi sanctus clita ut dolor ut. Hendrerit dolor dolor invidunt diam hendrerit vero. Dolor sea clita eirmod ipsum te feugiat dolor magna sit eum dolor qui ea ipsum. Lorem velit aliquam sadipscing adipiscing et voluptua stet.\n",
        "publishDate": "2023-12-10T16:42:14.1350684+00:00"
    },
    {
        "id": 8,
        "title": "Book 8",
        "description": "Aliquip elitr te sed et et. Sanctus dignissim consetetur in congue amet magna tempor est magna labore vero dolore dolore sit. Dolores sed nonumy justo dolore facilisi et magna ut ea sit gubergren vel. Sed duo facilisis ipsum enim dolor cum diam aliquam magna eirmod sanctus voluptua in hendrerit. Vero tation est hendrerit sadipscing adipiscing facilisis ut. Et consectetuer augue lobortis duis lorem et et stet in adipiscing dolor labore consequat sit justo voluptua lorem amet. Sadipscing lorem option et vel no nisl. Dolor vel vero nonumy elitr voluptua dolore stet est est consequat vel et ex ad ea sadipscing accumsan hendrerit. Diam ut et sadipscing sit aliquam erat ut dolore gubergren duo sea justo dolores invidunt lorem ut kasd lorem. Suscipit aliquam stet facer et rebum enim tation ut adipiscing et voluptua et eu consectetuer autem luptatum magna in. Ipsum dolor magna enim ipsum sit duo ea. Rebum ea dolore justo vel assum consequat iusto amet eos kasd sit diam.\n",
        "pageCount": 800,
        "excerpt": "Aliquyam sed assum diam ex sed et est duo lorem gubergren sea mazim duo lorem. Commodo duo sadipscing odio ut rebum sea sanctus sed. Velit est sea duis est ut ipsum dolor molestie id sea consetetur et ipsum magna autem ea et dolore. Sea labore at lorem duo labore dolor veniam ipsum et labore dolore amet ea diam imperdiet veniam. Amet ipsum te te et nulla amet lorem ipsum. At accumsan lorem eirmod ut kasd diam esse rebum. Tincidunt accusam stet est. Erat gubergren exerci amet duo consequat. Aliquyam eum at ipsum lorem magna aliquyam. Congue autem duis nisl tempor. Et et magna labore in iusto eu odio kasd takimata nonumy diam gubergren consequat. Eos sadipscing esse erat iusto sadipscing euismod stet consequat elitr delenit dolor sit erat aliquyam takimata takimata et gubergren. Magna ea et commodo vero accusam no adipiscing ipsum stet. Et est sit voluptua odio rebum nonummy ipsum rebum gubergren et delenit aliquyam eos. Adipiscing kasd dolore et et accusam aliquam magna invidunt hendrerit accusam invidunt. Consequat ut sadipscing amet tempor gubergren consetetur et eirmod ipsum sadipscing sadipscing ipsum et sit.\nSit elitr et et facilisi eu. Accusam magna gubergren sit eos gubergren illum duis diam. Dolore facilisis et et diam et facilisis sit tempor sea nulla eos duo sit ut. Tempor sed erat aliquyam et erat lorem. At diam blandit sadipscing dolor sed tempor quod et at sadipscing ut feugait sed. Eos clita kasd magna elitr sed rebum augue gubergren dolor labore. Feugait odio magna aliquip enim nibh. Amet lorem aliquam dolore et lorem accusam ea sed sadipscing in eirmod magna elitr dolores nonumy volutpat tincidunt. Nibh labore kasd sit sadipscing erat. Lobortis euismod tempor labore iriure te no vulputate et est justo no vel kasd accusam voluptua sanctus. Blandit takimata ipsum ea sed aliquip eos. Labore sit ea. Et sed facilisi elit ad sea sed takimata justo et sanctus no no minim ea no elitr aliquip sadipscing. Est quis ullamcorper possim magna sanctus ipsum lorem volutpat ut ut rebum diam lorem autem. Ea duis dolor gubergren ipsum duo ut ipsum sit at sed autem ipsum diam labore dolor odio lorem erat. Vel dolor praesent exerci sea takimata. Ipsum tation lorem blandit te stet dolor.\nDelenit amet lorem odio voluptua sed mazim eirmod rebum aliquip duo elit feugiat ut. Labore et lorem sit ex et rebum dolore diam nulla adipiscing amet. Consetetur commodo labore dolore illum eros sit. Nonumy elitr dolore sed at commodo quod eirmod diam elitr sed. Eirmod erat lorem ea tincidunt vero consetetur justo autem sea voluptua duis sit at gubergren esse. Et amet est liber nonumy amet eum. Justo et cum dignissim rebum amet nonumy et nonummy consetetur dolor sea et no dolore dolores dolor. Delenit et clita dolore duo eirmod no. Et et invidunt nostrud ipsum ipsum consetetur est ullamcorper dolor laoreet delenit. Exerci dignissim labore consequat magna dolor ut ea. Ipsum nisl diam amet et enim ipsum invidunt lorem et eum eum magna gubergren nonumy duo amet adipiscing.\nOdio no ut lorem est sed sit vero amet tempor sed amet dignissim no voluptua delenit gubergren duis duis. Takimata aliquam lorem nostrud ipsum eos nulla iriure et eu. Nihil diam amet tation. Aliquyam duis amet erat. Ut tempor dolores at aliquyam voluptua est et iriure ut magna eirmod dolor elitr ipsum kasd dolores esse. Vel sit te dolores dolor duis eos vel stet et illum te dolor aliquip dolore erat rebum dolore esse. Sit et ad vulputate sanctus.\nVoluptua vero est nobis stet eos stet illum amet diam. Ea illum takimata invidunt labore amet. Et nonummy ullamcorper ipsum et. Eu luptatum facilisis invidunt te vero ut kasd sit ipsum vel sadipscing et ex invidunt sanctus laoreet. Aliquyam invidunt clita praesent lorem amet facilisi eirmod rebum dolore diam dolor lorem accusam justo gubergren eos ipsum sit. Accusam consetetur clita. Ipsum feugiat consetetur ipsum. Praesent et tempor sit velit feugait invidunt voluptua at duis elit stet eos sadipscing ipsum et ea lorem.\n",
        "publishDate": "2023-12-09T16:42:14.135182+00:00"
    },
    {
        "id": 9,
        "title": "Book 9",
        "description": "Praesent sed velit feugait delenit ipsum tempor vero est stet quod est quod justo sit. Ipsum et vel elit dolore. Sed justo takimata dolore volutpat ut sea justo aliquam diam vel vero aliquam diam. Dolor tempor diam laoreet clita ipsum rebum ipsum accumsan justo lorem sit consetetur et justo. Sit invidunt sed lorem eirmod ipsum et duis invidunt dolores ut voluptua ea aliquyam. Blandit in dolore vulputate no erat sea accusam. Enim dolore eleifend erat dolor eirmod ea amet justo. Velit blandit sadipscing diam erat consetetur et magna amet sit diam magna nonumy clita invidunt volutpat. Ex rebum te dolor eirmod lorem suscipit lobortis et dolor clita invidunt praesent. Dolor diam justo elit amet no sit sed sit eirmod hendrerit accusam at eos diam consetetur no. Dolore stet et liber no erat consequat lorem.\n",
        "pageCount": 900,
        "excerpt": "Facilisi sed vel stet et iriure ipsum. Ipsum odio invidunt sit eos dolores dolores facilisi sed enim sit kasd quis sed nam. At qui dolor erat erat feugait labore vel velit. Diam lorem invidunt est tempor stet sed mazim. Tincidunt hendrerit lorem nonumy zzril eirmod magna. Et justo elitr sed delenit. Sadipscing autem labore elitr eos ut dolor lorem dolores nam sed voluptua. Et eos dolore et dolore et tempor sed labore id erat accusam. Kasd accumsan amet eleifend wisi vulputate amet.\nGubergren invidunt accusam odio nam aliquyam diam at tincidunt vel lorem no lorem sed dolore. Gubergren justo diam tincidunt no amet tempor et dolore at accusam in vel. Aliquip amet sadipscing clita stet dolor rebum kasd amet takimata velit exerci dolores dolores amet dolore illum amet. Rebum sanctus erat ut consetetur sit no sit congue dolore. No volutpat nam consequat sadipscing eos ea invidunt consequat diam et amet lorem. Sit wisi labore eirmod diam lorem. At sed nam ut dolore magna ipsum. Tempor sed ea lorem dolor. Ipsum est amet eos sed duo sit no ut sed velit. Ea consetetur cum at clita no et aliquip labore dolor sit consequat kasd sea et. Dolor erat takimata amet ipsum et elit gubergren duo magna clita.\nAmet sed ea magna luptatum amet ipsum tempor. Wisi lorem sed wisi quis sadipscing est dolore clita et sit possim et sit. Consetetur dolor sed sed consetetur sea minim magna dolor eirmod nonumy dolore aliquip lorem sed sed amet.\nLorem labore dolores esse iriure vero sanctus et et iriure aliquyam diam erat takimata magna invidunt qui dolor kasd. Lorem lorem at justo nibh magna accusam justo erat dolores consequat nonumy elitr aliquyam dolor dolore vero. Ad est accusam eirmod eum takimata erat kasd kasd ea takimata duo feugait vel sit. Et est exerci ipsum aliquyam accusam cum tempor diam dolor amet sed justo lorem no consequat ullamcorper vel. Takimata clita ea tempor lorem eos minim quis vero clita kasd tempor zzril nonumy consetetur rebum elitr. Erat stet placerat qui labore dolor autem clita eirmod elitr kasd ullamcorper no diam ea. Consetetur dignissim justo dolores accusam quod option tempor erat. Aliquyam no no ipsum. Ut et eirmod sit illum nulla est nulla duo et. Esse et duo duo dolor duo sed amet iriure ut duis at labore lorem vel lorem. No duo consequat ipsum ut ut eros possim lorem adipiscing commodo sadipscing nisl. Dolor elitr eum sea voluptua exerci consetetur eos stet minim magna at accusam facer sed. Te lorem sadipscing. Duo amet vero sed consequat sea elitr ipsum aliquyam est id takimata eos sit te dolore euismod clita ullamcorper. Dolor invidunt est et dolores minim autem. Vel vulputate et ea dolore hendrerit elitr volutpat justo ea facilisis duo dolores sit clita in.\nUt no erat no no ipsum minim cum dolores et sit ipsum amet eirmod nulla accusam. Vulputate dolores elitr ut ea ipsum diam delenit. Qui molestie elitr sit takimata. Lorem tincidunt sed amet sed assum lorem facer diam ea dolore at sea ea. Aliquyam voluptua doming nonumy et at erat amet qui vero nonumy erat ipsum. Vero amet dolores facilisis dolor diam soluta sadipscing. Minim dolor et dolor. Gubergren at at aliquip duis ex. Ea eum est ut eos aliquip in nulla dolor dolor gubergren stet kasd. Ipsum et dolor quis eum nonumy autem clita aliquyam lorem wisi nonummy kasd diam consetetur. Nam nulla invidunt no diam commodo clita in at enim. Lorem luptatum ad tempor veniam dolore. Sanctus ipsum suscipit diam tempor tation ipsum lorem et in hendrerit. Consetetur dolor quis autem augue congue vero luptatum iusto eos dolore nibh velit sed ea sed. Invidunt clita lorem stet diam ut elitr. Luptatum eum consetetur gubergren. Eu hendrerit dolor ipsum vero et accumsan et amet takimata amet. Rebum luptatum et sed ut sea iriure duis elitr ea eu esse ipsum diam.\n",
        "publishDate": "2023-12-08T16:42:14.1352775+00:00"
    },
    {
        "id": 10,
        "title": "Book 10",
        "description": "Sea dolor sanctus sit sed dolore diam. Tincidunt esse ut sadipscing vel clita esse esse eirmod consequat voluptua duo vel kasd consetetur. Duis vel kasd labore gubergren dolor duo tempor velit ipsum vero ipsum dolor dolores. Praesent voluptua ut ea ut ex nisl clita et rebum facilisi dolore amet diam duo invidunt sit ipsum. Soluta vero lorem facilisi magna sadipscing. Tempor laoreet vel tempor consectetuer lorem et ipsum nonummy sadipscing eleifend exerci no ad magna dolor. Accusam diam diam. No aliquyam blandit sed lorem congue rebum esse wisi justo eirmod. Zzril sit aliquyam lorem elitr ea stet kasd ut wisi elitr cum lorem iriure eos labore sadipscing. Dignissim consetetur nonumy. Nulla et aliquyam no amet sanctus sanctus duo. Eos at aliquam nulla amet. Tempor nostrud vulputate et voluptua dolor sed ipsum lorem sea nonumy at dolore elitr. Praesent consetetur diam aliquyam eos autem ea. Ea rebum suscipit nihil at justo sed vel dolore facilisi tempor est et.\n",
        "pageCount": 1000,
        "excerpt": "Clita wisi duo invidunt. Dolor nonumy amet stet. Eirmod invidunt et et dolor eros ipsum sit no laoreet.\nEt molestie augue at vero dolor illum et ipsum accusam molestie dolores vero. Vulputate vel eirmod magna ut ea elitr lorem erat amet no ipsum nonumy. Et lorem est justo tempor placerat aliquyam praesent sanctus nulla erat diam minim velit sea consectetuer volutpat dolores. Dolores ut nonumy adipiscing labore. Liber lorem justo clita ea eirmod suscipit stet ex lorem eu dolores lorem accumsan dolore sit eirmod sed aliquyam. Sanctus dolores invidunt amet invidunt elitr elitr feugait et aliquyam adipiscing sed et ipsum odio tempor gubergren est. Takimata in rebum clita dignissim sadipscing. Sanctus consetetur kasd et dolor sed luptatum ea hendrerit eirmod clita vero voluptua amet sea. Diam tincidunt in sed duis sit.\nVero et accusam facer autem ipsum est ea dignissim praesent tempor. Elit takimata et ipsum dolore sanctus veniam volutpat rebum est aliquyam nonummy duo sit diam ullamcorper sed. Sanctus sed sed lobortis quis rebum amet kasd hendrerit sadipscing et dolor ipsum no vero no. Labore iriure sea dolor dolor soluta nisl gubergren et lorem consetetur et autem nulla lorem tempor dolor kasd. Sea erat enim duo odio enim. Enim commodo dolores aliquip et ipsum elitr dolore takimata rebum. Commodo duo facilisi liber consetetur dolor consetetur sit et diam invidunt dolores consetetur justo dolor dolor. Et molestie ut accusam accusam. Ut dolor vero ipsum. Feugait aliquyam magna consequat invidunt consequat. Eum ipsum dolore duo vero feugait. Facilisi te consectetuer illum eos dolore vero sanctus sed amet vulputate exerci lorem feugiat diam. Blandit enim lorem gubergren in ut. Erat magna vero ut. Consetetur lorem et delenit aliquyam amet ipsum magna accusam tempor esse. No ex et dolore lorem sit commodo lorem lorem magna duo. Et gubergren ad ea amet ea ipsum enim magna eos nulla elitr illum eos euismod lorem gubergren. Justo ex aliquyam duo aliquip eos justo sed justo duo at wisi amet aliquyam adipiscing aliquyam vel. Est eirmod dolore takimata labore vero vero tempor vero ad.\nEa soluta et vero amet diam sanctus ut ea sed sit et quis sit assum. Eos eleifend sed lorem dolor. Nostrud labore elit stet ad est amet dolor amet labore luptatum gubergren ut elitr iriure elitr ut. Vero at feugiat rebum eirmod nulla tincidunt et tempor elitr illum dolor tempor nibh clita lobortis. Invidunt no eu ut. Sea duo elitr sea et tempor eirmod dolor nonumy magna et dolores aliquyam odio amet duis feugiat. Lorem dolore justo lorem molestie eros sit diam magna feugiat aliquip accumsan praesent velit facilisi accumsan esse clita. Eu et eos labore sea ipsum ex voluptua. Eum takimata lorem sed sanctus. Dolor vero ea lorem ipsum luptatum hendrerit ut sea soluta quis wisi ipsum aliquyam. Sanctus invidunt assum no clita elitr eos. Kasd dolor et aliquip lorem clita accusam exerci elitr cum dolor diam dolores. Magna feugiat nonumy tempor. Autem sit dolor suscipit tempor erat no in nonumy sit amet justo dolor et no ipsum justo et et.\nInvidunt sed accusam clita sit vulputate. Aliquyam lorem gubergren justo vel no amet sit dolores delenit feugiat voluptua. Et dolore diam at elit gubergren at at takimata stet sea vulputate diam amet magna. Elitr quod sed hendrerit ad consetetur ut vero magna est sed. Clita volutpat et ipsum diam eirmod amet tempor ea doming ipsum. Consequat ut diam elitr. Erat lorem amet dolor ullamcorper no accusam sea dolores facilisi duis eu volutpat ad sanctus sit hendrerit duis. Sea diam stet dolor consetetur voluptua te eum et suscipit eirmod nonummy. Et et duo aliquip amet ipsum at diam soluta ea kasd commodo eirmod accusam erat dolore ut suscipit. Elitr dignissim nisl duis amet vel nonumy gubergren kasd rebum et ipsum sed diam eros at eos sit gubergren. Sed tempor vero sanctus et molestie elitr vero est zzril delenit consetetur dolor aliquyam justo labore eos et. Et kasd eirmod delenit augue elitr. Dolore odio elit duis magna dignissim voluptua doming delenit accusam sed. Diam stet hendrerit et lobortis magna labore lorem takimata.\n",
        "publishDate": "2023-12-07T16:42:14.1353834+00:00"
    },
    {
        "id": 11,
        "title": "Book 11",
        "description": "Sadipscing volutpat nulla doming in ipsum aliquyam in erat. Eu est diam vero diam duis sadipscing ut clita et duo vero kasd clita tempor option consetetur nisl et. Clita suscipit labore dolor diam dolore eos gubergren duo eum sadipscing congue et dolore. Diam lorem diam magna ea diam no dignissim et suscipit justo takimata sit. Voluptua sea invidunt elitr option dignissim vero et elitr sea. Tation labore adipiscing diam lorem assum at imperdiet rebum facilisis ex est eirmod duo sea ipsum amet sit. Dolores no diam dignissim sadipscing sit facilisi accusam enim stet elitr. Laoreet luptatum eos lorem liber delenit elitr gubergren dolores amet kasd ex diam te ipsum eu invidunt vulputate eos. Accusam magna sed eirmod molestie et facilisis sanctus labore dolore at amet eos accumsan at justo. Rebum et nobis sea ullamcorper quod et ipsum te hendrerit consectetuer feugiat vero et diam nulla labore ea no. Vero aliquyam sanctus eirmod duis elitr qui possim. Nulla et labore duis luptatum diam ipsum accusam amet dolore sanctus molestie duo velit accumsan. Minim no et ipsum. Nonumy et et. Elitr no et rebum sadipscing dolores diam dolore consequat. Est vel magna voluptua eirmod sea sit dolores sanctus accusam vero nulla option eu consetetur. Labore dolore sed.\n",
        "pageCount": 1100,
        "excerpt": "Lorem justo ipsum at dolor tempor at eos sanctus. Dignissim nihil ullamcorper ipsum no elit et sed possim voluptua accusam. Augue et soluta sed et invidunt sadipscing labore diam laoreet molestie vel sanctus dolor erat sit ut facer sit. Nostrud est diam kasd sadipscing dolor stet. Sit sadipscing ut ea enim et et dolor eos eos justo diam rebum sed erat. Rebum no consequat magna dignissim ea lobortis lorem kasd diam accusam lobortis clita placerat invidunt accusam voluptua eos labore. Takimata justo aliquyam dolor in eleifend erat diam odio sanctus aliquyam amet vero takimata dolor labore lorem clita. Invidunt cum volutpat est in stet commodo diam sit iusto. Et diam dolor duo eos quis sed takimata dolore lorem invidunt voluptua dolor est et odio sit clita. Justo accusam consetetur sadipscing eu nibh lorem ea exerci. Tempor eos duis vero laoreet eos nonumy sanctus in tempor ipsum aliquyam. Magna amet option vero. Lorem kasd gubergren dignissim et facilisi dolor diam diam ut stet te amet dolore nonumy. Consetetur zzril at dolor vero dolore accusam zzril labore sea. Delenit erat illum dolor dolores lorem ipsum et ipsum justo dolores sea sanctus.\nEt iriure sadipscing labore dolor accusam lorem rebum ipsum nonummy at et dolore. Lorem amet dolores at amet diam ipsum ut aliquam amet tation velit et sed diam sed at et feugiat. Amet ipsum odio eirmod elitr est rebum sed nonumy dolore eros. Elit lorem eum vero wisi dolores magna no ipsum elitr et ipsum sed amet. No invidunt voluptua aliquyam est no ut dolores takimata elitr aliquyam lorem amet diam labore. Et et ipsum est invidunt luptatum lorem feugiat sea rebum velit lorem sea. Vero sit sit dolores. Kasd lorem sit nonumy. Stet vel vulputate ea in duo euismod lorem rebum consetetur vulputate sed. Nonumy dolor sea ex zzril magna sed elitr molestie no magna duo dolores molestie sed voluptua laoreet sed. Delenit justo sadipscing ipsum erat eirmod nonumy diam consequat et ut rebum invidunt sit sea sanctus. Nostrud aliquyam aliquam et commodo elitr diam eos takimata ipsum et magna et magna gubergren. Assum ipsum justo dolor ipsum lorem clita. Feugait est no ipsum amet amet diam nulla lorem. Vero sadipscing eos accusam ut sed dolores congue sanctus.\nAt justo nobis sea erat. Lorem et nostrud sit ad et sit vero sadipscing et. Sed clita in adipiscing et ipsum nonumy et sanctus dolores stet. Feugiat duo diam est accumsan labore invidunt facilisis in autem dolor elitr labore. Erat ea sea diam. Sed eum eros est stet ea lorem. Et stet exerci justo et ut labore dolor dolore tempor clita est diam. Accumsan feugiat elit rebum duo nihil voluptua sanctus at no ut consequat et at diam rebum rebum at. Sed ipsum rebum lorem facilisis rebum takimata vel dolor ipsum diam ea et. Duo sanctus kasd accumsan commodo dolore takimata ut. Nonumy lorem labore feugiat. Velit esse duo eos eirmod et. Dolor veniam autem et amet kasd diam nulla nibh dolor consetetur stet kasd tempor eos sanctus vero molestie. Feugiat eum eum no accusam nulla nobis quod magna nibh eu lorem diam est. Rebum nostrud labore takimata delenit et aliquyam dolor dolor.\nLorem volutpat amet et gubergren ad et at lorem et aliquyam ea et accusam labore dolor nonummy nonumy. Voluptua consequat sea ipsum justo kasd sed et vel eos consequat lorem elitr sit et gubergren aliquyam lorem. Et et dolore. Illum lorem dolores gubergren no molestie wisi ipsum et. Lorem luptatum velit autem dolor et nonumy vel ipsum tempor. Dolor dolore est dolores at consetetur diam tempor feugiat eos magna consetetur tempor. Lorem sanctus sit et nibh nonumy justo et sadipscing odio invidunt autem ea imperdiet diam id praesent duo amet. Magna accusam augue sadipscing et sadipscing sed et ipsum euismod diam diam ea accusam ipsum. Esse exerci tempor eu est sanctus vulputate duo. Doming erat in kasd et accusam. Amet duis sadipscing erat nulla hendrerit tempor sit sed ipsum erat vel ut veniam lorem. Quod kasd sanctus sed ex sit lorem nulla rebum rebum amet sanctus. Accusam magna ea. Diam diam dolor feugiat sea sed amet vulputate vel ipsum aliquip nibh diam dolor dolor sit. Dolore sit amet lorem eum ipsum sea ea rebum stet. Option tempor et ipsum consequat lorem possim tincidunt magna labore sit justo kasd duo. In accusam dolores sed kasd. No dolor nonumy magna et et magna tempor consetetur no consetetur imperdiet diam at stet ea tempor.\nDolore eum et nobis ea duis diam. Magna erat suscipit. Lobortis ipsum nonumy vulputate no et feugait duo eu sea diam velit at sanctus et ipsum at dolor. Ut vero aliquip erat adipiscing sadipscing sit vero vero kasd sanctus. Nonumy sea sed est vel quod cum eos at nostrud feugait no vero sadipscing. In nulla elitr sed diam erat lorem accusam amet takimata. Et duis augue imperdiet dolor facilisi eos vero ipsum erat illum dignissim sit ipsum possim augue rebum in. Eirmod est nonumy ea est labore magna dignissim ea suscipit invidunt tempor sit. Et dolores takimata gubergren et sed tempor diam lorem consetetur aliquam sea eirmod wisi et ea dolores diam. Zzril duo dolores tempor. Exerci dolor lorem dolor takimata lorem rebum elitr magna suscipit vero molestie sed. Eu stet sanctus dolore. Sed amet ipsum sit. Justo erat nonumy sit sanctus commodo sit accusam. Quis clita ipsum takimata et eleifend illum consequat nonummy ipsum. Facer eu odio rebum voluptua ipsum diam liber amet no magna. Dolor ex ut erat lorem labore invidunt at gubergren lorem et et. Iriure liber sadipscing dolore eum nostrud diam facilisis dolor.\n",
        "publishDate": "2023-12-06T16:42:14.1355246+00:00"
    },
    {
        "id": 12,
        "title": "Book 12",
        "description": "Tempor elitr ipsum esse kasd feugait no. Diam no sit nonumy ea accusam eirmod ut lorem consetetur elitr. Gubergren amet elit nulla magna consetetur. Dolor rebum et sed at nostrud eu. Takimata rebum dolore ea amet consetetur zzril dolore sea sadipscing dolores erat iriure kasd dolor nulla qui molestie. Consetetur voluptua nibh sea nisl amet invidunt sea diam sea kasd eu vel. Justo at dolor nostrud aliquyam at takimata te ut esse consequat amet dolore sed et et dignissim stet dolor. Sanctus voluptua sit et id rebum stet erat magna takimata feugiat amet justo amet nonummy justo consetetur. In sit et dolore ut takimata facer vero qui feugait eleifend in et ipsum vulputate ut iriure elitr. Erat rebum ea kasd lorem et kasd sed ipsum facilisis invidunt blandit et justo commodo in facilisis. Eos volutpat aliquyam consequat et eu nonumy accusam. Invidunt sit no stet. Illum dolore ea sea euismod labore et duis magna et vulputate. Eu at dolor in nulla at eos invidunt eirmod sadipscing vero ipsum minim. Eos lorem at id et sed nulla vulputate labore dolore takimata. Dolores hendrerit enim aliquyam consequat laoreet stet sadipscing augue magna kasd nulla nonummy gubergren. Esse nonummy sed ea consectetuer quis et eum dolores vulputate sanctus.\n",
        "pageCount": 1200,
        "excerpt": "Sit no diam eum aliquyam ut no dolore accusam eros takimata clita sit et sanctus sadipscing et. Dolores wisi dolore sed takimata in amet facilisi. Amet amet consequat in magna dolor ipsum elitr. Diam zzril ipsum elitr vel accusam sit lorem duo delenit sit sadipscing. Tempor erat et aliquyam euismod clita no ullamcorper aliquyam aliquyam vulputate et no euismod elitr. Quis eos ipsum nonumy takimata. Takimata ipsum vero eum kasd sit sit consetetur volutpat vero justo aliquyam gubergren ipsum et voluptua ea ullamcorper. Kasd at ipsum in ipsum hendrerit sed diam eirmod sea vulputate invidunt ipsum elitr ut nonumy. Rebum dolor dolor rebum justo tempor te luptatum justo consequat dolor nulla voluptua. Aliquyam tation rebum sit iriure molestie kasd in et et. Molestie invidunt aliquyam ut magna eirmod sea magna liber elit dignissim. Duo sadipscing placerat in voluptua aliquyam takimata no at clita elitr dolore sed ut. Gubergren ut accumsan vero vulputate duo tempor ipsum ut veniam kasd. Doming consetetur feugiat aliquyam est blandit. Amet ipsum sit erat consequat kasd ea at ea eos sadipscing at hendrerit consectetuer elitr lorem. Magna liber ea eos consectetuer eos et.\nKasd eu amet ea eos eirmod praesent augue diam sit no vero ipsum eu est consetetur lorem magna. Sit justo dolor lorem amet delenit sea dolores. Tempor illum dolore erat lorem nisl lorem diam nostrud wisi amet.\nAliquyam gubergren dolor diam dolor sed eos in consequat dolor te dolore sed amet sed et nonumy tempor sed. Magna lorem sed. Aliquyam vero magna dolore wisi ut. Dolor dolor diam diam sed sea tempor elitr aliquyam eum vero erat sit justo dolor. Vero et consectetuer et kasd ut ea rebum dolor aliquip rebum kasd dolores sit no sit duis lobortis. Aliquyam tempor sanctus invidunt ea cum dolor vulputate duis lobortis accumsan dolore. Et ipsum in at. Sit dolor iriure. Diam enim et exerci no vero eirmod ut ex invidunt et vero.\nAccusam aliquam dolor. Dolore ipsum takimata sed et diam. Augue ea nulla consequat sanctus sed sea wisi nonummy gubergren sea sit. Gubergren et lorem kasd est et iriure dolor ea. Ut eirmod dignissim dolore augue dolor sanctus et vel sit sadipscing aliquyam nonummy sanctus volutpat eirmod vero at sanctus. Vero nibh gubergren velit takimata kasd dolor erat justo minim ipsum diam rebum dolor gubergren amet mazim nonumy eu. Ipsum diam et amet lorem.\nEos laoreet dolores rebum. Adipiscing nulla consetetur tempor clita ea eros lorem ipsum vel diam sed. Amet dolores magna amet no quis erat delenit justo molestie. Erat no diam kasd amet dolore. Ullamcorper ut ut sea ut ipsum vero et nulla cum sed dolore et enim tempor nonumy amet. Delenit tempor amet eirmod ea ipsum nulla nonumy et sea dolor. Duo labore in consetetur. Amet ut eirmod eu kasd accusam diam tempor consetetur aliquam invidunt enim ea sed accusam sed stet dolor sadipscing. Justo et dolore adipiscing magna. Et dolore soluta.\n",
        "publishDate": "2023-12-05T16:42:14.1356376+00:00"
    },
    {
        "id": 13,
        "title": "Book 13",
        "description": "Diam iriure iriure exerci dolor clita justo dolor zzril. Sit vero et diam takimata dolore duo dolore labore accusam consequat congue et erat sed dolor. Autem eirmod vulputate delenit ea sed ut gubergren et in ipsum eos. Consetetur duis duis wisi. Sadipscing et ipsum suscipit in lorem autem illum dolore dolores nihil at. Sit dolore qui. Rebum vero in gubergren et magna justo invidunt vero ipsum no est facilisis. Ipsum dolor nonumy. Dolor vero nonumy magna iriure. Labore sea duo. Dolor wisi delenit accusam gubergren tincidunt ut dolore at sit. Consequat nobis ut ea erat lorem erat at aliquyam autem sanctus qui minim hendrerit. Lorem nobis aliquip ut et et stet nonumy labore magna diam takimata iriure sit dolor. Vero est diam no et molestie et rebum clita sanctus. Stet invidunt no kasd labore euismod erat.\n",
        "pageCount": 1300,
        "excerpt": "Accusam dolores sit dolore et exerci ut dolores aliquyam et labore ut. Amet euismod duis tempor. Sed rebum justo tempor enim tempor no. Ipsum stet justo takimata at ea voluptua blandit. Erat diam amet invidunt erat labore lorem sea aliquyam eos. Elitr diam nulla dolor sit no ullamcorper clita labore commodo ipsum eum accumsan sit vero et. Eirmod esse duo augue nonumy ut duo dolor elitr amet stet zzril justo. Adipiscing est aliquyam ipsum delenit et justo gubergren duo. Duis sit diam nibh sadipscing aliquyam diam est kasd et eum diam lorem. Stet velit ea labore ipsum amet consetetur dolore ea eos ipsum. Gubergren diam gubergren nonumy consetetur diam ut vero ipsum iriure tation sea nisl invidunt eum in. Invidunt invidunt exerci sit lorem. Vero amet hendrerit eirmod elitr labore justo et est eos vulputate diam stet amet vulputate nonumy lorem. Aliquyam dolor sit sit nisl amet justo dolor cum vero sed tempor quis. Dolore dignissim invidunt lorem et ut. In erat consetetur commodo ipsum clita voluptua erat rebum magna dolor ea. Et dolor nonumy facilisi aliquyam diam qui hendrerit commodo feugait sadipscing duo te ut lorem facilisis voluptua. Ut justo stet labore laoreet sea illum eirmod vulputate kasd vulputate diam aliquyam no et elit dolores consectetuer.\nTation molestie labore et sanctus diam sit elit feugait sed sed lorem. Consetetur adipiscing rebum justo amet sadipscing magna sea voluptua volutpat no lorem no aliquyam sed. Rebum invidunt sit doming. Zzril amet invidunt sed kasd labore.\nDiam no labore sit. Tempor eu et clita. Diam amet lorem nonummy stet sed eos dolor at eos dolor elit tation. Tempor in imperdiet nulla erat sed diam.\nTakimata kasd sit voluptua. Vero diam aliquyam accusam invidunt justo amet autem clita labore eirmod amet duo sea gubergren labore amet ipsum. Vero iriure stet dolore invidunt magna. Sed rebum at rebum ipsum ipsum ea at consequat ipsum voluptua dolore te hendrerit et dolore erat. Eum amet sadipscing dolore et diam sea et. Volutpat accumsan kasd stet gubergren no volutpat accumsan illum stet lorem. Dignissim magna consetetur facilisis clita sea sit justo elitr sea tation. Stet exerci erat sed sit lorem ut sanctus magna diam stet duo velit. Et dolore vero et ut. Rebum sea eos justo ea et ipsum dolore aliquyam consetetur. Nostrud stet iriure takimata dolores eum amet dolor feugiat dolor no eos elit sit. Sadipscing ipsum sadipscing dolores lorem elitr et magna dignissim lorem lorem clita gubergren. Diam lorem sit. Blandit consectetuer lobortis sed dignissim dolores vero erat suscipit justo sed ipsum duo kasd duo est erat. Eirmod eirmod facilisis stet facer et at lorem quis ea nisl eos amet lorem elitr tempor diam sit. Dolore ex no et.\nEt molestie aliquyam tempor kasd gubergren voluptua. Nulla ea augue sed velit amet erat. Et dolor accumsan te et et. Vel option sit duo ea elitr blandit erat amet tincidunt gubergren et sit amet dolores invidunt. Magna nulla diam labore diam sit et est tempor magna duo sanctus amet kasd ipsum eu nibh et. Diam elitr sea tempor clita ut dolores augue no sanctus eros. Et velit ea consequat sea labore clita ipsum. Clita stet kasd sed et vero sadipscing. Ut sanctus assum duis clita no labore diam accusam et eos exerci et elitr. Iriure rebum aliquip molestie eirmod stet et amet rebum ad dolor. Erat sit ea at duis accumsan magna in amet nonumy. Accusam diam ea sea. Hendrerit stet sea odio justo veniam dolores nibh dolores lobortis lorem vulputate. Et vero labore gubergren at est sadipscing vero congue dignissim dolor vel et eos nam. Elit quis takimata tincidunt. Ex consequat invidunt ea. Et consetetur eirmod gubergren elitr justo consetetur lorem sanctus rebum et kasd dolore sea rebum stet sed sed. Sit dolor et facilisis odio est sadipscing ipsum clita consetetur dolore dolor dolore amet. Est amet dolor esse erat et sed.\n",
        "publishDate": "2023-12-04T16:42:14.1357407+00:00"
    },
    {
        "id": 14,
        "title": "Book 14",
        "description": "Hendrerit aliquyam ut at enim kasd dolores facilisis eos diam dolor clita sea et dolore magna dolore nisl. Gubergren magna iriure. Et accumsan est magna autem facilisi dolore.\n",
        "pageCount": 1400,
        "excerpt": "Nonumy magna et elitr dignissim duo commodo dolor nonummy est justo est luptatum duis dolor labore labore rebum dolor. No lorem magna amet et blandit qui no aliquyam diam duo. Ut diam accumsan at consetetur sadipscing ipsum stet est. Sit takimata vero aliquam justo sed sea dolor amet in volutpat feugiat sit ut sit accusam. Duo labore iriure. Tempor invidunt sit lorem rebum voluptua. Nonumy at kasd blandit dolor veniam dignissim est te vel duo in ut et sit. Et lorem ipsum ut dolore vero accusam ut aliquyam elit sed magna et sed ipsum. Et est sea lorem vel duo ut lobortis dolore erat amet at erat vero lobortis eirmod sed exerci. Ex diam magna ut et justo tation ullamcorper kasd ut accusam sit. Ad sanctus diam nulla et sed duis ipsum. Ad diam et clita vel consectetuer est et. Invidunt dolore odio ipsum erat no dolor sadipscing tempor accusam dolore dolor. Tempor sed duis nonummy diam consequat sadipscing ipsum amet et eos ut feugiat nulla eum tempor. At praesent nonumy est dolores lorem sit et eirmod. Dolor enim ut at placerat sit et feugiat.\nDolor eu tempor erat est ut sed ipsum dolores aliquam wisi ipsum nonumy dolore sit at. At sea vero ut et sanctus ea te delenit erat vero magna nisl sea ipsum. Justo magna wisi no gubergren consectetuer veniam kasd ipsum takimata stet rebum ipsum sadipscing magna. Erat sadipscing sit est magna amet magna laoreet veniam eirmod nulla consetetur dignissim amet consequat veniam. Sed accusam dolore duis diam rebum dolore duis. Blandit stet consetetur sit clita consequat vero augue ipsum gubergren clita nostrud ut amet nonumy elitr ipsum lorem. Duo vero ad sadipscing clita clita luptatum eos sadipscing zzril quis sed nonumy liber et duo dolores. Et elitr tempor et elitr rebum vero option no no hendrerit sed nisl. Iriure nihil ad ut dolor lorem takimata sea eu delenit magna ipsum dolore. Placerat takimata tempor dolore et feugiat eos ea invidunt ipsum. Nisl clita odio lorem et soluta dolor sea accusam est elitr nonumy labore et. Laoreet dolores eum vero et consetetur dignissim quis sea sit et sed molestie at et sadipscing ut aliquam. Duo cum invidunt est lorem dolor sit diam in voluptua zzril dolores lorem et. Gubergren accusam blandit et no sanctus dolore no delenit dolor est amet amet et. Clita soluta nonumy diam.\nInvidunt magna vero voluptua nostrud lorem magna labore et vel. At no rebum amet takimata. Kasd dolores dolor no sanctus erat et invidunt adipiscing sanctus nobis sed ipsum kasd sea duo erat nulla. At nonumy vel dolor dolor sadipscing takimata ad. Invidunt ipsum justo duis ipsum vel nonumy te magna vel erat quod feugait. Magna ipsum nihil amet consetetur eos accumsan at esse sed volutpat sit duo ipsum ea duis labore. Sanctus wisi adipiscing.\nNonumy sed erat aliquip eleifend justo consetetur at dolores amet lorem consequat lorem nonumy facilisi rebum. Clita amet duo duis sed ipsum et magna. Et et aliquyam assum erat at ipsum dolore nulla. In dolor at sanctus sed minim tempor illum et diam kasd id tincidunt dignissim erat blandit vero. Exerci ipsum nonummy dolor magna accusam erat facilisi autem imperdiet tempor. Clita nulla duis sit et invidunt esse hendrerit amet. Sanctus dolor et et wisi accusam ut amet sed autem sit erat tempor quis vel consetetur. Ipsum justo adipiscing. Sea consectetuer rebum ut nisl amet sadipscing. Amet aliquyam ut ipsum. Eros takimata sed invidunt stet et et dolore aliquyam eros vulputate sit diam diam invidunt. Magna ut et dolore hendrerit lorem dignissim in dolore et at amet sit. Enim et eos dolor duis et ut qui et dolore wisi sadipscing amet accusam placerat ut ipsum. Sed magna stet nonumy dolore et. Sit possim ea ipsum et diam.\nSadipscing aliquyam et et elitr vero consectetuer sanctus imperdiet justo labore sed sit eum ipsum sit. Dolor et tempor voluptua. Invidunt sit kasd stet et et ex ea euismod duis justo duo id. Et dolore est amet nulla elitr invidunt no option sadipscing. Duis in soluta eos et aliquip eos et in gubergren. No aliquyam ipsum zzril clita nonummy voluptua nam sea consetetur ipsum takimata labore ut sit lorem. Cum ipsum gubergren sit molestie ut iusto diam dolor. Nostrud sed sit ex. Eleifend hendrerit diam te ipsum elitr. Possim labore sadipscing molestie stet diam ea duo at eos et iusto. Facilisis labore takimata possim lorem ipsum.\n",
        "publishDate": "2023-12-03T16:42:14.1358365+00:00"
    },
    {
        "id": 15,
        "title": "Book 15",
        "description": "Ipsum adipiscing feugiat clita feugait. Sanctus voluptua tempor stet at eros vero eros id sea ipsum gubergren diam elitr consequat. Dolore vero sadipscing nonumy et sit ipsum wisi lorem lorem in delenit. Amet sit iusto lorem sit minim. Lorem invidunt quis amet ipsum ipsum magna commodo tempor elit exerci feugiat invidunt diam et sanctus in vel. Vero et hendrerit gubergren voluptua eirmod diam diam clita nulla option diam ad ipsum est dolore lorem consequat. Labore et nostrud est kasd iriure nostrud takimata sed consequat amet in labore. Eos eirmod et euismod esse ut takimata clita clita exerci duo tempor sed consetetur et magna sit labore at. Vel consetetur clita duo kasd vero et magna amet at kasd sed et accusam magna gubergren dolore kasd. Lorem facer et sea sit tempor. Dolor enim suscipit magna consequat et lorem sadipscing sit eirmod sed dolor.\n",
        "pageCount": 1500,
        "excerpt": "Dolor dolore sit et et at. Ipsum rebum sanctus veniam nonumy vero elitr aliquam quis invidunt clita magna et. Et vulputate et elitr nibh sed eos justo voluptua sit labore. Aliquyam dolor sed voluptua eirmod labore sadipscing eirmod congue. Duo nobis consetetur sed sanctus placerat esse. Consequat accusam magna takimata dolore et vero diam accusam consequat duo. Eirmod sanctus rebum et consetetur sit. Lorem elit duis lobortis amet elitr ex eirmod ipsum enim. Ut magna dolore elitr odio aliquyam sit in. No et consetetur stet nam accusam feugiat at stet tempor ea autem consetetur sit ut justo ut. Justo ea dolor et at erat sit sit invidunt vel veniam justo. Takimata dignissim eu consectetuer est eos ex sit vero kasd sed at amet et. Feugait magna dolor ut. Minim magna diam sit at at et nonummy. Ut magna ipsum sadipscing invidunt sed clita minim velit. Rebum ipsum magna iriure lorem est at sea aliquyam autem gubergren eirmod esse elitr aliquip ex diam consetetur aliquyam. Erat ut justo rebum nonumy magna sadipscing dolore.\nDolor ipsum stet dolores no gubergren ea est. Delenit cum amet invidunt. Nonumy ea veniam sanctus kasd dolores dolor dolor sed aliquyam sit takimata illum et ut nonumy. No erat mazim luptatum rebum voluptua volutpat labore labore justo et. Labore lorem nihil et blandit invidunt quod assum tempor velit dolor aliquip. Et amet et. Enim dolor illum praesent. Consetetur tempor clita nisl et nonumy diam eos sadipscing dolore erat eirmod vel eros dolore duo et magna. Ut accumsan dignissim et tempor accumsan erat veniam justo dolore dolor dolores ullamcorper vel dolor gubergren kasd gubergren. Et lorem delenit ea duis delenit vulputate euismod sit et stet labore ea dolore dolore et consequat exerci.\nIriure invidunt sed accusam hendrerit eros ea elitr nihil dolores et kasd. Lorem dolore sea et te elitr. Dolor aliquyam sed dolor vero dolor dolore enim labore sit wisi et sanctus cum est labore. Tincidunt voluptua justo ea dolores magna illum est justo no blandit voluptua duis clita invidunt. Ut nonumy zzril sea vero delenit dolor te clita takimata gubergren commodo enim nonumy diam. Vero enim sanctus diam et est stet lorem clita duis. Nisl rebum dolor diam et vel accusam odio ut vulputate voluptua dolor rebum minim gubergren. No lorem et gubergren stet invidunt diam amet consetetur labore praesent. Stet wisi ea aliquyam. Elitr et elit zzril dolores lorem justo consetetur volutpat ea et amet. Ea voluptua erat sed lorem quis sed takimata sadipscing dolore. Velit duis sanctus ea sadipscing sea in diam sit exerci est diam autem ipsum elitr sit rebum et rebum.\nLorem dolor aliquip takimata elit et exerci tempor et dolor lorem blandit ullamcorper voluptua possim commodo. Duo feugait eos et lorem lorem sadipscing lorem. Sadipscing kasd nostrud magna elitr sed dolor sanctus dolor lorem. Sed diam tempor dolores dolor id te est et elitr accusam et dolore sadipscing ipsum est dolor. Consetetur sadipscing amet accusam labore erat zzril iriure sanctus dolor accusam sit consequat lobortis sed clita eos lobortis ut. Stet erat stet esse eu sea et nulla elitr et eum vero est accusam dolor velit vero accusam. Sea ut aliquyam nonumy magna ut facer quis velit aliquyam gubergren kasd at. Sed in lorem magna in velit te takimata elitr amet et ea dolor amet. Elitr commodo vulputate sanctus ipsum. Dolor et nonumy adipiscing duo elitr ipsum cum vero dolore kasd ea nulla. Rebum dolor feugait dolor magna elit duo consetetur erat accusam adipiscing iusto. Veniam erat dolor lorem dolore gubergren labore tempor sea. Volutpat aliquam diam clita justo. Duo ullamcorper lorem eos ex minim consetetur sea invidunt dolor. Dolore eu diam duo sit rebum et dolor no magna. Erat sea et elitr vulputate assum voluptua augue praesent invidunt kasd duis elit dolore adipiscing.\nLorem ut nonumy suscipit labore aliquyam ipsum hendrerit et diam volutpat elitr amet sed rebum dolor no. Tation consequat takimata sed et eu vulputate ipsum nostrud accusam dolore. Lorem vulputate magna labore dolor eos. Lorem amet sed et. Ea nihil tincidunt est dolor at dolor feugiat et takimata accusam blandit. No kasd nisl rebum est. Dolore gubergren lorem odio magna sed diam. Diam voluptua diam dolore sed amet vero vero vero diam et dolor stet vero justo. Rebum luptatum adipiscing ipsum gubergren stet eirmod nonumy accumsan amet eirmod vero diam elitr. Sadipscing vero rebum takimata ipsum ut nulla eos esse. Ut dolores luptatum ad sea rebum sea odio amet placerat vel veniam mazim duo diam eirmod ipsum suscipit. Takimata justo justo ut kasd tempor lorem vero dolores invidunt ut in. Sea no sea wisi ut amet ut aliquyam erat qui elitr ea ea. Magna sit aliquyam ea dignissim labore consequat aliquyam feugait ea illum sanctus invidunt. Sed sed aliquam gubergren sit diam accusam labore in. Ex lorem ut vulputate diam consequat eum illum dolor.\n",
        "publishDate": "2023-12-02T16:42:14.1359535+00:00"
    },
    {
        "id": 16,
        "title": "Book 16",
        "description": "Diam tempor est ea. Lobortis sed duis iriure labore ex at dolore nulla nonumy labore adipiscing. Voluptua euismod eu tempor justo consequat praesent gubergren aliquyam dolor consetetur eirmod sit elitr accusam hendrerit. Lorem lorem et quis amet sadipscing cum ea doming sit sed tincidunt et nonumy dolores ea sit eirmod vero.\n",
        "pageCount": 1600,
        "excerpt": "Lorem et autem. Diam voluptua liber nonumy eirmod facilisi duo sed diam. Duo ut possim feugait feugiat erat dolores. Vel eirmod lorem dolor stet iriure. Rebum est et ea sanctus vel nulla consectetuer dolores et duo ipsum magna sea kasd no amet. Diam commodo rebum kasd clita in et takimata facilisis sea no. Illum sit gubergren et takimata duo dolor quis eos ut quis sit laoreet. Erat magna tempor consequat accusam. Odio mazim vel. Takimata cum kasd vero sit lorem accusam justo aliquam ullamcorper gubergren in eirmod rebum nobis in sea. Amet justo tempor clita takimata et stet duo et magna diam magna ut eirmod sit stet sed nonumy at. Consetetur vero ipsum elitr ea stet amet. Elitr et magna sit accusam sed eum et gubergren rebum aliquyam vel consetetur lorem. Accumsan ea takimata. Dolore esse takimata vero stet justo sanctus stet feugait est delenit dolor vel magna accumsan at dolor et sed.\nRebum id esse. Elitr ipsum lobortis kasd amet lobortis eros. Gubergren vero qui blandit ipsum lorem consetetur tincidunt ut duis accusam augue dolores consequat possim. Eos dolore elitr vero sit magna takimata consetetur ut.\nCommodo sea consequat eos kasd eirmod eirmod dolore accusam accusam dolor eos sit. Sit eirmod minim vero at gubergren sed amet. Stet augue ea praesent sit. Duo ullamcorper dolor velit dolores facilisis. Et esse est et. Tempor labore autem sit erat aliquyam diam augue sadipscing no et feugiat dignissim aliquyam ipsum takimata lorem qui sit. Veniam et laoreet aliquyam amet sit quis duo et lorem aliquyam et duo eu accusam. Ipsum et amet invidunt. Dolore invidunt diam est molestie et eirmod amet sed duo eu. Est dolor amet dolore ipsum sanctus aliquam praesent sadipscing magna nonumy erat sit rebum lorem. Ipsum lorem eu suscipit ea facilisis nibh et amet at gubergren aliquyam et ipsum eirmod ut vel ea rebum. Lorem nonumy sit rebum sed ipsum gubergren qui feugiat ipsum lorem stet clita erat dolor vero. Sea et et est dolores nobis clita amet nulla voluptua lorem.\nEum ut amet nisl nonumy at diam delenit dolor dolore illum gubergren et. Accusam suscipit duo. Sit magna sit at clita ullamcorper gubergren est nisl eos. Elit sadipscing te hendrerit consetetur invidunt. Tempor eos vero diam justo consetetur diam sed consetetur iriure sit tempor suscipit est velit nihil sanctus imperdiet.\nIriure duis erat et lorem ea gubergren soluta tempor et dolor sadipscing facilisis. Et augue esse et duis dolor dolor et stet delenit no ipsum ea et. Quis est aliquyam ipsum. Dolor in sadipscing. Ut ipsum labore. Esse vero clita lorem vero aliquyam et kasd at et sit suscipit lorem eos et. Sadipscing esse amet sit in nulla molestie. Diam illum nulla erat dolore autem molestie mazim et no diam sanctus ipsum liber erat vel amet. Lorem eirmod erat minim elitr iusto. Gubergren luptatum eos lorem iusto vel ea eos invidunt rebum no nulla lorem. Sed dolore nonummy vero feugait no consetetur congue. Takimata et amet no qui. Gubergren duis iriure et ipsum kasd dolores exerci sit imperdiet commodo. Kasd clita facilisi lorem stet sit voluptua diam takimata dignissim eirmod. Ipsum sit clita dolor esse lorem eros ipsum dolore dolor. Invidunt et veniam vel consequat kasd aliquyam nonumy sed sea sadipscing kasd consectetuer magna soluta. Illum dolore elitr in takimata no elitr. Dolor dolore sanctus diam eos.\n",
        "publishDate": "2023-12-01T16:42:14.1360283+00:00"
    },
    {
        "id": 17,
        "title": "Book 17",
        "description": "Invidunt justo luptatum aliquyam tempor. Quis vel et consectetuer vel consetetur hendrerit lorem diam clita autem dolore ut. Et assum sea. Sed vero aliquip praesent ea. Erat labore sed amet takimata elitr justo at minim et elitr accusam.\n",
        "pageCount": 1700,
[...]
        "publishDate": "2023-06-02T16:42:14.2659021+00:00"
    },
    {
        "id": 199,
        "title": "Book 199",
        "description": "Dolore consequat vel feugiat diam quis sit takimata erat no ipsum dignissim et. Magna aliquam zzril stet ipsum qui ea enim nonumy eos duis dolor. Eos takimata eirmod aliquyam no magna delenit iusto duis tempor iriure. Option voluptua et ipsum in erat quis dolore ipsum ea justo at vero accumsan diam vel amet. Velit dolores gubergren kasd at ipsum sed labore hendrerit dolore dolor. Et feugiat invidunt te labore sadipscing dolores clita. Amet nonumy justo sanctus hendrerit sanctus gubergren accusam ut diam rebum accusam tempor ipsum nostrud sadipscing. Vel labore kasd nonummy facilisi invidunt in dolore sit nam elitr dolore et. Duo euismod ipsum consetetur diam ullamcorper eirmod invidunt elitr dolore. Lorem illum eirmod minim et consequat.\n",
        "pageCount": 19900,
        "excerpt": "Et kasd labore labore sit vero diam at at. Erat dolores possim eu iriure sit enim eirmod eirmod consectetuer dolor. Autem sadipscing eu nulla ipsum invidunt ut rebum nonumy eos. Lorem ipsum aliquip dolores lorem id nisl. Lorem stet in placerat zzril elitr accusam sadipscing. Dolor sed aliquyam dolor labore dolor molestie takimata eos et et dolores est kasd invidunt sit et et. Eirmod sed eos clita luptatum voluptua soluta molestie sanctus qui facilisis ullamcorper et consetetur duis vel sit diam. Ea ut et kasd sit iusto ipsum mazim nibh dolor est sit et dolores et. Ea stet sit vel ea ad zzril eu ullamcorper dolor molestie esse vero te. Duo erat lorem sed kasd ea dolores in diam aliquyam aliquip eos. Illum eos dolore possim vulputate esse. Ea dolores ipsum dolor et nisl accumsan vero facilisi eirmod rebum. Justo nonumy invidunt eum aliquyam laoreet stet volutpat dolor et feugait. Stet no rebum te et rebum amet dolore clita. Stet dolor lorem at consetetur diam consetetur vero duis amet amet dolore lorem aliquyam dolores diam sit stet. Ipsum ex sit sea veniam et facilisi. Ea at nonummy sadipscing ad et sanctus elitr dolores voluptua.\nSuscipit hendrerit lorem vero sea dolor. Est cum clita. Dolor et vero et feugiat amet consetetur et sea est eirmod aliquyam lorem diam vel. Illum autem est dolore et diam et voluptua amet. Justo sit dolor dolor cum ut volutpat ipsum nibh kasd tempor et sadipscing at accusam dolor. Kasd ad kasd amet dolores adipiscing vel dolore diam lorem et justo diam.\nEt ut duis consetetur sea ullamcorper dolor ipsum consetetur dolor id duo invidunt blandit vero augue et wisi. Magna et consequat aliquyam est lorem dolore ipsum dolor tempor at et voluptua consetetur at consetetur sea. Sit nostrud diam.\nEa ut elitr dolore dolore ad. Consectetuer tempor ut gubergren sea. Sea sanctus sed at adipiscing et vero gubergren ipsum labore justo. Ea nulla et illum ipsum no dolor ea gubergren magna stet rebum accusam dolore voluptua dolore justo et. Et et nonummy qui ipsum nonumy et vero kasd ut adipiscing rebum vel diam elitr ea lorem. Dolores sed voluptua sed sit qui eros elitr voluptua invidunt cum. Sadipscing ipsum et ut ut nonumy ipsum est stet. Et duo takimata aliquyam dolor.\nVero rebum amet est kasd sit congue eos et ipsum diam diam kasd. Invidunt diam nisl. Et eu nihil lorem ipsum clita amet sanctus eos rebum eros vel et in te eros. Accusam duo est dolore consequat ut duis nibh duo facilisis at ut dolore accusam erat erat iusto magna ea. Et clita tempor accusam sanctus. Illum zzril facer vero suscipit dolor. No et accusam lorem kasd aliquip ipsum amet eum cum suscipit sanctus aliquam sed in consequat ipsum. Gubergren et vero dolore te. Sit sed wisi. Dolore diam kasd et diam. Et sed laoreet ut clita vel accusam ipsum sit eros sit ipsum duo. Sed duo iriure rebum sit consetetur amet at diam. Dolor labore ut erat blandit lorem elitr dolor sit aliquyam dolor. Et mazim lorem ea lorem accusam et duo autem dolore sea dolor. Rebum minim feugiat vero. Eos erat ut. Euismod nonummy exerci tation et elitr ut et sit stet lorem facilisi et lorem ea no. Eos takimata labore. Nonummy vero nonumy aliquip dolor.\n",
        "publishDate": "2023-06-01T16:42:14.2659832+00:00"
    },
    {
        "id": 200,
        "title": "Book 200",
        "description": "Eros erat dolore vero praesent odio dolores accusam. At iusto sed dolore ipsum dolore sed eros aliquyam blandit feugiat praesent sed. Illum accusam adipiscing. Amet et qui no augue diam mazim diam exerci zzril erat nonumy nulla. Sadipscing eirmod aliquyam amet. Diam consetetur dolor. Stet stet invidunt sanctus sea dolore tempor vel volutpat tempor erat et sanctus. Et gubergren nulla no sea voluptua.\n",
        "pageCount": 20000,
        "excerpt": "Amet gubergren lorem feugait vulputate zzril et sed elitr dolore duis duo. Sit eros dolore dolore sea voluptua labore iriure dolor commodo dolore tempor. Gubergren in diam magna tempor accusam tempor illum dolor voluptua sea duo te ut ea no amet. Takimata nisl justo eos sit. Et lorem lorem quis duo dolor elit eirmod laoreet tation ut sadipscing sit kasd clita diam. Erat amet duis et amet.\nEx et sea commodo justo lorem vel suscipit sea. Accusam stet dolores sed ea duo ea justo sit ipsum sit vero rebum ut ut facilisis. Diam invidunt sit ut eum consequat. Kasd accusam nonumy sed ipsum eos et sit duo et lorem vero dolore et iusto. Ut est lorem aliquyam illum aliquyam ipsum. Dolore euismod in sit magna facilisi et sit aliquip clita aliquyam ad aliquyam ipsum et et. Lorem nonumy eum magna gubergren et invidunt at feugait nobis option diam accusam esse. Duo et sit est ex ullamcorper et nonumy nostrud. Nonumy ipsum elitr sadipscing. Ad et nonummy ipsum amet sed at elitr. Gubergren accusam at velit takimata feugiat takimata labore elitr sit amet sit vulputate dolores elitr consectetuer. Gubergren labore vero facer. Dolor dolore nonumy labore amet sed praesent lorem nisl vulputate elitr accumsan sed nibh dolor lorem justo in sit. Accumsan at ipsum nonumy diam kasd eos dolor et dolore in duo consequat et diam voluptua zzril et lorem. Illum tempor at nonumy est magna facilisi nihil sit congue et sed eos.\nDuo ut sit sea labore est et labore velit magna vero sea. Ea no illum duo stet molestie lorem tempor dolore. Labore amet nulla at dolor accusam stet ipsum. Dolore no no lorem autem ipsum et iriure justo ipsum lorem ut feugiat eos lorem consetetur sed rebum. Clita tempor ea sadipscing molestie elitr dolores augue no. Ea quis exerci duis erat voluptua vero id velit ut ipsum sit rebum ut duo kasd ipsum dolore sanctus. Magna gubergren voluptua eum placerat takimata. Accusam est delenit feugiat dolor takimata stet esse vulputate diam imperdiet dolor dolor option justo ut sed elit ea. Stet at amet nulla. At liber lorem est stet duo est. No ipsum nonumy esse eos tempor diam amet consequat sed amet sanctus sit exerci nonumy nulla lobortis dolor.\nAmet ipsum delenit gubergren sed dolore gubergren justo. Sit vulputate gubergren sed minim tempor magna sit sit accumsan erat at sea. Dolor amet praesent et dolores dolores velit sit vero elitr commodo et takimata. Rebum feugiat in sadipscing possim lobortis sit. Sed consequat duo odio elitr esse blandit eos consequat et. Dolor duo elit takimata praesent.\nSed lorem augue vel sadipscing vel magna iriure dolores lorem labore lorem lorem iusto nonumy tempor accusam ipsum. Magna at dolor et dolor consetetur sed stet sanctus liber augue at velit amet. Et nulla sit tincidunt possim sadipscing in erat praesent option magna consetetur. Eirmod adipiscing rebum augue est lorem stet duis diam et minim lorem. Magna voluptua tempor justo erat erat lorem dolores dolor exerci sed zzril augue tempor vero sanctus. Ea sit aliquam invidunt voluptua iriure sed lorem et ipsum eirmod in. Consectetuer nisl et consetetur rebum ea nulla. Qui nonumy diam duis sed eos laoreet ipsum facilisis ut eirmod est eum congue. Accusam sadipscing est commodo diam justo no diam lorem diam gubergren at takimata vel tempor in nulla consetetur. Labore duo rebum lobortis duo justo amet dolor duis invidunt adipiscing ut nonumy labore tempor eum amet ut. Lorem takimata tation ipsum sed velit eos. Et ut nonumy eos dolor facilisis et wisi ipsum sed lorem tempor et consetetur labore et diam congue. Erat sed et ut eirmod et facilisis consetetur duo sed ipsum labore et amet et dolore. Ut stet sanctus invidunt justo in.\n",
        "publishDate": "2023-05-31T16:42:14.2660637+00:00"
    }
]
4th book id --------->4
]]></system-out>
  </testcase>
  <testcase name="test_updateBook" classname="api.test.BookTest" time="0.815">
    <system-out><![CDATA[Random Number in Range: 496
HTTP/1.1 200 OK
Content-Type: application/json; charset=utf-8; v=1.0
Date: Sun, 17 Dec 2023 16:42:22 GMT
Server: Kestrel
Transfer-Encoding: chunked
api-supported-versions: 1.0

{
    "id": 496,
    "title": "Isaias",
    "description": "Walsh",
    "pageCount": 408,
    "excerpt": "micaela.bergnaum@hotmail.com",
    "publishDate": "2024-05-06T15:02:46.6465312+00:00"
}
]]></system-out>
  </testcase>
  <testcase name="test_getBookingByIds" classname="api.test.RestfulBookerTest" time="7.321">
    <system-out><![CDATA[HTTP/1.1 200 OK
Server: Cowboy
Report-To: {"group":"heroku-nel","max_age":3600,"endpoints":[{"url":"https://nel.heroku.com/reports?ts=1702831348&sid=c46efe9b-d3d2-4a0c-8c76-bfafa16c5add&s=%2BaoleWj4qz5gBA9rviVNpdpQcQkNLOF1uHTDVvxgvhU%3D"}]}
Reporting-Endpoints: heroku-nel=https://nel.heroku.com/reports?ts=1702831348&sid=c46efe9b-d3d2-4a0c-8c76-bfafa16c5add&s=%2BaoleWj4qz5gBA9rviVNpdpQcQkNLOF1uHTDVvxgvhU%3D
Nel: {"report_to":"heroku-nel","max_age":3600,"success_fraction":0.005,"failure_fraction":0.05,"response_headers":["Via"]}
Connection: keep-alive
X-Powered-By: Express
Content-Type: application/json; charset=utf-8
Content-Length: 2409
Etag: W/"969-zR7Fn8TmbHNIJIh5AZvmsUx4jEo"
Date: Sun, 17 Dec 2023 16:42:28 GMT
Via: 1.1 vegur

[
    {
        "bookingid": 69
    },
    {
        "bookingid": 15
    },
    {
        "bookingid": 86
    },
    {
        "bookingid": 96
    },
    {
        "bookingid": 82
    },
    {
        "bookingid": 146
    },
    {
        "bookingid": 62
    },
    {
        "bookingid": 42
    },
    {
        "bookingid": 176
    },
    {
        "bookingid": 51
    },
    {
        "bookingid": 46
    },
    {
        "bookingid": 68
    },
    {
        "bookingid": 59
    },
    {
        "bookingid": 134
    },
    {
        "bookingid": 105
    },
    {
        "bookingid": 150
    },
    {
        "bookingid": 180
    },
    {
        "bookingid": 72
    },
    {
        "bookingid": 141
    },
    {
        "bookingid": 142
    },
    {
        "bookingid": 31
    },
    {
        "bookingid": 161
    },
    {
        "bookingid": 125
    },
    {
        "bookingid": 92
    },
    {
        "bookingid": 16
    },
    {
        "bookingid": 83
    },
    {
        "bookingid": 39
    },
    {
        "bookingid": 70
    },
    {
        "bookingid": 110
    },
    {
        "bookingid": 19
    },
    {
        "bookingid": 101
    },
    {
        "bookingid": 152
    },
    {
        "bookingid": 21
    },
    {
        "bookingid": 74
    },
    {
        "bookingid": 22
    },
    {
        "bookingid": 93
    },
    {
        "bookingid": 126
    },
    {
        "bookingid": 149
    },
    {
        "bookingid": 165
    },
    {
        "bookingid": 169
    },
    {
        "bookingid": 41
    },
    {
        "bookingid": 171
    },
    {
        "bookingid": 154
    },
    {
        "bookingid": 174
    },
    {
        "bookingid": 25
    },
    {
        "bookingid": 139
    },
    {
        "bookingid": 114
    },
    {
        "bookingid": 99
    },
    {
        "bookingid": 159
    },
    {
        "bookingid": 97
    },
    {
        "bookingid": 35
    },
    {
        "bookingid": 33
    },
    {
        "bookingid": 120
    },
    {
        "bookingid": 10
    },
    {
        "bookingid": 7
    },
    {
        "bookingid": 147
    },
    {
        "bookingid": 67
    },
    {
        "bookingid": 98
    },
    {
        "bookingid": 133
    },
    {
        "bookingid": 8
    },
    {
        "bookingid": 80
    },
    {
        "bookingid": 109
    },
    {
        "bookingid": 167
    },
    {
        "bookingid": 177
    },
    {
        "bookingid": 75
    },
    {
        "bookingid": 26
    },
    {
        "bookingid": 13
    },
    {
        "bookingid": 50
    },
    {
        "bookingid": 53
    },
    {
        "bookingid": 175
    },
    {
        "bookingid": 144
    },
    {
        "bookingid": 118
    },
    {
        "bookingid": 107
    },
    {
        "bookingid": 17
    },
    {
        "bookingid": 48
    },
    {
        "bookingid": 79
    },
    {
        "bookingid": 124
    },
    {
        "bookingid": 9
    },
    {
        "bookingid": 6
    },
    {
        "bookingid": 20
    },
    {
        "bookingid": 57
    },
    {
        "bookingid": 34
    },
    {
        "bookingid": 43
    },
    {
        "bookingid": 18
    },
    {
        "bookingid": 153
    },
    {
        "bookingid": 115
    },
    {
        "bookingid": 106
    },
    {
        "bookingid": 61
    },
    {
        "bookingid": 136
    },
    {
        "bookingid": 24
    },
    {
        "bookingid": 36
    },
    {
        "bookingid": 54
    },
    {
        "bookingid": 14
    },
    {
        "bookingid": 38
    },
    {
        "bookingid": 45
    },
    {
        "bookingid": 91
    },
    {
        "bookingid": 85
    },
    {
        "bookingid": 89
    },
    {
        "bookingid": 49
    },
    {
        "bookingid": 28
    },
    {
        "bookingid": 160
    },
    {
        "bookingid": 130
    },
    {
        "bookingid": 132
    },
    {
        "bookingid": 121
    },
    {
        "bookingid": 145
    },
    {
        "bookingid": 103
    },
    {
        "bookingid": 23
    },
    {
        "bookingid": 116
    },
    {
        "bookingid": 88
    },
    {
        "bookingid": 30
    },
    {
        "bookingid": 172
    },
    {
        "bookingid": 112
    },
    {
        "bookingid": 5
    },
    {
        "bookingid": 58
    },
    {
        "bookingid": 137
    },
    {
        "bookingid": 129
    },
    {
        "bookingid": 2
    },
    {
        "bookingid": 66
    },
    {
        "bookingid": 37
    },
    {
        "bookingid": 47
    },
    {
        "bookingid": 12
    },
    {
        "bookingid": 166
    },
    {
        "bookingid": 123
    },
    {
        "bookingid": 163
    },
    {
        "bookingid": 65
    },
    {
        "bookingid": 1
    },
    {
        "bookingid": 55
    },
    {
        "bookingid": 77
    },
    {
        "bookingid": 95
    },
    {
        "bookingid": 157
    },
    {
        "bookingid": 11
    },
    {
        "bookingid": 63
    },
    {
        "bookingid": 32
    },
    {
        "bookingid": 4
    },
    {
        "bookingid": 113
    },
    {
        "bookingid": 40
    },
    {
        "bookingid": 3
    },
    {
        "bookingid": 52
    },
    {
        "bookingid": 60
    }
]
Assertion pass for test_getBookingByIds
]]></system-out>
  </testcase>
  <testcase name="test_createToken" classname="api.test.RestfulBookerTest" time="1.548">
    <system-out><![CDATA[HTTP/1.1 200 OK
Server: Cowboy
Report-To: {"group":"heroku-nel","max_age":3600,"endpoints":[{"url":"https://nel.heroku.com/reports?ts=1702831351&sid=c46efe9b-d3d2-4a0c-8c76-bfafa16c5add&s=pqpLB1zjM9uaQ7IepravQ0Vdp5bdRWExrdW78HCb%2FtY%3D"}]}
Reporting-Endpoints: heroku-nel=https://nel.heroku.com/reports?ts=1702831351&sid=c46efe9b-d3d2-4a0c-8c76-bfafa16c5add&s=pqpLB1zjM9uaQ7IepravQ0Vdp5bdRWExrdW78HCb%2FtY%3D
Nel: {"report_to":"heroku-nel","max_age":3600,"success_fraction":0.005,"failure_fraction":0.05,"response_headers":["Via"]}
Connection: keep-alive
X-Powered-By: Express
Content-Type: application/json; charset=utf-8
Content-Length: 27
Etag: W/"1b-XVWJ/wmWsJIi8CpiwGLgn7eC/L4"
Date: Sun, 17 Dec 2023 16:42:31 GMT
Via: 1.1 vegur

{
    "token": "25b943dd9b9270e"
}
Toekn Generated //////////////> 25b943dd9b9270e
]]></system-out>
  </testcase>
  <testcase name="test_getBookingById" classname="api.test.RestfulBookerTest" time="2.632">
    <system-out><![CDATA[HTTP/1.1 200 OK
Server: Cowboy
Report-To: {"group":"heroku-nel","max_age":3600,"endpoints":[{"url":"https://nel.heroku.com/reports?ts=1702831354&sid=c46efe9b-d3d2-4a0c-8c76-bfafa16c5add&s=vFRO4M%2FmmSCRRgfk4PWA%2F4U0HUSaV4vBZKGkNlcbtrQ%3D"}]}
Reporting-Endpoints: heroku-nel=https://nel.heroku.com/reports?ts=1702831354&sid=c46efe9b-d3d2-4a0c-8c76-bfafa16c5add&s=vFRO4M%2FmmSCRRgfk4PWA%2F4U0HUSaV4vBZKGkNlcbtrQ%3D
Nel: {"report_to":"heroku-nel","max_age":3600,"success_fraction":0.005,"failure_fraction":0.05,"response_headers":["Via"]}
Connection: keep-alive
X-Powered-By: Express
Content-Type: application/json; charset=utf-8
Content-Length: 169
Etag: W/"a9-pLno4M4jARCCH8k0BsLT0ALMqUE"
Date: Sun, 17 Dec 2023 16:42:34 GMT
Via: 1.1 vegur

{
    "firstname": "John",
    "lastname": "Smith",
    "totalprice": 111,
    "depositpaid": true,
    "bookingdates": {
        "checkin": "2018-01-01",
        "checkout": "2019-01-01"
    },
    "additionalneeds": "Breakfast"
}
]]></system-out>
  </testcase>
  <testcase name="test_createBooking" classname="api.test.RestfulBookerTest" time="3.617">
    <system-out><![CDATA[HTTP/1.1 200 OK
Server: Cowboy
Report-To: {"group":"heroku-nel","max_age":3600,"endpoints":[{"url":"https://nel.heroku.com/reports?ts=1702831358&sid=c46efe9b-d3d2-4a0c-8c76-bfafa16c5add&s=UtRbwQWzS5RNmk%2BrSABFRqXOmiA56YZ%2FD80dTW29bso%3D"}]}
Reporting-Endpoints: heroku-nel=https://nel.heroku.com/reports?ts=1702831358&sid=c46efe9b-d3d2-4a0c-8c76-bfafa16c5add&s=UtRbwQWzS5RNmk%2BrSABFRqXOmiA56YZ%2FD80dTW29bso%3D
Nel: {"report_to":"heroku-nel","max_age":3600,"success_fraction":0.005,"failure_fraction":0.05,"response_headers":["Via"]}
Connection: keep-alive
X-Powered-By: Express
Content-Type: application/json; charset=utf-8
Content-Length: 196
Etag: W/"c4-NU9sVEAI9/JrO24h1qdCi1kECo0"
Date: Sun, 17 Dec 2023 16:42:38 GMT
Via: 1.1 vegur

{
    "bookingid": 261,
    "booking": {
        "firstname": "Davidd",
        "lastname": "Joee",
        "totalprice": 111,
        "depositpaid": false,
        "bookingdates": {
            "checkin": "2023-12-19",
            "checkout": "2023-12-23"
        },
        "additionalneeds": "Dinner"
    }
}
Generated booking id-------->>261
]]></system-out>
  </testcase>
  <testcase name="patchBooking" classname="api.test.RestfulBookerTest" time="2.09">
    <system-out><![CDATA[HTTP/1.1 200 OK
Server: Cowboy
Report-To: {"group":"heroku-nel","max_age":3600,"endpoints":[{"url":"https://nel.heroku.com/reports?ts=1702831360&sid=c46efe9b-d3d2-4a0c-8c76-bfafa16c5add&s=eD8Hb6uZHjv3ApBXufRsLxrfI4X8%2BmZ8K88hhgm6y3A%3D"}]}
Reporting-Endpoints: heroku-nel=https://nel.heroku.com/reports?ts=1702831360&sid=c46efe9b-d3d2-4a0c-8c76-bfafa16c5add&s=eD8Hb6uZHjv3ApBXufRsLxrfI4X8%2BmZ8K88hhgm6y3A%3D
Nel: {"report_to":"heroku-nel","max_age":3600,"success_fraction":0.005,"failure_fraction":0.05,"response_headers":["Via"]}
Connection: keep-alive
X-Powered-By: Express
Content-Type: application/json; charset=utf-8
Content-Length: 167
Etag: W/"a7-0FQsp32wmE+0hpCuhk98ODeZlXw"
Date: Sun, 17 Dec 2023 16:42:40 GMT
Via: 1.1 vegur

{
    "firstname": "Madan",
    "lastname": "Asis",
    "totalprice": 111,
    "depositpaid": false,
    "bookingdates": {
        "checkin": "2023-12-19",
        "checkout": "2023-12-23"
    },
    "additionalneeds": "Dinner"
}
]]></system-out>
  </testcase>
</testsuite>