<?xml version="1.0" encoding="UTF-8"?>
<testng-results ignored="0" total="2" passed="2" failed="0" skipped="0">
  <reporter-output>
  </reporter-output>
  <suite started-at="2023-12-20T22:45:49 IST" name="Default suite" finished-at="2023-12-20T22:45:54 IST" duration-ms="5715">
    <groups>
    </groups>
    <test started-at="2023-12-20T22:45:49 IST" name="Default test" finished-at="2023-12-20T22:45:54 IST" duration-ms="5715">
      <class name="api.test.RegressionTest">
        <test-method signature="testGetStatusCode()[pri:1, instance:api.test.RegressionTest@26794848]" started-at="2023-12-20T22:45:49 IST" name="testGetStatusCode" finished-at="2023-12-20T22:45:52 IST" duration-ms="3902" status="PASS">
          <reporter-output>
          </reporter-output>
        </test-method> <!-- testGetStatusCode -->
        <test-method signature="testJsonSchemaVerify()[pri:2, instance:api.test.RegressionTest@26794848]" started-at="2023-12-20T22:45:52 IST" name="testJsonSchemaVerify" finished-at="2023-12-20T22:45:54 IST" duration-ms="1776" status="PASS">
          <reporter-output>
          </reporter-output>
        </test-method> <!-- testJsonSchemaVerify -->
      </class> <!-- api.test.RegressionTest -->
    </test> <!-- Default test -->
  </suite> <!-- Default suite -->
</testng-results>
