<?xml version="1.0" encoding="UTF-8"?>
<testng-results ignored="0" total="8" passed="8" failed="0" skipped="0">
  <reporter-output>
  </reporter-output>
  <suite started-at="2023-12-17T22:09:14 IST" name="Suite" finished-at="2023-12-17T22:10:06 IST" duration-ms="52117">
    <groups>
    </groups>
    <test started-at="2023-12-17T22:09:14 IST" name="Test" finished-at="2023-12-17T22:10:06 IST" duration-ms="52117">
      <class name="api.test.BookTest">
        <test-method signature="test_createBook()[pri:0, instance:api.test.BookTest@1c1bbc4e]" started-at="2023-12-17T22:09:14 IST" name="test_createBook" finished-at="2023-12-17T22:09:18 IST" duration-ms="3602" status="PASS">
          <reporter-output>
          </reporter-output>
        </test-method> <!-- test_createBook -->
        <test-method signature="test_getAllBooks()[pri:0, instance:api.test.BookTest@1c1bbc4e]" started-at="2023-12-17T22:09:18 IST" name="test_getAllBooks" finished-at="2023-12-17T22:09:38 IST" duration-ms="19814" status="PASS">
          <reporter-output>
          </reporter-output>
        </test-method> <!-- test_getAllBooks -->
        <test-method signature="test_updateBook()[pri:0, instance:api.test.BookTest@1c1bbc4e]" started-at="2023-12-17T22:09:38 IST" name="test_updateBook" finished-at="2023-12-17T22:09:39 IST" duration-ms="929" status="PASS">
          <reporter-output>
          </reporter-output>
        </test-method> <!-- test_updateBook -->
      </class> <!-- api.test.BookTest -->
      <class name="api.test.RestfulBookerTest">
        <test-method signature="test_getBookingByIds()[pri:1, instance:api.test.RestfulBookerTest@752325ad]" started-at="2023-12-17T22:09:39 IST" name="test_getBookingByIds" finished-at="2023-12-17T22:09:56 IST" duration-ms="16919" status="PASS">
          <reporter-output>
          </reporter-output>
        </test-method> <!-- test_getBookingByIds -->
        <test-method signature="test_createToken()[pri:2, instance:api.test.RestfulBookerTest@752325ad]" started-at="2023-12-17T22:09:56 IST" name="test_createToken" finished-at="2023-12-17T22:09:59 IST" duration-ms="3362" status="PASS">
          <reporter-output>
          </reporter-output>
        </test-method> <!-- test_createToken -->
        <test-method signature="test_getBookingById()[pri:3, instance:api.test.RestfulBookerTest@752325ad]" started-at="2023-12-17T22:09:59 IST" name="test_getBookingById" finished-at="2023-12-17T22:10:01 IST" duration-ms="2390" status="PASS">
          <reporter-output>
          </reporter-output>
        </test-method> <!-- test_getBookingById -->
        <test-method signature="test_createBooking()[pri:4, instance:api.test.RestfulBookerTest@752325ad]" started-at="2023-12-17T22:10:01 IST" name="test_createBooking" finished-at="2023-12-17T22:10:04 IST" duration-ms="2888" status="PASS">
          <reporter-output>
          </reporter-output>
        </test-method> <!-- test_createBooking -->
        <test-method signature="patchBooking()[pri:5, instance:api.test.RestfulBookerTest@752325ad]" started-at="2023-12-17T22:10:04 IST" name="patchBooking" finished-at="2023-12-17T22:10:06 IST" duration-ms="1973" status="PASS">
          <reporter-output>
          </reporter-output>
        </test-method> <!-- patchBooking -->
      </class> <!-- api.test.RestfulBookerTest -->
    </test> <!-- Test -->
  </suite> <!-- Suite -->
</testng-results>
